mode: atomic
github.com/ShatteredRealms/go-backend/pkg/config/db.go:20.37,29.2 1 1
github.com/ShatteredRealms/go-backend/pkg/config/db.go:31.40,40.2 1 1
github.com/ShatteredRealms/go-backend/pkg/config/db.go:42.37,50.2 1 1
github.com/ShatteredRealms/go-backend/pkg/config/global.go:26.57,154.45 7 5
github.com/ShatteredRealms/go-backend/pkg/config/global.go:154.45,155.48 1 5
github.com/ShatteredRealms/go-backend/pkg/config/global.go:155.48,157.4 1 0
github.com/ShatteredRealms/go-backend/pkg/config/global.go:161.2,164.49 2 5
github.com/ShatteredRealms/go-backend/pkg/config/global.go:164.49,166.3 1 0
github.com/ShatteredRealms/go-backend/pkg/config/global.go:168.2,168.15 1 5
github.com/ShatteredRealms/go-backend/pkg/config/server.go:48.42,50.2 1 2
github.com/ShatteredRealms/go-backend/pkg/helpers/auth.go:14.79,16.2 1 1
github.com/ShatteredRealms/go-backend/pkg/helpers/auth.go:18.85,26.2 2 3
github.com/ShatteredRealms/go-backend/pkg/helpers/auth.go:28.59,33.2 1 1
github.com/ShatteredRealms/go-backend/pkg/helpers/character.go:16.17,17.19 1 5
github.com/ShatteredRealms/go-backend/pkg/helpers/character.go:17.19,19.3 1 1
github.com/ShatteredRealms/go-backend/pkg/helpers/character.go:21.2,22.33 2 4
github.com/ShatteredRealms/go-backend/pkg/helpers/character.go:23.32,25.17 2 2
github.com/ShatteredRealms/go-backend/pkg/helpers/character.go:25.17,27.4 1 1
github.com/ShatteredRealms/go-backend/pkg/helpers/character.go:28.3,28.42 1 1
github.com/ShatteredRealms/go-backend/pkg/helpers/character.go:30.30,31.33 1 1
github.com/ShatteredRealms/go-backend/pkg/helpers/character.go:33.10,35.35 2 1
github.com/ShatteredRealms/go-backend/pkg/helpers/character.go:38.2,38.31 1 2
github.com/ShatteredRealms/go-backend/pkg/helpers/character.go:45.19,46.19 1 5
github.com/ShatteredRealms/go-backend/pkg/helpers/character.go:46.19,48.3 1 1
github.com/ShatteredRealms/go-backend/pkg/helpers/character.go:50.2,51.33 2 4
github.com/ShatteredRealms/go-backend/pkg/helpers/character.go:52.32,53.31 1 1
github.com/ShatteredRealms/go-backend/pkg/helpers/character.go:55.30,57.17 2 2
github.com/ShatteredRealms/go-backend/pkg/helpers/character.go:57.17,59.4 1 1
github.com/ShatteredRealms/go-backend/pkg/helpers/character.go:60.3,60.40 1 1
github.com/ShatteredRealms/go-backend/pkg/helpers/character.go:62.10,64.36 2 1
github.com/ShatteredRealms/go-backend/pkg/helpers/character.go:67.2,67.33 1 2
github.com/ShatteredRealms/go-backend/pkg/helpers/config.go:10.40,14.55 3 6
github.com/ShatteredRealms/go-backend/pkg/helpers/config.go:14.55,16.3 1 3
github.com/ShatteredRealms/go-backend/pkg/helpers/config.go:18.2,18.38 1 6
github.com/ShatteredRealms/go-backend/pkg/helpers/config.go:18.38,22.22 4 18
github.com/ShatteredRealms/go-backend/pkg/helpers/config.go:22.22,24.4 1 6
github.com/ShatteredRealms/go-backend/pkg/helpers/config.go:25.3,25.40 1 18
github.com/ShatteredRealms/go-backend/pkg/helpers/config.go:29.56,30.34 1 30
github.com/ShatteredRealms/go-backend/pkg/helpers/config.go:30.34,34.3 3 18
github.com/ShatteredRealms/go-backend/pkg/helpers/config.go:36.2,36.38 1 12
github.com/ShatteredRealms/go-backend/pkg/helpers/config.go:36.38,40.16 4 12
github.com/ShatteredRealms/go-backend/pkg/helpers/config.go:40.16,42.4 1 12
github.com/ShatteredRealms/go-backend/pkg/helpers/config.go:43.3,43.22 1 12
github.com/ShatteredRealms/go-backend/pkg/helpers/config.go:43.22,45.4 1 0
github.com/ShatteredRealms/go-backend/pkg/helpers/config.go:45.9,45.23 1 12
github.com/ShatteredRealms/go-backend/pkg/helpers/config.go:45.23,47.4 1 6
github.com/ShatteredRealms/go-backend/pkg/helpers/config.go:49.3,49.54 1 12
github.com/ShatteredRealms/go-backend/pkg/helpers/conversions.go:3.48,5.28 2 1
github.com/ShatteredRealms/go-backend/pkg/helpers/conversions.go:5.28,7.3 1 78
github.com/ShatteredRealms/go-backend/pkg/helpers/conversions.go:9.2,9.13 1 1
github.com/ShatteredRealms/go-backend/pkg/helpers/errors.go:8.63,9.16 1 4
github.com/ShatteredRealms/go-backend/pkg/helpers/errors.go:9.16,11.3 1 0
github.com/ShatteredRealms/go-backend/pkg/helpers/grpc.go:13.87,14.86 1 4
github.com/ShatteredRealms/go-backend/pkg/helpers/grpc.go:14.86,16.94 1 4
github.com/ShatteredRealms/go-backend/pkg/helpers/grpc.go:16.94,18.4 1 1
github.com/ShatteredRealms/go-backend/pkg/helpers/grpc.go:18.9,23.29 4 3
github.com/ShatteredRealms/go-backend/pkg/helpers/grpc.go:23.29,25.5 1 1
github.com/ShatteredRealms/go-backend/pkg/helpers/grpc.go:27.4,27.32 1 2
github.com/ShatteredRealms/go-backend/pkg/helpers/grpc.go:37.16,47.12 5 0
github.com/ShatteredRealms/go-backend/pkg/helpers/grpc.go:47.12,50.3 2 0
github.com/ShatteredRealms/go-backend/pkg/helpers/grpc.go:52.2,52.15 1 0
github.com/ShatteredRealms/go-backend/pkg/helpers/logging.go:13.38,27.2 4 1
github.com/ShatteredRealms/go-backend/pkg/helpers/srv.go:32.52,38.25 1 2
github.com/ShatteredRealms/go-backend/pkg/helpers/srv.go:38.25,41.3 2 1
github.com/ShatteredRealms/go-backend/pkg/helpers/srv.go:43.54,49.10 1 2
github.com/ShatteredRealms/go-backend/pkg/helpers/srv.go:49.10,52.3 2 1
github.com/ShatteredRealms/go-backend/pkg/helpers/srv.go:55.39,61.2 1 2
github.com/ShatteredRealms/go-backend/pkg/helpers/srv.go:63.67,65.2 1 1
github.com/ShatteredRealms/go-backend/pkg/helpers/srv.go:67.61,78.2 1 1
github.com/ShatteredRealms/go-backend/pkg/helpers/srv.go:80.56,81.16 1 12
github.com/ShatteredRealms/go-backend/pkg/helpers/srv.go:81.16,83.3 1 1
github.com/ShatteredRealms/go-backend/pkg/helpers/srv.go:85.2,86.15 2 11
github.com/ShatteredRealms/go-backend/pkg/helpers/srv.go:86.15,88.3 1 3
github.com/ShatteredRealms/go-backend/pkg/helpers/srv.go:90.2,90.50 1 8
github.com/ShatteredRealms/go-backend/pkg/helpers/srv.go:90.50,92.3 1 1
github.com/ShatteredRealms/go-backend/pkg/helpers/srv.go:94.2,94.44 1 7
github.com/ShatteredRealms/go-backend/pkg/helpers/srv.go:97.67,98.16 1 5
github.com/ShatteredRealms/go-backend/pkg/helpers/srv.go:98.16,100.3 1 1
github.com/ShatteredRealms/go-backend/pkg/helpers/srv.go:102.2,103.16 2 4
github.com/ShatteredRealms/go-backend/pkg/helpers/srv.go:103.16,105.3 1 1
github.com/ShatteredRealms/go-backend/pkg/helpers/srv.go:107.2,108.16 2 3
github.com/ShatteredRealms/go-backend/pkg/helpers/srv.go:108.16,111.3 2 2
github.com/ShatteredRealms/go-backend/pkg/helpers/srv.go:113.2,114.20 2 1
github.com/ShatteredRealms/go-backend/pkg/helpers/srv.go:117.121,118.16 1 7
github.com/ShatteredRealms/go-backend/pkg/helpers/srv.go:118.16,120.3 1 2
github.com/ShatteredRealms/go-backend/pkg/helpers/srv.go:122.2,122.19 1 5
github.com/ShatteredRealms/go-backend/pkg/helpers/srv.go:122.19,124.3 1 1
github.com/ShatteredRealms/go-backend/pkg/helpers/srv.go:126.2,127.16 2 4
github.com/ShatteredRealms/go-backend/pkg/helpers/srv.go:127.16,129.3 1 1
github.com/ShatteredRealms/go-backend/pkg/helpers/srv.go:131.2,139.16 3 3
github.com/ShatteredRealms/go-backend/pkg/helpers/srv.go:139.16,142.3 2 1
github.com/ShatteredRealms/go-backend/pkg/helpers/srv.go:144.2,144.18 1 2
github.com/ShatteredRealms/go-backend/pkg/helpers/srv.go:144.18,146.3 1 1
github.com/ShatteredRealms/go-backend/pkg/helpers/srv.go:148.2,148.28 1 1
github.com/ShatteredRealms/go-backend/pkg/helpers/uuid.go:9.59,11.39 2 3
github.com/ShatteredRealms/go-backend/pkg/helpers/uuid.go:11.39,13.17 2 53
github.com/ShatteredRealms/go-backend/pkg/helpers/uuid.go:13.17,15.4 1 2
github.com/ShatteredRealms/go-backend/pkg/helpers/uuid.go:16.3,16.17 1 51
github.com/ShatteredRealms/go-backend/pkg/helpers/uuid.go:19.2,19.17 1 1
github.com/ShatteredRealms/go-backend/pkg/model/character.go:49.38,50.43 1 10
github.com/ShatteredRealms/go-backend/pkg/model/character.go:50.43,52.3 1 1
github.com/ShatteredRealms/go-backend/pkg/model/character.go:54.2,54.42 1 9
github.com/ShatteredRealms/go-backend/pkg/model/character.go:54.42,56.3 1 1
github.com/ShatteredRealms/go-backend/pkg/model/character.go:58.2,58.25 1 8
github.com/ShatteredRealms/go-backend/pkg/model/character.go:61.42,62.42 1 8
github.com/ShatteredRealms/go-backend/pkg/model/character.go:62.42,64.3 1 1
github.com/ShatteredRealms/go-backend/pkg/model/character.go:66.2,66.42 1 7
github.com/ShatteredRealms/go-backend/pkg/model/character.go:66.42,68.3 1 1
github.com/ShatteredRealms/go-backend/pkg/model/character.go:70.2,70.45 1 6
github.com/ShatteredRealms/go-backend/pkg/model/character.go:70.45,72.3 1 4
github.com/ShatteredRealms/go-backend/pkg/model/character.go:74.2,74.30 1 2
github.com/ShatteredRealms/go-backend/pkg/model/character.go:74.30,76.3 1 1
github.com/ShatteredRealms/go-backend/pkg/model/character.go:78.2,78.12 1 1
github.com/ShatteredRealms/go-backend/pkg/model/character.go:81.44,83.24 1 10
github.com/ShatteredRealms/go-backend/pkg/model/character.go:83.24,85.3 1 9
github.com/ShatteredRealms/go-backend/pkg/model/character.go:87.2,87.25 1 1
github.com/ShatteredRealms/go-backend/pkg/model/character.go:90.43,92.23 1 9
github.com/ShatteredRealms/go-backend/pkg/model/character.go:92.23,94.3 1 8
github.com/ShatteredRealms/go-backend/pkg/model/character.go:96.2,96.24 1 1
github.com/ShatteredRealms/go-backend/pkg/model/character.go:99.49,109.2 1 11
github.com/ShatteredRealms/go-backend/pkg/model/character.go:111.50,113.32 2 1
github.com/ShatteredRealms/go-backend/pkg/model/character.go:113.32,115.3 1 10
github.com/ShatteredRealms/go-backend/pkg/model/character.go:117.2,117.13 1 1
github.com/ShatteredRealms/go-backend/pkg/model/chat.go:21.46,27.2 1 11
github.com/ShatteredRealms/go-backend/pkg/model/chat.go:29.47,31.30 2 1
github.com/ShatteredRealms/go-backend/pkg/model/chat.go:31.30,33.3 1 10
github.com/ShatteredRealms/go-backend/pkg/model/chat.go:35.2,35.13 1 1
github.com/ShatteredRealms/go-backend/pkg/model/claims.go:30.78,31.52 1 3
github.com/ShatteredRealms/go-backend/pkg/model/claims.go:31.52,32.44 1 2
github.com/ShatteredRealms/go-backend/pkg/model/claims.go:32.44,33.31 1 4
github.com/ShatteredRealms/go-backend/pkg/model/claims.go:33.31,35.5 1 1
github.com/ShatteredRealms/go-backend/pkg/model/claims.go:39.2,39.14 1 2
github.com/ShatteredRealms/go-backend/pkg/model/claims.go:42.53,43.47 1 2
github.com/ShatteredRealms/go-backend/pkg/model/claims.go:43.47,44.30 1 4
github.com/ShatteredRealms/go-backend/pkg/model/claims.go:44.30,46.4 1 1
github.com/ShatteredRealms/go-backend/pkg/model/claims.go:49.2,49.14 1 1
github.com/ShatteredRealms/go-backend/pkg/model/dimension.go:36.46,37.46 1 2
github.com/ShatteredRealms/go-backend/pkg/model/dimension.go:37.46,39.3 1 1
github.com/ShatteredRealms/go-backend/pkg/model/dimension.go:41.2,41.33 1 1
github.com/ShatteredRealms/go-backend/pkg/model/dimension.go:44.50,45.50 1 3
github.com/ShatteredRealms/go-backend/pkg/model/dimension.go:45.50,47.3 1 1
github.com/ShatteredRealms/go-backend/pkg/model/dimension.go:49.2,49.50 1 2
github.com/ShatteredRealms/go-backend/pkg/model/dimension.go:49.50,51.3 1 1
github.com/ShatteredRealms/go-backend/pkg/model/dimension.go:53.2,53.12 1 1
github.com/ShatteredRealms/go-backend/pkg/model/dimension.go:56.50,58.37 2 11
github.com/ShatteredRealms/go-backend/pkg/model/dimension.go:58.37,60.3 1 11
github.com/ShatteredRealms/go-backend/pkg/model/dimension.go:62.2,68.3 1 11
github.com/ShatteredRealms/go-backend/pkg/model/dimension.go:71.52,73.33 2 1
github.com/ShatteredRealms/go-backend/pkg/model/dimension.go:73.33,75.3 1 10
github.com/ShatteredRealms/go-backend/pkg/model/dimension.go:77.2,79.3 1 1
github.com/ShatteredRealms/go-backend/pkg/model/dimension.go:82.51,84.29 2 2
github.com/ShatteredRealms/go-backend/pkg/model/dimension.go:84.29,86.3 1 1
github.com/ShatteredRealms/go-backend/pkg/model/dimension.go:88.2,88.89 1 2
github.com/ShatteredRealms/go-backend/pkg/model/inventory.go:19.53,25.2 1 15
github.com/ShatteredRealms/go-backend/pkg/model/inventory.go:27.56,29.31 2 3
github.com/ShatteredRealms/go-backend/pkg/model/inventory.go:29.31,31.3 1 12
github.com/ShatteredRealms/go-backend/pkg/model/inventory.go:33.2,33.12 1 3
github.com/ShatteredRealms/go-backend/pkg/model/inventory.go:36.59,41.2 1 1
github.com/ShatteredRealms/go-backend/pkg/model/inventory.go:43.65,49.2 1 11
github.com/ShatteredRealms/go-backend/pkg/model/inventory.go:51.69,53.31 2 1
github.com/ShatteredRealms/go-backend/pkg/model/inventory.go:53.31,55.3 1 10
github.com/ShatteredRealms/go-backend/pkg/model/inventory.go:57.2,57.12 1 1
github.com/ShatteredRealms/go-backend/pkg/model/location.go:15.39,25.2 1 12
github.com/ShatteredRealms/go-backend/pkg/model/location.go:27.54,37.2 1 1
github.com/ShatteredRealms/go-backend/pkg/model/map.go:16.30,24.2 1 33
github.com/ShatteredRealms/go-backend/pkg/model/map.go:26.35,28.27 2 12
github.com/ShatteredRealms/go-backend/pkg/model/map.go:28.27,30.3 1 21
github.com/ShatteredRealms/go-backend/pkg/model/map.go:32.2,32.12 1 12
github.com/ShatteredRealms/go-backend/pkg/model/model.go:17.34,19.2 1 2
github.com/ShatteredRealms/go-backend/pkg/repository/cacher.go:13.31,14.20 1 0
github.com/ShatteredRealms/go-backend/pkg/repository/cacher.go:14.20,16.3 1 0
github.com/ShatteredRealms/go-backend/pkg/repository/cacher.go:19.111,22.9 3 0
github.com/ShatteredRealms/go-backend/pkg/repository/cacher.go:22.9,24.3 1 0
github.com/ShatteredRealms/go-backend/pkg/repository/cacher.go:26.2,26.50 1 0
github.com/ShatteredRealms/go-backend/pkg/repository/cacher.go:26.50,28.3 1 0
github.com/ShatteredRealms/go-backend/pkg/repository/cacher.go:30.2,30.15 1 0
github.com/ShatteredRealms/go-backend/pkg/repository/cacher.go:33.93,36.16 3 0
github.com/ShatteredRealms/go-backend/pkg/repository/cacher.go:36.16,38.3 1 0
github.com/ShatteredRealms/go-backend/pkg/repository/cacher.go:40.2,41.12 2 0
github.com/ShatteredRealms/go-backend/pkg/repository/cacher.go:44.62,47.2 2 0
github.com/ShatteredRealms/go-backend/pkg/repository/character_r.go:32.62,36.2 1 1
github.com/ShatteredRealms/go-backend/pkg/repository/character_r.go:38.101,41.25 3 4
github.com/ShatteredRealms/go-backend/pkg/repository/character_r.go:41.25,44.3 2 0
github.com/ShatteredRealms/go-backend/pkg/repository/character_r.go:46.2,46.30 1 4
github.com/ShatteredRealms/go-backend/pkg/repository/character_r.go:46.30,49.3 2 3
github.com/ShatteredRealms/go-backend/pkg/repository/character_r.go:51.2,52.23 2 1
github.com/ShatteredRealms/go-backend/pkg/repository/character_r.go:55.112,60.16 3 14
github.com/ShatteredRealms/go-backend/pkg/repository/character_r.go:60.16,63.3 2 1
github.com/ShatteredRealms/go-backend/pkg/repository/character_r.go:65.2,65.23 1 13
github.com/ShatteredRealms/go-backend/pkg/repository/character_r.go:68.110,70.16 2 2
github.com/ShatteredRealms/go-backend/pkg/repository/character_r.go:70.16,72.3 1 1
github.com/ShatteredRealms/go-backend/pkg/repository/character_r.go:74.2,74.23 1 1
github.com/ShatteredRealms/go-backend/pkg/repository/character_r.go:77.92,78.22 1 4
github.com/ShatteredRealms/go-backend/pkg/repository/character_r.go:78.22,80.3 1 2
github.com/ShatteredRealms/go-backend/pkg/repository/character_r.go:81.2,81.85 1 2
github.com/ShatteredRealms/go-backend/pkg/repository/character_r.go:84.95,87.25 3 8
github.com/ShatteredRealms/go-backend/pkg/repository/character_r.go:87.25,89.3 1 1
github.com/ShatteredRealms/go-backend/pkg/repository/character_r.go:91.2,91.30 1 7
github.com/ShatteredRealms/go-backend/pkg/repository/character_r.go:91.30,93.3 1 4
github.com/ShatteredRealms/go-backend/pkg/repository/character_r.go:95.2,95.23 1 3
github.com/ShatteredRealms/go-backend/pkg/repository/character_r.go:98.87,101.2 2 4
github.com/ShatteredRealms/go-backend/pkg/repository/character_r.go:103.106,106.2 2 4
github.com/ShatteredRealms/go-backend/pkg/repository/character_r.go:108.72,109.16 1 2
github.com/ShatteredRealms/go-backend/pkg/repository/character_r.go:109.16,111.3 1 1
github.com/ShatteredRealms/go-backend/pkg/repository/character_r.go:113.2,114.10 2 1
github.com/ShatteredRealms/go-backend/pkg/repository/character_r.go:117.65,119.2 1 1
github.com/ShatteredRealms/go-backend/pkg/repository/chat_r.go:29.135,30.13 1 4
github.com/ShatteredRealms/go-backend/pkg/repository/chat_r.go:30.13,32.33 2 2
github.com/ShatteredRealms/go-backend/pkg/repository/chat_r.go:32.33,36.25 1 4
github.com/ShatteredRealms/go-backend/pkg/repository/chat_r.go:36.25,39.5 2 1
github.com/ShatteredRealms/go-backend/pkg/repository/chat_r.go:42.3,43.13 2 1
github.com/ShatteredRealms/go-backend/pkg/repository/chat_r.go:46.2,46.123 1 2
github.com/ShatteredRealms/go-backend/pkg/repository/chat_r.go:49.123,57.2 3 4
github.com/ShatteredRealms/go-backend/pkg/repository/chat_r.go:59.116,61.2 1 1
github.com/ShatteredRealms/go-backend/pkg/repository/chat_r.go:63.86,67.2 3 2
github.com/ShatteredRealms/go-backend/pkg/repository/chat_r.go:69.116,71.2 1 17
github.com/ShatteredRealms/go-backend/pkg/repository/chat_r.go:73.94,75.2 1 6
github.com/ShatteredRealms/go-backend/pkg/repository/chat_r.go:77.98,79.2 1 3
github.com/ShatteredRealms/go-backend/pkg/repository/chat_r.go:81.60,83.2 1 1
github.com/ShatteredRealms/go-backend/pkg/repository/chat_r.go:85.99,88.25 3 10
github.com/ShatteredRealms/go-backend/pkg/repository/chat_r.go:88.25,90.3 1 1
github.com/ShatteredRealms/go-backend/pkg/repository/chat_r.go:92.2,92.30 1 9
github.com/ShatteredRealms/go-backend/pkg/repository/chat_r.go:92.30,94.3 1 8
github.com/ShatteredRealms/go-backend/pkg/repository/chat_r.go:96.2,96.21 1 1
github.com/ShatteredRealms/go-backend/pkg/repository/chat_r.go:99.107,102.25 3 3
github.com/ShatteredRealms/go-backend/pkg/repository/chat_r.go:102.25,104.3 1 0
github.com/ShatteredRealms/go-backend/pkg/repository/chat_r.go:106.2,106.30 1 3
github.com/ShatteredRealms/go-backend/pkg/repository/chat_r.go:106.30,108.3 1 1
github.com/ShatteredRealms/go-backend/pkg/repository/chat_r.go:110.2,110.21 1 2
github.com/ShatteredRealms/go-backend/pkg/repository/chat_r.go:113.52,115.2 1 1
github.com/ShatteredRealms/go-backend/pkg/repository/db.go:19.60,21.16 2 0
github.com/ShatteredRealms/go-backend/pkg/repository/db.go:21.16,23.3 1 0
github.com/ShatteredRealms/go-backend/pkg/repository/db.go:24.2,33.16 6 0
github.com/ShatteredRealms/go-backend/pkg/repository/db.go:33.16,35.3 1 0
github.com/ShatteredRealms/go-backend/pkg/repository/db.go:37.2,37.26 1 0
github.com/ShatteredRealms/go-backend/pkg/repository/db.go:37.26,39.37 2 0
github.com/ShatteredRealms/go-backend/pkg/repository/db.go:39.37,41.4 1 0
github.com/ShatteredRealms/go-backend/pkg/repository/db.go:43.3,46.6 1 0
github.com/ShatteredRealms/go-backend/pkg/repository/db.go:49.2,49.90 1 0
github.com/ShatteredRealms/go-backend/pkg/repository/db.go:49.90,51.3 1 0
github.com/ShatteredRealms/go-backend/pkg/repository/db.go:53.2,53.16 1 0
github.com/ShatteredRealms/go-backend/pkg/repository/db.go:56.57,58.16 2 0
github.com/ShatteredRealms/go-backend/pkg/repository/db.go:58.16,60.3 1 0
github.com/ShatteredRealms/go-backend/pkg/repository/db.go:62.2,64.16 3 0
github.com/ShatteredRealms/go-backend/pkg/repository/db.go:64.16,66.3 1 0
github.com/ShatteredRealms/go-backend/pkg/repository/db.go:68.2,68.22 1 0
github.com/ShatteredRealms/go-backend/pkg/repository/gamebackend_r.go:69.66,73.2 1 1
github.com/ShatteredRealms/go-backend/pkg/repository/gamebackend_r.go:80.37,81.21 1 28
github.com/ShatteredRealms/go-backend/pkg/repository/gamebackend_r.go:81.21,83.3 1 1
github.com/ShatteredRealms/go-backend/pkg/repository/gamebackend_r.go:85.2,90.16 3 27
github.com/ShatteredRealms/go-backend/pkg/repository/gamebackend_r.go:90.16,92.3 1 0
github.com/ShatteredRealms/go-backend/pkg/repository/gamebackend_r.go:94.2,94.16 1 27
github.com/ShatteredRealms/go-backend/pkg/repository/gamebackend_r.go:98.99,99.15 1 2
github.com/ShatteredRealms/go-backend/pkg/repository/gamebackend_r.go:99.15,101.3 1 1
github.com/ShatteredRealms/go-backend/pkg/repository/gamebackend_r.go:103.2,103.75 1 1
github.com/ShatteredRealms/go-backend/pkg/repository/gamebackend_r.go:107.116,108.15 1 6
github.com/ShatteredRealms/go-backend/pkg/repository/gamebackend_r.go:108.15,110.3 1 1
github.com/ShatteredRealms/go-backend/pkg/repository/gamebackend_r.go:112.2,114.25 3 5
github.com/ShatteredRealms/go-backend/pkg/repository/gamebackend_r.go:114.25,117.3 2 0
github.com/ShatteredRealms/go-backend/pkg/repository/gamebackend_r.go:119.2,119.30 1 5
github.com/ShatteredRealms/go-backend/pkg/repository/gamebackend_r.go:119.30,122.3 2 1
github.com/ShatteredRealms/go-backend/pkg/repository/gamebackend_r.go:124.2,125.26 2 4
github.com/ShatteredRealms/go-backend/pkg/repository/gamebackend_r.go:135.29,137.16 2 28
github.com/ShatteredRealms/go-backend/pkg/repository/gamebackend_r.go:137.16,139.3 1 0
github.com/ShatteredRealms/go-backend/pkg/repository/gamebackend_r.go:141.2,148.100 2 28
github.com/ShatteredRealms/go-backend/pkg/repository/gamebackend_r.go:148.100,150.3 1 0
github.com/ShatteredRealms/go-backend/pkg/repository/gamebackend_r.go:152.2,152.23 1 28
github.com/ShatteredRealms/go-backend/pkg/repository/gamebackend_r.go:162.23,170.68 2 28
github.com/ShatteredRealms/go-backend/pkg/repository/gamebackend_r.go:170.68,172.3 1 1
github.com/ShatteredRealms/go-backend/pkg/repository/gamebackend_r.go:174.2,174.20 1 27
github.com/ShatteredRealms/go-backend/pkg/repository/gamebackend_r.go:178.95,180.2 1 3
github.com/ShatteredRealms/go-backend/pkg/repository/gamebackend_r.go:183.95,185.2 1 2
github.com/ShatteredRealms/go-backend/pkg/repository/gamebackend_r.go:188.89,190.2 1 2
github.com/ShatteredRealms/go-backend/pkg/repository/gamebackend_r.go:193.89,195.2 1 2
github.com/ShatteredRealms/go-backend/pkg/repository/gamebackend_r.go:202.29,204.16 2 2
github.com/ShatteredRealms/go-backend/pkg/repository/gamebackend_r.go:204.16,206.3 1 0
github.com/ShatteredRealms/go-backend/pkg/repository/gamebackend_r.go:208.2,208.22 1 2
github.com/ShatteredRealms/go-backend/pkg/repository/gamebackend_r.go:208.22,210.3 1 1
github.com/ShatteredRealms/go-backend/pkg/repository/gamebackend_r.go:212.2,214.99 3 1
github.com/ShatteredRealms/go-backend/pkg/repository/gamebackend_r.go:214.99,216.3 1 0
github.com/ShatteredRealms/go-backend/pkg/repository/gamebackend_r.go:218.2,218.23 1 1
github.com/ShatteredRealms/go-backend/pkg/repository/gamebackend_r.go:225.29,226.22 1 2
github.com/ShatteredRealms/go-backend/pkg/repository/gamebackend_r.go:226.22,228.3 1 1
github.com/ShatteredRealms/go-backend/pkg/repository/gamebackend_r.go:229.2,231.16 3 1
github.com/ShatteredRealms/go-backend/pkg/repository/gamebackend_r.go:231.16,233.3 1 0
github.com/ShatteredRealms/go-backend/pkg/repository/gamebackend_r.go:235.2,236.16 2 1
github.com/ShatteredRealms/go-backend/pkg/repository/gamebackend_r.go:236.16,238.3 1 0
github.com/ShatteredRealms/go-backend/pkg/repository/gamebackend_r.go:240.2,240.23 1 1
github.com/ShatteredRealms/go-backend/pkg/repository/gamebackend_r.go:244.96,246.16 2 2
github.com/ShatteredRealms/go-backend/pkg/repository/gamebackend_r.go:246.16,248.3 1 1
github.com/ShatteredRealms/go-backend/pkg/repository/gamebackend_r.go:250.2,250.15 1 1
github.com/ShatteredRealms/go-backend/pkg/repository/gamebackend_r.go:254.98,257.2 2 1
github.com/ShatteredRealms/go-backend/pkg/repository/gamebackend_r.go:260.86,263.2 2 1
github.com/ShatteredRealms/go-backend/pkg/repository/gamebackend_r.go:266.113,269.25 3 2
github.com/ShatteredRealms/go-backend/pkg/repository/gamebackend_r.go:269.25,271.3 1 0
github.com/ShatteredRealms/go-backend/pkg/repository/gamebackend_r.go:273.2,273.30 1 2
github.com/ShatteredRealms/go-backend/pkg/repository/gamebackend_r.go:273.30,275.3 1 1
github.com/ShatteredRealms/go-backend/pkg/repository/gamebackend_r.go:277.2,277.23 1 1
github.com/ShatteredRealms/go-backend/pkg/repository/gamebackend_r.go:281.113,284.25 3 6
github.com/ShatteredRealms/go-backend/pkg/repository/gamebackend_r.go:284.25,286.3 1 0
github.com/ShatteredRealms/go-backend/pkg/repository/gamebackend_r.go:288.2,288.30 1 6
github.com/ShatteredRealms/go-backend/pkg/repository/gamebackend_r.go:288.30,290.3 1 3
github.com/ShatteredRealms/go-backend/pkg/repository/gamebackend_r.go:292.2,292.23 1 3
github.com/ShatteredRealms/go-backend/pkg/repository/gamebackend_r.go:296.101,297.15 1 3
github.com/ShatteredRealms/go-backend/pkg/repository/gamebackend_r.go:297.15,299.3 1 1
github.com/ShatteredRealms/go-backend/pkg/repository/gamebackend_r.go:300.2,302.25 3 2
github.com/ShatteredRealms/go-backend/pkg/repository/gamebackend_r.go:302.25,304.3 1 0
github.com/ShatteredRealms/go-backend/pkg/repository/gamebackend_r.go:306.2,306.30 1 2
github.com/ShatteredRealms/go-backend/pkg/repository/gamebackend_r.go:306.30,308.3 1 1
github.com/ShatteredRealms/go-backend/pkg/repository/gamebackend_r.go:310.2,310.15 1 1
github.com/ShatteredRealms/go-backend/pkg/repository/gamebackend_r.go:314.101,317.25 3 3
github.com/ShatteredRealms/go-backend/pkg/repository/gamebackend_r.go:317.25,319.3 1 0
github.com/ShatteredRealms/go-backend/pkg/repository/gamebackend_r.go:321.2,321.30 1 3
github.com/ShatteredRealms/go-backend/pkg/repository/gamebackend_r.go:321.30,323.3 1 2
github.com/ShatteredRealms/go-backend/pkg/repository/gamebackend_r.go:325.2,325.15 1 1
github.com/ShatteredRealms/go-backend/pkg/repository/gamebackend_r.go:329.118,332.2 2 3
github.com/ShatteredRealms/go-backend/pkg/repository/gamebackend_r.go:335.118,338.2 2 3
github.com/ShatteredRealms/go-backend/pkg/repository/gamebackend_r.go:341.106,344.2 2 28
github.com/ShatteredRealms/go-backend/pkg/repository/gamebackend_r.go:347.106,350.2 2 3
github.com/ShatteredRealms/go-backend/pkg/repository/gamebackend_r.go:353.123,364.2 2 3
github.com/ShatteredRealms/go-backend/pkg/repository/gamebackend_r.go:367.77,368.16 1 2
github.com/ShatteredRealms/go-backend/pkg/repository/gamebackend_r.go:368.16,370.3 1 1
github.com/ShatteredRealms/go-backend/pkg/repository/gamebackend_r.go:372.2,373.10 2 1
github.com/ShatteredRealms/go-backend/pkg/repository/gamebackend_r.go:377.68,383.2 1 1
github.com/ShatteredRealms/go-backend/pkg/repository/inventory_r.go:21.69,25.2 1 1
github.com/ShatteredRealms/go-backend/pkg/repository/inventory_r.go:28.132,30.16 2 6
github.com/ShatteredRealms/go-backend/pkg/repository/inventory_r.go:30.16,32.3 1 2
github.com/ShatteredRealms/go-backend/pkg/repository/inventory_r.go:34.2,34.23 1 4
github.com/ShatteredRealms/go-backend/pkg/repository/inventory_r.go:38.111,41.2 2 5
github.com/ShatteredRealms/go-backend/pkg/repository/inventory_r.go:43.71,45.2 1 11
github.com/ShatteredRealms/go-backend/pkg/repository/kafka.go:21.70,22.24 1 1
github.com/ShatteredRealms/go-backend/pkg/repository/kafka.go:22.24,24.3 1 0
github.com/ShatteredRealms/go-backend/pkg/repository/kafka.go:25.2,25.27 1 1
github.com/ShatteredRealms/go-backend/pkg/repository/kafka.go:25.27,27.3 1 0
github.com/ShatteredRealms/go-backend/pkg/repository/kafka.go:28.2,30.27 2 1
github.com/ShatteredRealms/go-backend/pkg/repository/kafka.go:30.27,33.3 2 1
github.com/ShatteredRealms/go-backend/pkg/repository/kafka.go:34.2,34.16 1 1
github.com/ShatteredRealms/go-backend/pkg/repository/kafka.go:34.16,36.3 1 0
github.com/ShatteredRealms/go-backend/pkg/repository/kafka.go:38.2,39.16 2 1
github.com/ShatteredRealms/go-backend/pkg/repository/kafka.go:39.16,40.29 1 1
github.com/ShatteredRealms/go-backend/pkg/repository/kafka.go:40.29,42.4 1 1
github.com/ShatteredRealms/go-backend/pkg/repository/kafka.go:43.3,43.48 1 0
github.com/ShatteredRealms/go-backend/pkg/repository/kafka.go:46.2,46.27 1 0
github.com/ShatteredRealms/go-backend/pkg/repository/kafka.go:46.27,49.3 2 0
github.com/ShatteredRealms/go-backend/pkg/repository/kafka.go:50.2,50.16 1 0
github.com/ShatteredRealms/go-backend/pkg/repository/kafka.go:50.16,52.3 1 0
github.com/ShatteredRealms/go-backend/pkg/repository/kafka.go:54.2,54.28 1 0
github.com/ShatteredRealms/go-backend/pkg/repository/kafka.go:57.35,61.46 4 1
github.com/ShatteredRealms/go-backend/pkg/repository/kafka.go:61.46,62.39 1 0
github.com/ShatteredRealms/go-backend/pkg/repository/kafka.go:62.39,64.4 1 0
github.com/ShatteredRealms/go-backend/pkg/repository/kafka.go:66.3,66.13 1 0
github.com/ShatteredRealms/go-backend/pkg/repository/kafka.go:69.2,69.12 1 1
github.com/ShatteredRealms/go-backend/pkg/service/character_s.go:32.98,34.2 1 3
github.com/ShatteredRealms/go-backend/pkg/service/character_s.go:39.29,42.16 2 18
github.com/ShatteredRealms/go-backend/pkg/service/character_s.go:42.16,44.3 1 1
github.com/ShatteredRealms/go-backend/pkg/service/character_s.go:46.2,48.8 1 17
github.com/ShatteredRealms/go-backend/pkg/service/character_s.go:51.139,60.45 2 2
github.com/ShatteredRealms/go-backend/pkg/service/character_s.go:60.45,62.3 1 1
github.com/ShatteredRealms/go-backend/pkg/service/character_s.go:64.2,64.39 1 1
github.com/ShatteredRealms/go-backend/pkg/service/character_s.go:67.92,69.2 1 8
github.com/ShatteredRealms/go-backend/pkg/service/character_s.go:71.115,75.48 3 5
github.com/ShatteredRealms/go-backend/pkg/service/character_s.go:76.30,77.59 1 2
github.com/ShatteredRealms/go-backend/pkg/service/character_s.go:78.32,79.57 1 2
github.com/ShatteredRealms/go-backend/pkg/service/character_s.go:80.10,82.37 2 1
github.com/ShatteredRealms/go-backend/pkg/service/character_s.go:85.2,85.16 1 4
github.com/ShatteredRealms/go-backend/pkg/service/character_s.go:85.16,87.3 1 1
github.com/ShatteredRealms/go-backend/pkg/service/character_s.go:89.2,90.32 1 3
github.com/ShatteredRealms/go-backend/pkg/service/character_s.go:90.32,92.3 1 3
github.com/ShatteredRealms/go-backend/pkg/service/character_s.go:93.2,94.32 1 3
github.com/ShatteredRealms/go-backend/pkg/service/character_s.go:94.32,96.3 1 3
github.com/ShatteredRealms/go-backend/pkg/service/character_s.go:98.2,98.39 1 3
github.com/ShatteredRealms/go-backend/pkg/service/character_s.go:98.39,100.3 1 3
github.com/ShatteredRealms/go-backend/pkg/service/character_s.go:102.2,103.31 1 3
github.com/ShatteredRealms/go-backend/pkg/service/character_s.go:103.31,105.3 1 3
github.com/ShatteredRealms/go-backend/pkg/service/character_s.go:107.2,108.30 1 3
github.com/ShatteredRealms/go-backend/pkg/service/character_s.go:108.30,110.3 1 3
github.com/ShatteredRealms/go-backend/pkg/service/character_s.go:112.2,113.39 1 3
github.com/ShatteredRealms/go-backend/pkg/service/character_s.go:113.39,115.3 1 3
github.com/ShatteredRealms/go-backend/pkg/service/character_s.go:117.2,118.16 2 3
github.com/ShatteredRealms/go-backend/pkg/service/character_s.go:118.16,120.3 1 1
github.com/ShatteredRealms/go-backend/pkg/service/character_s.go:122.2,122.43 1 2
github.com/ShatteredRealms/go-backend/pkg/service/character_s.go:125.70,127.16 2 3
github.com/ShatteredRealms/go-backend/pkg/service/character_s.go:127.16,129.3 1 1
github.com/ShatteredRealms/go-backend/pkg/service/character_s.go:131.2,131.22 1 2
github.com/ShatteredRealms/go-backend/pkg/service/character_s.go:131.22,133.3 1 1
github.com/ShatteredRealms/go-backend/pkg/service/character_s.go:135.2,135.38 1 1
github.com/ShatteredRealms/go-backend/pkg/service/character_s.go:138.82,140.2 1 1
github.com/ShatteredRealms/go-backend/pkg/service/character_s.go:142.103,144.2 1 1
github.com/ShatteredRealms/go-backend/pkg/service/character_s.go:146.109,148.16 2 2
github.com/ShatteredRealms/go-backend/pkg/service/character_s.go:148.16,150.3 1 1
github.com/ShatteredRealms/go-backend/pkg/service/character_s.go:152.2,155.32 3 1
github.com/ShatteredRealms/go-backend/pkg/service/chat_s.go:49.132,51.2 1 0
github.com/ShatteredRealms/go-backend/pkg/service/chat_s.go:53.120,55.2 1 0
github.com/ShatteredRealms/go-backend/pkg/service/chat_s.go:57.123,62.16 4 0
github.com/ShatteredRealms/go-backend/pkg/service/chat_s.go:62.16,64.3 1 0
github.com/ShatteredRealms/go-backend/pkg/service/chat_s.go:66.2,66.33 1 0
github.com/ShatteredRealms/go-backend/pkg/service/chat_s.go:66.33,68.3 1 0
github.com/ShatteredRealms/go-backend/pkg/service/chat_s.go:70.2,70.38 1 0
github.com/ShatteredRealms/go-backend/pkg/service/chat_s.go:70.38,72.3 1 0
github.com/ShatteredRealms/go-backend/pkg/service/chat_s.go:74.2,74.47 1 0
github.com/ShatteredRealms/go-backend/pkg/service/chat_s.go:77.91,79.2 1 0
github.com/ShatteredRealms/go-backend/pkg/service/chat_s.go:81.95,94.2 5 0
github.com/ShatteredRealms/go-backend/pkg/service/chat_s.go:96.100,109.2 5 0
github.com/ShatteredRealms/go-backend/pkg/service/chat_s.go:110.122,114.23 3 0
github.com/ShatteredRealms/go-backend/pkg/service/chat_s.go:114.23,116.3 1 0
github.com/ShatteredRealms/go-backend/pkg/service/chat_s.go:118.2,125.3 2 0
github.com/ShatteredRealms/go-backend/pkg/service/chat_s.go:128.133,132.23 3 0
github.com/ShatteredRealms/go-backend/pkg/service/chat_s.go:132.23,134.3 1 0
github.com/ShatteredRealms/go-backend/pkg/service/chat_s.go:135.2,142.3 2 0
github.com/ShatteredRealms/go-backend/pkg/service/chat_s.go:145.83,147.2 1 2
github.com/ShatteredRealms/go-backend/pkg/service/chat_s.go:149.113,151.16 2 0
github.com/ShatteredRealms/go-backend/pkg/service/chat_s.go:151.16,153.3 1 0
github.com/ShatteredRealms/go-backend/pkg/service/chat_s.go:155.2,156.24 2 0
github.com/ShatteredRealms/go-backend/pkg/service/chat_s.go:159.91,161.16 2 0
github.com/ShatteredRealms/go-backend/pkg/service/chat_s.go:161.16,163.3 1 0
github.com/ShatteredRealms/go-backend/pkg/service/chat_s.go:165.2,167.12 2 0
github.com/ShatteredRealms/go-backend/pkg/service/chat_s.go:170.134,175.16 4 4
github.com/ShatteredRealms/go-backend/pkg/service/chat_s.go:175.16,177.3 1 1
github.com/ShatteredRealms/go-backend/pkg/service/chat_s.go:179.2,180.16 2 3
github.com/ShatteredRealms/go-backend/pkg/service/chat_s.go:180.16,182.3 1 1
github.com/ShatteredRealms/go-backend/pkg/service/chat_s.go:184.2,192.16 3 2
github.com/ShatteredRealms/go-backend/pkg/service/chat_s.go:192.16,194.3 1 1
github.com/ShatteredRealms/go-backend/pkg/service/chat_s.go:196.2,198.37 2 1
github.com/ShatteredRealms/go-backend/pkg/service/chat_s.go:198.37,200.3 1 2
github.com/ShatteredRealms/go-backend/pkg/service/chat_s.go:202.2,203.16 2 1
github.com/ShatteredRealms/go-backend/pkg/service/chat_s.go:203.16,205.3 1 0
github.com/ShatteredRealms/go-backend/pkg/service/chat_s.go:207.2,207.21 1 1
github.com/ShatteredRealms/go-backend/pkg/service/chat_s.go:210.81,216.2 1 2
github.com/ShatteredRealms/go-backend/pkg/service/chat_s.go:218.50,220.2 1 2
github.com/ShatteredRealms/go-backend/pkg/service/chat_s.go:222.48,224.2 1 0
github.com/ShatteredRealms/go-backend/pkg/service/chat_s.go:226.97,230.47 3 0
github.com/ShatteredRealms/go-backend/pkg/service/chat_s.go:230.47,237.3 1 0
github.com/ShatteredRealms/go-backend/pkg/service/chat_s.go:239.2,239.43 1 0
github.com/ShatteredRealms/go-backend/pkg/service/chat_s.go:242.95,246.45 3 0
github.com/ShatteredRealms/go-backend/pkg/service/chat_s.go:246.45,253.3 1 0
github.com/ShatteredRealms/go-backend/pkg/service/chat_s.go:255.2,255.41 1 0
github.com/ShatteredRealms/go-backend/pkg/service/gamebackend_s.go:79.31,81.16 2 0
github.com/ShatteredRealms/go-backend/pkg/service/gamebackend_s.go:81.16,83.3 1 0
github.com/ShatteredRealms/go-backend/pkg/service/gamebackend_s.go:85.2,87.8 1 0
github.com/ShatteredRealms/go-backend/pkg/service/gamebackend_s.go:95.37,97.2 1 0
github.com/ShatteredRealms/go-backend/pkg/service/gamebackend_s.go:100.141,102.15 2 0
github.com/ShatteredRealms/go-backend/pkg/service/gamebackend_s.go:102.15,104.3 1 0
github.com/ShatteredRealms/go-backend/pkg/service/gamebackend_s.go:106.2,106.33 1 0
github.com/ShatteredRealms/go-backend/pkg/service/gamebackend_s.go:106.33,109.3 2 0
github.com/ShatteredRealms/go-backend/pkg/service/gamebackend_s.go:112.2,113.43 2 0
github.com/ShatteredRealms/go-backend/pkg/service/gamebackend_s.go:113.43,117.3 3 0
github.com/ShatteredRealms/go-backend/pkg/service/gamebackend_s.go:119.2,120.16 2 0
github.com/ShatteredRealms/go-backend/pkg/service/gamebackend_s.go:124.160,126.2 1 0
github.com/ShatteredRealms/go-backend/pkg/service/gamebackend_s.go:129.142,131.2 1 0
github.com/ShatteredRealms/go-backend/pkg/service/gamebackend_s.go:134.92,136.2 1 0
github.com/ShatteredRealms/go-backend/pkg/service/gamebackend_s.go:139.92,141.2 1 0
github.com/ShatteredRealms/go-backend/pkg/service/gamebackend_s.go:144.86,146.2 1 0
github.com/ShatteredRealms/go-backend/pkg/service/gamebackend_s.go:149.86,151.2 1 0
github.com/ShatteredRealms/go-backend/pkg/service/gamebackend_s.go:154.127,156.2 1 0
github.com/ShatteredRealms/go-backend/pkg/service/gamebackend_s.go:159.125,163.48 3 0
github.com/ShatteredRealms/go-backend/pkg/service/gamebackend_s.go:164.30,166.17 2 0
github.com/ShatteredRealms/go-backend/pkg/service/gamebackend_s.go:166.17,168.4 1 0
github.com/ShatteredRealms/go-backend/pkg/service/gamebackend_s.go:169.3,169.56 1 0
github.com/ShatteredRealms/go-backend/pkg/service/gamebackend_s.go:170.32,171.66 1 0
github.com/ShatteredRealms/go-backend/pkg/service/gamebackend_s.go:172.10,174.37 2 0
github.com/ShatteredRealms/go-backend/pkg/service/gamebackend_s.go:177.2,177.16 1 0
github.com/ShatteredRealms/go-backend/pkg/service/gamebackend_s.go:177.16,179.3 1 0
github.com/ShatteredRealms/go-backend/pkg/service/gamebackend_s.go:181.2,181.33 1 0
github.com/ShatteredRealms/go-backend/pkg/service/gamebackend_s.go:181.33,183.3 1 0
github.com/ShatteredRealms/go-backend/pkg/service/gamebackend_s.go:185.2,185.36 1 0
github.com/ShatteredRealms/go-backend/pkg/service/gamebackend_s.go:185.36,187.3 1 0
github.com/ShatteredRealms/go-backend/pkg/service/gamebackend_s.go:189.2,189.37 1 0
github.com/ShatteredRealms/go-backend/pkg/service/gamebackend_s.go:189.37,191.3 1 0
github.com/ShatteredRealms/go-backend/pkg/service/gamebackend_s.go:193.2,193.22 1 0
github.com/ShatteredRealms/go-backend/pkg/service/gamebackend_s.go:193.22,195.17 2 0
github.com/ShatteredRealms/go-backend/pkg/service/gamebackend_s.go:195.17,197.4 1 0
github.com/ShatteredRealms/go-backend/pkg/service/gamebackend_s.go:199.3,200.17 2 0
github.com/ShatteredRealms/go-backend/pkg/service/gamebackend_s.go:200.17,202.4 1 0
github.com/ShatteredRealms/go-backend/pkg/service/gamebackend_s.go:204.3,204.31 1 0
github.com/ShatteredRealms/go-backend/pkg/service/gamebackend_s.go:207.2,207.63 1 0
github.com/ShatteredRealms/go-backend/pkg/service/gamebackend_s.go:211.107,215.48 3 0
github.com/ShatteredRealms/go-backend/pkg/service/gamebackend_s.go:216.24,218.17 2 0
github.com/ShatteredRealms/go-backend/pkg/service/gamebackend_s.go:218.17,220.4 1 0
github.com/ShatteredRealms/go-backend/pkg/service/gamebackend_s.go:221.3,221.44 1 0
github.com/ShatteredRealms/go-backend/pkg/service/gamebackend_s.go:222.26,223.54 1 0
github.com/ShatteredRealms/go-backend/pkg/service/gamebackend_s.go:224.10,226.37 2 0
github.com/ShatteredRealms/go-backend/pkg/service/gamebackend_s.go:229.2,229.16 1 0
github.com/ShatteredRealms/go-backend/pkg/service/gamebackend_s.go:229.16,231.3 1 0
github.com/ShatteredRealms/go-backend/pkg/service/gamebackend_s.go:233.2,233.33 1 0
github.com/ShatteredRealms/go-backend/pkg/service/gamebackend_s.go:233.33,235.3 1 0
github.com/ShatteredRealms/go-backend/pkg/service/gamebackend_s.go:237.2,237.33 1 0
github.com/ShatteredRealms/go-backend/pkg/service/gamebackend_s.go:237.33,239.3 1 0
github.com/ShatteredRealms/go-backend/pkg/service/gamebackend_s.go:241.2,241.39 1 0
github.com/ShatteredRealms/go-backend/pkg/service/gamebackend_s.go:241.39,243.3 1 0
github.com/ShatteredRealms/go-backend/pkg/service/gamebackend_s.go:245.2,245.38 1 0
github.com/ShatteredRealms/go-backend/pkg/service/gamebackend_s.go:245.38,247.3 1 0
github.com/ShatteredRealms/go-backend/pkg/service/gamebackend_s.go:249.2,249.51 1 0
github.com/ShatteredRealms/go-backend/pkg/service/gamebackend_s.go:253.95,255.2 1 0
github.com/ShatteredRealms/go-backend/pkg/service/gamebackend_s.go:258.83,260.2 1 0
github.com/ShatteredRealms/go-backend/pkg/service/gamebackend_s.go:263.110,265.2 1 0
github.com/ShatteredRealms/go-backend/pkg/service/gamebackend_s.go:268.110,270.2 1 0
github.com/ShatteredRealms/go-backend/pkg/service/gamebackend_s.go:273.115,275.2 1 0
github.com/ShatteredRealms/go-backend/pkg/service/gamebackend_s.go:278.115,280.2 1 0
github.com/ShatteredRealms/go-backend/pkg/service/gamebackend_s.go:283.120,285.2 1 0
github.com/ShatteredRealms/go-backend/pkg/service/gamebackend_s.go:288.98,290.2 1 0
github.com/ShatteredRealms/go-backend/pkg/service/gamebackend_s.go:293.98,295.2 1 0
github.com/ShatteredRealms/go-backend/pkg/service/gamebackend_s.go:298.103,300.2 1 0
github.com/ShatteredRealms/go-backend/pkg/service/gamebackend_s.go:303.103,305.2 1 0
github.com/ShatteredRealms/go-backend/pkg/service/inventory_s.go:19.80,23.2 1 0
github.com/ShatteredRealms/go-backend/pkg/service/inventory_s.go:26.115,28.2 1 0
github.com/ShatteredRealms/go-backend/pkg/service/inventory_s.go:31.108,33.2 1 0
