mode: atomic
github.com/ShatteredRealms/go-backend/pkg/config/db.go:20.37,29.2 1 1
github.com/ShatteredRealms/go-backend/pkg/config/db.go:31.40,40.2 1 1
github.com/ShatteredRealms/go-backend/pkg/config/db.go:42.37,50.2 1 1
github.com/ShatteredRealms/go-backend/pkg/config/global.go:33.57,159.45 7 6
github.com/ShatteredRealms/go-backend/pkg/config/global.go:159.45,160.48 1 6
github.com/ShatteredRealms/go-backend/pkg/config/global.go:160.48,162.4 1 0
github.com/ShatteredRealms/go-backend/pkg/config/global.go:162.9,162.62 1 6
github.com/ShatteredRealms/go-backend/pkg/config/global.go:162.62,164.4 1 6
github.com/ShatteredRealms/go-backend/pkg/config/global.go:164.9,166.4 1 0
github.com/ShatteredRealms/go-backend/pkg/config/global.go:169.2,174.49 3 6
github.com/ShatteredRealms/go-backend/pkg/config/global.go:174.49,176.3 1 0
github.com/ShatteredRealms/go-backend/pkg/config/global.go:178.2,178.15 1 6
github.com/ShatteredRealms/go-backend/pkg/config/server.go:48.42,50.2 1 2
github.com/ShatteredRealms/go-backend/pkg/helpers/auth.go:14.79,16.2 1 1
github.com/ShatteredRealms/go-backend/pkg/helpers/auth.go:18.85,26.2 2 3
github.com/ShatteredRealms/go-backend/pkg/helpers/auth.go:28.59,33.2 1 1
github.com/ShatteredRealms/go-backend/pkg/helpers/character.go:16.17,17.19 1 5
github.com/ShatteredRealms/go-backend/pkg/helpers/character.go:17.19,19.3 1 1
github.com/ShatteredRealms/go-backend/pkg/helpers/character.go:21.2,22.33 2 4
github.com/ShatteredRealms/go-backend/pkg/helpers/character.go:23.32,25.17 2 2
github.com/ShatteredRealms/go-backend/pkg/helpers/character.go:25.17,27.4 1 1
github.com/ShatteredRealms/go-backend/pkg/helpers/character.go:28.3,28.42 1 1
github.com/ShatteredRealms/go-backend/pkg/helpers/character.go:30.30,31.33 1 1
github.com/ShatteredRealms/go-backend/pkg/helpers/character.go:33.10,35.41 2 1
github.com/ShatteredRealms/go-backend/pkg/helpers/character.go:38.2,38.31 1 2
github.com/ShatteredRealms/go-backend/pkg/helpers/character.go:45.19,46.19 1 5
github.com/ShatteredRealms/go-backend/pkg/helpers/character.go:46.19,48.3 1 1
github.com/ShatteredRealms/go-backend/pkg/helpers/character.go:50.2,51.33 2 4
github.com/ShatteredRealms/go-backend/pkg/helpers/character.go:52.32,53.31 1 1
github.com/ShatteredRealms/go-backend/pkg/helpers/character.go:55.30,57.17 2 2
github.com/ShatteredRealms/go-backend/pkg/helpers/character.go:57.17,59.4 1 1
github.com/ShatteredRealms/go-backend/pkg/helpers/character.go:60.3,60.40 1 1
github.com/ShatteredRealms/go-backend/pkg/helpers/character.go:62.10,64.42 2 1
github.com/ShatteredRealms/go-backend/pkg/helpers/character.go:68.2,68.33 1 2
github.com/ShatteredRealms/go-backend/pkg/helpers/config.go:10.40,14.55 3 6
github.com/ShatteredRealms/go-backend/pkg/helpers/config.go:14.55,16.3 1 3
github.com/ShatteredRealms/go-backend/pkg/helpers/config.go:18.2,18.38 1 6
github.com/ShatteredRealms/go-backend/pkg/helpers/config.go:18.38,21.22 3 18
github.com/ShatteredRealms/go-backend/pkg/helpers/config.go:21.22,23.4 1 6
github.com/ShatteredRealms/go-backend/pkg/helpers/config.go:24.3,24.35 1 18
github.com/ShatteredRealms/go-backend/pkg/helpers/config.go:28.51,29.34 1 30
github.com/ShatteredRealms/go-backend/pkg/helpers/config.go:29.34,33.3 3 18
github.com/ShatteredRealms/go-backend/pkg/helpers/config.go:35.2,35.38 1 12
github.com/ShatteredRealms/go-backend/pkg/helpers/config.go:35.38,38.22 3 12
github.com/ShatteredRealms/go-backend/pkg/helpers/config.go:38.22,40.4 1 0
github.com/ShatteredRealms/go-backend/pkg/helpers/config.go:40.9,40.23 1 12
github.com/ShatteredRealms/go-backend/pkg/helpers/config.go:40.23,42.4 1 6
github.com/ShatteredRealms/go-backend/pkg/helpers/config.go:44.3,44.42 1 12
github.com/ShatteredRealms/go-backend/pkg/helpers/conversions.go:3.48,5.28 2 1
github.com/ShatteredRealms/go-backend/pkg/helpers/conversions.go:5.28,7.3 1 12
github.com/ShatteredRealms/go-backend/pkg/helpers/conversions.go:9.2,9.13 1 1
github.com/ShatteredRealms/go-backend/pkg/helpers/errors.go:8.63,9.16 1 4
github.com/ShatteredRealms/go-backend/pkg/helpers/errors.go:9.16,11.3 1 0
github.com/ShatteredRealms/go-backend/pkg/helpers/grpc.go:17.87,18.86 1 4
github.com/ShatteredRealms/go-backend/pkg/helpers/grpc.go:18.86,19.94 1 4
github.com/ShatteredRealms/go-backend/pkg/helpers/grpc.go:19.94,21.4 1 1
github.com/ShatteredRealms/go-backend/pkg/helpers/grpc.go:21.9,26.29 4 3
github.com/ShatteredRealms/go-backend/pkg/helpers/grpc.go:26.29,28.5 1 1
github.com/ShatteredRealms/go-backend/pkg/helpers/grpc.go:30.4,30.32 1 2
github.com/ShatteredRealms/go-backend/pkg/helpers/grpc.go:40.9,51.2 5 0
github.com/ShatteredRealms/go-backend/pkg/helpers/logging.go:12.38,27.2 4 1
github.com/ShatteredRealms/go-backend/pkg/helpers/opentelemetry.go:23.145,29.45 2 0
github.com/ShatteredRealms/go-backend/pkg/helpers/opentelemetry.go:29.45,31.36 2 0
github.com/ShatteredRealms/go-backend/pkg/helpers/opentelemetry.go:31.36,33.4 1 0
github.com/ShatteredRealms/go-backend/pkg/helpers/opentelemetry.go:34.3,35.13 2 0
github.com/ShatteredRealms/go-backend/pkg/helpers/opentelemetry.go:39.2,39.33 1 0
github.com/ShatteredRealms/go-backend/pkg/helpers/opentelemetry.go:39.33,41.3 1 0
github.com/ShatteredRealms/go-backend/pkg/helpers/opentelemetry.go:43.2,56.16 5 0
github.com/ShatteredRealms/go-backend/pkg/helpers/opentelemetry.go:56.16,59.3 2 0
github.com/ShatteredRealms/go-backend/pkg/helpers/opentelemetry.go:62.2,67.16 4 0
github.com/ShatteredRealms/go-backend/pkg/helpers/opentelemetry.go:67.16,70.3 2 0
github.com/ShatteredRealms/go-backend/pkg/helpers/opentelemetry.go:71.2,76.16 4 0
github.com/ShatteredRealms/go-backend/pkg/helpers/opentelemetry.go:76.16,79.3 2 0
github.com/ShatteredRealms/go-backend/pkg/helpers/opentelemetry.go:80.2,83.8 3 0
github.com/ShatteredRealms/go-backend/pkg/helpers/opentelemetry.go:86.52,91.2 1 0
github.com/ShatteredRealms/go-backend/pkg/helpers/opentelemetry.go:93.122,98.16 4 0
github.com/ShatteredRealms/go-backend/pkg/helpers/opentelemetry.go:98.16,100.3 1 0
github.com/ShatteredRealms/go-backend/pkg/helpers/opentelemetry.go:102.2,108.27 3 0
github.com/ShatteredRealms/go-backend/pkg/helpers/opentelemetry.go:111.122,116.16 4 0
github.com/ShatteredRealms/go-backend/pkg/helpers/opentelemetry.go:116.16,118.3 1 0
github.com/ShatteredRealms/go-backend/pkg/helpers/opentelemetry.go:120.2,125.27 2 0
github.com/ShatteredRealms/go-backend/pkg/helpers/srv.go:36.39,41.2 1 2
github.com/ShatteredRealms/go-backend/pkg/helpers/srv.go:43.67,45.2 1 1
github.com/ShatteredRealms/go-backend/pkg/helpers/srv.go:47.61,62.2 2 1
github.com/ShatteredRealms/go-backend/pkg/helpers/srv.go:64.56,65.16 1 13
github.com/ShatteredRealms/go-backend/pkg/helpers/srv.go:65.16,67.3 1 2
github.com/ShatteredRealms/go-backend/pkg/helpers/srv.go:69.2,70.15 2 11
github.com/ShatteredRealms/go-backend/pkg/helpers/srv.go:70.15,72.3 1 3
github.com/ShatteredRealms/go-backend/pkg/helpers/srv.go:74.2,74.50 1 8
github.com/ShatteredRealms/go-backend/pkg/helpers/srv.go:74.50,76.3 1 1
github.com/ShatteredRealms/go-backend/pkg/helpers/srv.go:78.2,78.44 1 7
github.com/ShatteredRealms/go-backend/pkg/helpers/srv.go:81.67,82.16 1 5
github.com/ShatteredRealms/go-backend/pkg/helpers/srv.go:82.16,84.3 1 1
github.com/ShatteredRealms/go-backend/pkg/helpers/srv.go:86.2,87.16 2 4
github.com/ShatteredRealms/go-backend/pkg/helpers/srv.go:87.16,89.3 1 1
github.com/ShatteredRealms/go-backend/pkg/helpers/srv.go:91.2,92.16 2 3
github.com/ShatteredRealms/go-backend/pkg/helpers/srv.go:92.16,95.3 2 2
github.com/ShatteredRealms/go-backend/pkg/helpers/srv.go:97.2,98.20 2 1
github.com/ShatteredRealms/go-backend/pkg/helpers/srv.go:101.121,102.19 1 7
github.com/ShatteredRealms/go-backend/pkg/helpers/srv.go:102.19,104.3 1 2
github.com/ShatteredRealms/go-backend/pkg/helpers/srv.go:106.2,107.16 2 5
github.com/ShatteredRealms/go-backend/pkg/helpers/srv.go:107.16,109.3 1 2
github.com/ShatteredRealms/go-backend/pkg/helpers/srv.go:111.2,119.16 3 3
github.com/ShatteredRealms/go-backend/pkg/helpers/srv.go:119.16,122.3 2 1
github.com/ShatteredRealms/go-backend/pkg/helpers/srv.go:124.2,124.18 1 2
github.com/ShatteredRealms/go-backend/pkg/helpers/srv.go:124.18,126.3 1 1
github.com/ShatteredRealms/go-backend/pkg/helpers/srv.go:128.2,134.28 3 1
github.com/ShatteredRealms/go-backend/pkg/helpers/srv.go:139.61,140.98 1 2
github.com/ShatteredRealms/go-backend/pkg/helpers/srv.go:140.98,143.16 3 0
github.com/ShatteredRealms/go-backend/pkg/helpers/srv.go:143.16,146.4 2 0
github.com/ShatteredRealms/go-backend/pkg/helpers/srv.go:147.3,149.14 2 0
github.com/ShatteredRealms/go-backend/pkg/helpers/srv.go:150.27,151.16 1 0
github.com/ShatteredRealms/go-backend/pkg/helpers/srv.go:152.26,153.15 1 0
github.com/ShatteredRealms/go-backend/pkg/helpers/srv.go:154.26,155.15 1 0
github.com/ShatteredRealms/go-backend/pkg/helpers/srv.go:156.27,157.16 1 0
github.com/ShatteredRealms/go-backend/pkg/helpers/srv.go:158.11,159.37 1 0
github.com/ShatteredRealms/go-backend/pkg/helpers/uuid.go:9.59,11.39 2 3
github.com/ShatteredRealms/go-backend/pkg/helpers/uuid.go:11.39,13.17 2 29
github.com/ShatteredRealms/go-backend/pkg/helpers/uuid.go:13.17,15.4 1 2
github.com/ShatteredRealms/go-backend/pkg/helpers/uuid.go:16.3,16.17 1 27
github.com/ShatteredRealms/go-backend/pkg/helpers/uuid.go:19.2,19.17 1 1
github.com/ShatteredRealms/go-backend/pkg/model/character.go:49.38,50.43 1 10
github.com/ShatteredRealms/go-backend/pkg/model/character.go:50.43,52.3 1 1
github.com/ShatteredRealms/go-backend/pkg/model/character.go:54.2,54.42 1 9
github.com/ShatteredRealms/go-backend/pkg/model/character.go:54.42,56.3 1 1
github.com/ShatteredRealms/go-backend/pkg/model/character.go:58.2,58.25 1 8
github.com/ShatteredRealms/go-backend/pkg/model/character.go:61.42,62.42 1 8
github.com/ShatteredRealms/go-backend/pkg/model/character.go:62.42,64.3 1 1
github.com/ShatteredRealms/go-backend/pkg/model/character.go:66.2,66.42 1 7
github.com/ShatteredRealms/go-backend/pkg/model/character.go:66.42,68.3 1 1
github.com/ShatteredRealms/go-backend/pkg/model/character.go:70.2,70.45 1 6
github.com/ShatteredRealms/go-backend/pkg/model/character.go:70.45,72.3 1 4
github.com/ShatteredRealms/go-backend/pkg/model/character.go:74.2,74.30 1 2
github.com/ShatteredRealms/go-backend/pkg/model/character.go:74.30,76.3 1 1
github.com/ShatteredRealms/go-backend/pkg/model/character.go:78.2,78.12 1 1
github.com/ShatteredRealms/go-backend/pkg/model/character.go:81.44,83.24 1 10
github.com/ShatteredRealms/go-backend/pkg/model/character.go:83.24,85.3 1 9
github.com/ShatteredRealms/go-backend/pkg/model/character.go:87.2,87.25 1 1
github.com/ShatteredRealms/go-backend/pkg/model/character.go:90.43,92.23 1 9
github.com/ShatteredRealms/go-backend/pkg/model/character.go:92.23,94.3 1 8
github.com/ShatteredRealms/go-backend/pkg/model/character.go:96.2,96.24 1 1
github.com/ShatteredRealms/go-backend/pkg/model/character.go:99.49,109.2 1 11
github.com/ShatteredRealms/go-backend/pkg/model/character.go:111.50,113.32 2 1
github.com/ShatteredRealms/go-backend/pkg/model/character.go:113.32,115.3 1 10
github.com/ShatteredRealms/go-backend/pkg/model/character.go:117.2,117.13 1 1
github.com/ShatteredRealms/go-backend/pkg/model/chat.go:21.46,27.2 1 11
github.com/ShatteredRealms/go-backend/pkg/model/chat.go:29.47,31.30 2 1
github.com/ShatteredRealms/go-backend/pkg/model/chat.go:31.30,33.3 1 10
github.com/ShatteredRealms/go-backend/pkg/model/chat.go:35.2,35.13 1 1
github.com/ShatteredRealms/go-backend/pkg/model/claims.go:30.78,31.52 1 3
github.com/ShatteredRealms/go-backend/pkg/model/claims.go:31.52,32.44 1 2
github.com/ShatteredRealms/go-backend/pkg/model/claims.go:32.44,33.31 1 4
github.com/ShatteredRealms/go-backend/pkg/model/claims.go:33.31,35.5 1 1
github.com/ShatteredRealms/go-backend/pkg/model/claims.go:39.2,39.14 1 2
github.com/ShatteredRealms/go-backend/pkg/model/claims.go:42.53,43.47 1 2
github.com/ShatteredRealms/go-backend/pkg/model/claims.go:43.47,44.30 1 4
github.com/ShatteredRealms/go-backend/pkg/model/claims.go:44.30,46.4 1 1
github.com/ShatteredRealms/go-backend/pkg/model/claims.go:49.2,49.14 1 1
github.com/ShatteredRealms/go-backend/pkg/model/dimension.go:36.46,37.46 1 2
github.com/ShatteredRealms/go-backend/pkg/model/dimension.go:37.46,39.3 1 1
github.com/ShatteredRealms/go-backend/pkg/model/dimension.go:41.2,41.33 1 1
github.com/ShatteredRealms/go-backend/pkg/model/dimension.go:44.50,45.50 1 3
github.com/ShatteredRealms/go-backend/pkg/model/dimension.go:45.50,47.3 1 1
github.com/ShatteredRealms/go-backend/pkg/model/dimension.go:49.2,49.50 1 2
github.com/ShatteredRealms/go-backend/pkg/model/dimension.go:49.50,51.3 1 1
github.com/ShatteredRealms/go-backend/pkg/model/dimension.go:53.2,53.12 1 1
github.com/ShatteredRealms/go-backend/pkg/model/dimension.go:56.50,58.37 2 11
github.com/ShatteredRealms/go-backend/pkg/model/dimension.go:58.37,60.3 1 11
github.com/ShatteredRealms/go-backend/pkg/model/dimension.go:62.2,68.3 1 11
github.com/ShatteredRealms/go-backend/pkg/model/dimension.go:71.52,73.33 2 1
github.com/ShatteredRealms/go-backend/pkg/model/dimension.go:73.33,75.3 1 10
github.com/ShatteredRealms/go-backend/pkg/model/dimension.go:77.2,79.3 1 1
github.com/ShatteredRealms/go-backend/pkg/model/dimension.go:82.51,84.29 2 2
github.com/ShatteredRealms/go-backend/pkg/model/dimension.go:84.29,86.3 1 1
github.com/ShatteredRealms/go-backend/pkg/model/dimension.go:88.2,88.89 1 2
github.com/ShatteredRealms/go-backend/pkg/model/inventory.go:19.53,25.2 1 15
github.com/ShatteredRealms/go-backend/pkg/model/inventory.go:27.56,29.31 2 3
github.com/ShatteredRealms/go-backend/pkg/model/inventory.go:29.31,31.3 1 12
github.com/ShatteredRealms/go-backend/pkg/model/inventory.go:33.2,33.12 1 3
github.com/ShatteredRealms/go-backend/pkg/model/inventory.go:36.59,41.2 1 1
github.com/ShatteredRealms/go-backend/pkg/model/inventory.go:43.65,49.2 1 11
github.com/ShatteredRealms/go-backend/pkg/model/inventory.go:51.69,53.31 2 1
github.com/ShatteredRealms/go-backend/pkg/model/inventory.go:53.31,55.3 1 10
github.com/ShatteredRealms/go-backend/pkg/model/inventory.go:57.2,57.12 1 1
github.com/ShatteredRealms/go-backend/pkg/model/location.go:15.39,25.2 1 12
github.com/ShatteredRealms/go-backend/pkg/model/location.go:27.54,37.2 1 1
github.com/ShatteredRealms/go-backend/pkg/model/map.go:16.30,24.2 1 33
github.com/ShatteredRealms/go-backend/pkg/model/map.go:26.35,28.27 2 12
github.com/ShatteredRealms/go-backend/pkg/model/map.go:28.27,30.3 1 21
github.com/ShatteredRealms/go-backend/pkg/model/map.go:32.2,32.12 1 12
github.com/ShatteredRealms/go-backend/pkg/model/model.go:17.34,19.2 1 2
github.com/ShatteredRealms/go-backend/pkg/repository/cacher.go:13.31,14.20 1 0
github.com/ShatteredRealms/go-backend/pkg/repository/cacher.go:14.20,16.3 1 0
github.com/ShatteredRealms/go-backend/pkg/repository/cacher.go:19.111,22.9 3 0
github.com/ShatteredRealms/go-backend/pkg/repository/cacher.go:22.9,24.3 1 0
github.com/ShatteredRealms/go-backend/pkg/repository/cacher.go:26.2,26.50 1 0
github.com/ShatteredRealms/go-backend/pkg/repository/cacher.go:26.50,28.3 1 0
github.com/ShatteredRealms/go-backend/pkg/repository/cacher.go:30.2,30.15 1 0
github.com/ShatteredRealms/go-backend/pkg/repository/cacher.go:33.93,36.16 3 0
github.com/ShatteredRealms/go-backend/pkg/repository/cacher.go:36.16,38.3 1 0
github.com/ShatteredRealms/go-backend/pkg/repository/cacher.go:40.2,41.12 2 0
github.com/ShatteredRealms/go-backend/pkg/repository/cacher.go:44.62,47.2 2 0
github.com/ShatteredRealms/go-backend/pkg/repository/character_r.go:42.80,50.2 3 32
github.com/ShatteredRealms/go-backend/pkg/repository/character_r.go:52.101,55.25 3 4
github.com/ShatteredRealms/go-backend/pkg/repository/character_r.go:55.25,58.3 2 0
github.com/ShatteredRealms/go-backend/pkg/repository/character_r.go:60.2,60.30 1 4
github.com/ShatteredRealms/go-backend/pkg/repository/character_r.go:60.30,63.3 2 3
github.com/ShatteredRealms/go-backend/pkg/repository/character_r.go:65.2,72.23 4 1
github.com/ShatteredRealms/go-backend/pkg/repository/character_r.go:75.112,80.16 3 16
github.com/ShatteredRealms/go-backend/pkg/repository/character_r.go:80.16,83.3 2 1
github.com/ShatteredRealms/go-backend/pkg/repository/character_r.go:85.2,90.23 3 15
github.com/ShatteredRealms/go-backend/pkg/repository/character_r.go:93.110,95.16 2 2
github.com/ShatteredRealms/go-backend/pkg/repository/character_r.go:95.16,97.3 1 1
github.com/ShatteredRealms/go-backend/pkg/repository/character_r.go:99.2,104.23 3 1
github.com/ShatteredRealms/go-backend/pkg/repository/character_r.go:107.92,108.22 1 4
github.com/ShatteredRealms/go-backend/pkg/repository/character_r.go:108.22,110.3 1 2
github.com/ShatteredRealms/go-backend/pkg/repository/character_r.go:111.2,111.85 1 2
github.com/ShatteredRealms/go-backend/pkg/repository/character_r.go:114.95,117.25 3 8
github.com/ShatteredRealms/go-backend/pkg/repository/character_r.go:117.25,119.3 1 1
github.com/ShatteredRealms/go-backend/pkg/repository/character_r.go:121.2,121.30 1 7
github.com/ShatteredRealms/go-backend/pkg/repository/character_r.go:121.30,123.3 1 4
github.com/ShatteredRealms/go-backend/pkg/repository/character_r.go:125.2,130.23 3 3
github.com/ShatteredRealms/go-backend/pkg/repository/character_r.go:133.87,136.2 2 4
github.com/ShatteredRealms/go-backend/pkg/repository/character_r.go:138.106,141.2 2 4
github.com/ShatteredRealms/go-backend/pkg/repository/character_r.go:143.72,144.16 1 2
github.com/ShatteredRealms/go-backend/pkg/repository/character_r.go:144.16,146.3 1 1
github.com/ShatteredRealms/go-backend/pkg/repository/character_r.go:148.2,149.10 2 1
github.com/ShatteredRealms/go-backend/pkg/repository/character_r.go:152.65,154.2 1 1
github.com/ShatteredRealms/go-backend/pkg/repository/chat_r.go:32.135,33.13 1 4
github.com/ShatteredRealms/go-backend/pkg/repository/chat_r.go:33.13,35.33 2 2
github.com/ShatteredRealms/go-backend/pkg/repository/chat_r.go:35.33,39.25 1 4
github.com/ShatteredRealms/go-backend/pkg/repository/chat_r.go:39.25,42.5 2 1
github.com/ShatteredRealms/go-backend/pkg/repository/chat_r.go:45.3,46.13 2 1
github.com/ShatteredRealms/go-backend/pkg/repository/chat_r.go:49.2,54.123 3 2
github.com/ShatteredRealms/go-backend/pkg/repository/chat_r.go:57.123,71.2 5 4
github.com/ShatteredRealms/go-backend/pkg/repository/chat_r.go:73.116,76.2 2 1
github.com/ShatteredRealms/go-backend/pkg/repository/chat_r.go:78.86,82.2 3 2
github.com/ShatteredRealms/go-backend/pkg/repository/chat_r.go:84.116,87.2 2 17
github.com/ShatteredRealms/go-backend/pkg/repository/chat_r.go:89.94,92.2 2 6
github.com/ShatteredRealms/go-backend/pkg/repository/chat_r.go:94.98,97.2 2 3
github.com/ShatteredRealms/go-backend/pkg/repository/chat_r.go:99.60,101.2 1 1
github.com/ShatteredRealms/go-backend/pkg/repository/chat_r.go:103.99,106.25 3 10
github.com/ShatteredRealms/go-backend/pkg/repository/chat_r.go:106.25,108.3 1 1
github.com/ShatteredRealms/go-backend/pkg/repository/chat_r.go:110.2,110.30 1 9
github.com/ShatteredRealms/go-backend/pkg/repository/chat_r.go:110.30,112.3 1 8
github.com/ShatteredRealms/go-backend/pkg/repository/chat_r.go:114.2,115.21 2 1
github.com/ShatteredRealms/go-backend/pkg/repository/chat_r.go:118.107,121.25 3 3
github.com/ShatteredRealms/go-backend/pkg/repository/chat_r.go:121.25,123.3 1 0
github.com/ShatteredRealms/go-backend/pkg/repository/chat_r.go:125.2,125.30 1 3
github.com/ShatteredRealms/go-backend/pkg/repository/chat_r.go:125.30,127.3 1 1
github.com/ShatteredRealms/go-backend/pkg/repository/chat_r.go:129.2,130.21 2 2
github.com/ShatteredRealms/go-backend/pkg/repository/chat_r.go:133.52,135.2 1 32
github.com/ShatteredRealms/go-backend/pkg/repository/db.go:20.60,22.16 2 2
github.com/ShatteredRealms/go-backend/pkg/repository/db.go:22.16,24.3 1 0
github.com/ShatteredRealms/go-backend/pkg/repository/db.go:25.2,44.16 6 2
github.com/ShatteredRealms/go-backend/pkg/repository/db.go:44.16,46.3 1 1
github.com/ShatteredRealms/go-backend/pkg/repository/db.go:48.2,48.26 1 1
github.com/ShatteredRealms/go-backend/pkg/repository/db.go:48.26,50.37 2 1
github.com/ShatteredRealms/go-backend/pkg/repository/db.go:50.37,52.4 1 1
github.com/ShatteredRealms/go-backend/pkg/repository/db.go:54.3,57.6 1 1
github.com/ShatteredRealms/go-backend/pkg/repository/db.go:60.2,60.90 1 1
github.com/ShatteredRealms/go-backend/pkg/repository/db.go:60.90,62.3 1 0
github.com/ShatteredRealms/go-backend/pkg/repository/db.go:64.2,64.16 1 1
github.com/ShatteredRealms/go-backend/pkg/repository/gamebackend_r.go:68.66,72.2 1 32
github.com/ShatteredRealms/go-backend/pkg/repository/gamebackend_r.go:79.37,80.21 1 26
github.com/ShatteredRealms/go-backend/pkg/repository/gamebackend_r.go:80.21,82.3 1 1
github.com/ShatteredRealms/go-backend/pkg/repository/gamebackend_r.go:84.2,89.16 3 25
github.com/ShatteredRealms/go-backend/pkg/repository/gamebackend_r.go:89.16,91.3 1 0
github.com/ShatteredRealms/go-backend/pkg/repository/gamebackend_r.go:93.2,93.16 1 25
github.com/ShatteredRealms/go-backend/pkg/repository/gamebackend_r.go:97.99,98.15 1 2
github.com/ShatteredRealms/go-backend/pkg/repository/gamebackend_r.go:98.15,100.3 1 1
github.com/ShatteredRealms/go-backend/pkg/repository/gamebackend_r.go:102.2,102.75 1 1
github.com/ShatteredRealms/go-backend/pkg/repository/gamebackend_r.go:106.116,107.15 1 6
github.com/ShatteredRealms/go-backend/pkg/repository/gamebackend_r.go:107.15,109.3 1 1
github.com/ShatteredRealms/go-backend/pkg/repository/gamebackend_r.go:111.2,113.25 3 5
github.com/ShatteredRealms/go-backend/pkg/repository/gamebackend_r.go:113.25,116.3 2 0
github.com/ShatteredRealms/go-backend/pkg/repository/gamebackend_r.go:118.2,118.30 1 5
github.com/ShatteredRealms/go-backend/pkg/repository/gamebackend_r.go:118.30,121.3 2 1
github.com/ShatteredRealms/go-backend/pkg/repository/gamebackend_r.go:123.2,124.26 2 4
github.com/ShatteredRealms/go-backend/pkg/repository/gamebackend_r.go:134.29,136.16 2 26
github.com/ShatteredRealms/go-backend/pkg/repository/gamebackend_r.go:136.16,138.3 1 0
github.com/ShatteredRealms/go-backend/pkg/repository/gamebackend_r.go:140.2,147.100 2 26
github.com/ShatteredRealms/go-backend/pkg/repository/gamebackend_r.go:147.100,149.3 1 0
github.com/ShatteredRealms/go-backend/pkg/repository/gamebackend_r.go:151.2,151.23 1 26
github.com/ShatteredRealms/go-backend/pkg/repository/gamebackend_r.go:161.23,169.68 2 26
github.com/ShatteredRealms/go-backend/pkg/repository/gamebackend_r.go:169.68,171.3 1 1
github.com/ShatteredRealms/go-backend/pkg/repository/gamebackend_r.go:173.2,173.20 1 25
github.com/ShatteredRealms/go-backend/pkg/repository/gamebackend_r.go:177.91,179.2 1 0
github.com/ShatteredRealms/go-backend/pkg/repository/gamebackend_r.go:182.95,184.2 1 2
github.com/ShatteredRealms/go-backend/pkg/repository/gamebackend_r.go:187.95,189.2 1 3
github.com/ShatteredRealms/go-backend/pkg/repository/gamebackend_r.go:192.89,194.2 1 2
github.com/ShatteredRealms/go-backend/pkg/repository/gamebackend_r.go:197.89,199.2 1 2
github.com/ShatteredRealms/go-backend/pkg/repository/gamebackend_r.go:205.29,206.22 1 2
github.com/ShatteredRealms/go-backend/pkg/repository/gamebackend_r.go:206.22,208.3 1 1
github.com/ShatteredRealms/go-backend/pkg/repository/gamebackend_r.go:209.2,211.16 3 1
github.com/ShatteredRealms/go-backend/pkg/repository/gamebackend_r.go:211.16,213.3 1 0
github.com/ShatteredRealms/go-backend/pkg/repository/gamebackend_r.go:215.2,216.16 2 1
github.com/ShatteredRealms/go-backend/pkg/repository/gamebackend_r.go:216.16,218.3 1 0
github.com/ShatteredRealms/go-backend/pkg/repository/gamebackend_r.go:220.2,220.23 1 1
github.com/ShatteredRealms/go-backend/pkg/repository/gamebackend_r.go:224.96,226.16 2 2
github.com/ShatteredRealms/go-backend/pkg/repository/gamebackend_r.go:226.16,228.3 1 1
github.com/ShatteredRealms/go-backend/pkg/repository/gamebackend_r.go:230.2,230.15 1 1
github.com/ShatteredRealms/go-backend/pkg/repository/gamebackend_r.go:234.98,237.2 2 1
github.com/ShatteredRealms/go-backend/pkg/repository/gamebackend_r.go:240.86,243.2 2 1
github.com/ShatteredRealms/go-backend/pkg/repository/gamebackend_r.go:246.113,249.25 3 0
github.com/ShatteredRealms/go-backend/pkg/repository/gamebackend_r.go:249.25,251.3 1 0
github.com/ShatteredRealms/go-backend/pkg/repository/gamebackend_r.go:253.2,253.30 1 0
github.com/ShatteredRealms/go-backend/pkg/repository/gamebackend_r.go:253.30,255.3 1 0
github.com/ShatteredRealms/go-backend/pkg/repository/gamebackend_r.go:257.2,257.23 1 0
github.com/ShatteredRealms/go-backend/pkg/repository/gamebackend_r.go:261.113,264.25 3 3
github.com/ShatteredRealms/go-backend/pkg/repository/gamebackend_r.go:264.25,266.3 1 0
github.com/ShatteredRealms/go-backend/pkg/repository/gamebackend_r.go:268.2,268.30 1 3
github.com/ShatteredRealms/go-backend/pkg/repository/gamebackend_r.go:268.30,270.3 1 2
github.com/ShatteredRealms/go-backend/pkg/repository/gamebackend_r.go:272.2,272.23 1 1
github.com/ShatteredRealms/go-backend/pkg/repository/gamebackend_r.go:276.101,277.15 1 3
github.com/ShatteredRealms/go-backend/pkg/repository/gamebackend_r.go:277.15,279.3 1 1
github.com/ShatteredRealms/go-backend/pkg/repository/gamebackend_r.go:280.2,282.25 3 2
github.com/ShatteredRealms/go-backend/pkg/repository/gamebackend_r.go:282.25,284.3 1 0
github.com/ShatteredRealms/go-backend/pkg/repository/gamebackend_r.go:286.2,286.30 1 2
github.com/ShatteredRealms/go-backend/pkg/repository/gamebackend_r.go:286.30,288.3 1 1
github.com/ShatteredRealms/go-backend/pkg/repository/gamebackend_r.go:290.2,290.15 1 1
github.com/ShatteredRealms/go-backend/pkg/repository/gamebackend_r.go:294.101,297.25 3 3
github.com/ShatteredRealms/go-backend/pkg/repository/gamebackend_r.go:297.25,299.3 1 0
github.com/ShatteredRealms/go-backend/pkg/repository/gamebackend_r.go:301.2,301.30 1 3
github.com/ShatteredRealms/go-backend/pkg/repository/gamebackend_r.go:301.30,303.3 1 2
github.com/ShatteredRealms/go-backend/pkg/repository/gamebackend_r.go:305.2,305.15 1 1
github.com/ShatteredRealms/go-backend/pkg/repository/gamebackend_r.go:309.118,312.2 2 3
github.com/ShatteredRealms/go-backend/pkg/repository/gamebackend_r.go:315.118,318.2 2 3
github.com/ShatteredRealms/go-backend/pkg/repository/gamebackend_r.go:321.106,324.2 2 26
github.com/ShatteredRealms/go-backend/pkg/repository/gamebackend_r.go:327.106,330.2 2 3
github.com/ShatteredRealms/go-backend/pkg/repository/gamebackend_r.go:333.123,344.2 2 3
github.com/ShatteredRealms/go-backend/pkg/repository/gamebackend_r.go:347.77,348.16 1 2
github.com/ShatteredRealms/go-backend/pkg/repository/gamebackend_r.go:348.16,350.3 1 1
github.com/ShatteredRealms/go-backend/pkg/repository/gamebackend_r.go:352.2,353.10 2 1
github.com/ShatteredRealms/go-backend/pkg/repository/gamebackend_r.go:357.68,363.2 1 1
github.com/ShatteredRealms/go-backend/pkg/repository/inventory_r.go:21.69,25.2 1 31
github.com/ShatteredRealms/go-backend/pkg/repository/inventory_r.go:28.132,30.16 2 6
github.com/ShatteredRealms/go-backend/pkg/repository/inventory_r.go:30.16,32.3 1 2
github.com/ShatteredRealms/go-backend/pkg/repository/inventory_r.go:34.2,34.23 1 4
github.com/ShatteredRealms/go-backend/pkg/repository/inventory_r.go:38.111,41.2 2 5
github.com/ShatteredRealms/go-backend/pkg/repository/inventory_r.go:43.71,45.2 1 11
github.com/ShatteredRealms/go-backend/pkg/repository/kafka.go:21.70,22.24 1 1
github.com/ShatteredRealms/go-backend/pkg/repository/kafka.go:22.24,24.3 1 0
github.com/ShatteredRealms/go-backend/pkg/repository/kafka.go:25.2,25.27 1 1
github.com/ShatteredRealms/go-backend/pkg/repository/kafka.go:25.27,27.3 1 0
github.com/ShatteredRealms/go-backend/pkg/repository/kafka.go:28.2,30.27 2 1
github.com/ShatteredRealms/go-backend/pkg/repository/kafka.go:30.27,33.3 2 1
github.com/ShatteredRealms/go-backend/pkg/repository/kafka.go:34.2,34.16 1 1
github.com/ShatteredRealms/go-backend/pkg/repository/kafka.go:34.16,36.3 1 0
github.com/ShatteredRealms/go-backend/pkg/repository/kafka.go:38.2,39.16 2 1
github.com/ShatteredRealms/go-backend/pkg/repository/kafka.go:39.16,40.29 1 1
github.com/ShatteredRealms/go-backend/pkg/repository/kafka.go:40.29,42.4 1 1
github.com/ShatteredRealms/go-backend/pkg/repository/kafka.go:43.3,43.48 1 0
github.com/ShatteredRealms/go-backend/pkg/repository/kafka.go:46.2,46.27 1 0
github.com/ShatteredRealms/go-backend/pkg/repository/kafka.go:46.27,49.3 2 0
github.com/ShatteredRealms/go-backend/pkg/repository/kafka.go:50.2,50.16 1 0
github.com/ShatteredRealms/go-backend/pkg/repository/kafka.go:50.16,52.3 1 0
github.com/ShatteredRealms/go-backend/pkg/repository/kafka.go:54.2,54.28 1 0
github.com/ShatteredRealms/go-backend/pkg/repository/kafka.go:57.35,61.46 4 1
github.com/ShatteredRealms/go-backend/pkg/repository/kafka.go:61.46,62.39 1 0
github.com/ShatteredRealms/go-backend/pkg/repository/kafka.go:62.39,64.4 1 0
github.com/ShatteredRealms/go-backend/pkg/repository/kafka.go:66.3,66.13 1 0
github.com/ShatteredRealms/go-backend/pkg/repository/kafka.go:69.2,69.12 1 1
github.com/ShatteredRealms/go-backend/pkg/service/character_s.go:32.98,34.2 1 3
github.com/ShatteredRealms/go-backend/pkg/service/character_s.go:39.29,42.16 2 18
github.com/ShatteredRealms/go-backend/pkg/service/character_s.go:42.16,44.3 1 1
github.com/ShatteredRealms/go-backend/pkg/service/character_s.go:46.2,48.8 1 17
github.com/ShatteredRealms/go-backend/pkg/service/character_s.go:51.139,60.45 2 2
github.com/ShatteredRealms/go-backend/pkg/service/character_s.go:60.45,62.3 1 1
github.com/ShatteredRealms/go-backend/pkg/service/character_s.go:64.2,64.39 1 1
github.com/ShatteredRealms/go-backend/pkg/service/character_s.go:67.92,69.2 1 8
github.com/ShatteredRealms/go-backend/pkg/service/character_s.go:71.115,75.48 3 5
github.com/ShatteredRealms/go-backend/pkg/service/character_s.go:76.30,77.59 1 2
github.com/ShatteredRealms/go-backend/pkg/service/character_s.go:78.32,79.57 1 2
github.com/ShatteredRealms/go-backend/pkg/service/character_s.go:80.10,82.43 2 1
github.com/ShatteredRealms/go-backend/pkg/service/character_s.go:86.2,86.16 1 4
github.com/ShatteredRealms/go-backend/pkg/service/character_s.go:86.16,88.3 1 1
github.com/ShatteredRealms/go-backend/pkg/service/character_s.go:90.2,91.32 1 3
github.com/ShatteredRealms/go-backend/pkg/service/character_s.go:91.32,93.3 1 3
github.com/ShatteredRealms/go-backend/pkg/service/character_s.go:94.2,95.32 1 3
github.com/ShatteredRealms/go-backend/pkg/service/character_s.go:95.32,97.3 1 3
github.com/ShatteredRealms/go-backend/pkg/service/character_s.go:99.2,99.39 1 3
github.com/ShatteredRealms/go-backend/pkg/service/character_s.go:99.39,101.3 1 3
github.com/ShatteredRealms/go-backend/pkg/service/character_s.go:103.2,104.31 1 3
github.com/ShatteredRealms/go-backend/pkg/service/character_s.go:104.31,106.3 1 3
github.com/ShatteredRealms/go-backend/pkg/service/character_s.go:108.2,109.30 1 3
github.com/ShatteredRealms/go-backend/pkg/service/character_s.go:109.30,111.3 1 3
github.com/ShatteredRealms/go-backend/pkg/service/character_s.go:113.2,114.39 1 3
github.com/ShatteredRealms/go-backend/pkg/service/character_s.go:114.39,116.3 1 3
github.com/ShatteredRealms/go-backend/pkg/service/character_s.go:118.2,119.16 2 3
github.com/ShatteredRealms/go-backend/pkg/service/character_s.go:119.16,121.3 1 1
github.com/ShatteredRealms/go-backend/pkg/service/character_s.go:123.2,123.43 1 2
github.com/ShatteredRealms/go-backend/pkg/service/character_s.go:126.70,128.16 2 3
github.com/ShatteredRealms/go-backend/pkg/service/character_s.go:128.16,130.3 1 1
github.com/ShatteredRealms/go-backend/pkg/service/character_s.go:132.2,132.22 1 2
github.com/ShatteredRealms/go-backend/pkg/service/character_s.go:132.22,134.3 1 1
github.com/ShatteredRealms/go-backend/pkg/service/character_s.go:136.2,136.38 1 1
github.com/ShatteredRealms/go-backend/pkg/service/character_s.go:139.82,141.2 1 1
github.com/ShatteredRealms/go-backend/pkg/service/character_s.go:143.103,145.2 1 1
github.com/ShatteredRealms/go-backend/pkg/service/character_s.go:147.119,149.16 2 2
github.com/ShatteredRealms/go-backend/pkg/service/character_s.go:149.16,151.3 1 1
github.com/ShatteredRealms/go-backend/pkg/service/character_s.go:153.2,156.23 3 1
github.com/ShatteredRealms/go-backend/pkg/service/chat_s.go:53.132,55.2 1 1
github.com/ShatteredRealms/go-backend/pkg/service/chat_s.go:57.120,59.2 1 1
github.com/ShatteredRealms/go-backend/pkg/service/chat_s.go:61.123,66.16 4 2
github.com/ShatteredRealms/go-backend/pkg/service/chat_s.go:66.16,68.3 1 1
github.com/ShatteredRealms/go-backend/pkg/service/chat_s.go:70.2,70.33 1 1
github.com/ShatteredRealms/go-backend/pkg/service/chat_s.go:70.33,72.3 1 1
github.com/ShatteredRealms/go-backend/pkg/service/chat_s.go:74.2,74.38 1 1
github.com/ShatteredRealms/go-backend/pkg/service/chat_s.go:74.38,76.3 1 1
github.com/ShatteredRealms/go-backend/pkg/service/chat_s.go:78.2,78.47 1 1
github.com/ShatteredRealms/go-backend/pkg/service/chat_s.go:81.91,83.2 1 3
github.com/ShatteredRealms/go-backend/pkg/service/chat_s.go:85.95,98.2 5 1
github.com/ShatteredRealms/go-backend/pkg/service/chat_s.go:100.100,113.2 5 1
github.com/ShatteredRealms/go-backend/pkg/service/chat_s.go:114.122,118.23 3 3
github.com/ShatteredRealms/go-backend/pkg/service/chat_s.go:118.23,120.3 1 1
github.com/ShatteredRealms/go-backend/pkg/service/chat_s.go:122.2,129.3 2 2
github.com/ShatteredRealms/go-backend/pkg/service/chat_s.go:132.133,136.23 3 7
github.com/ShatteredRealms/go-backend/pkg/service/chat_s.go:136.23,138.3 1 1
github.com/ShatteredRealms/go-backend/pkg/service/chat_s.go:139.2,146.3 2 6
github.com/ShatteredRealms/go-backend/pkg/service/chat_s.go:149.83,151.2 1 3
github.com/ShatteredRealms/go-backend/pkg/service/chat_s.go:153.113,155.16 2 2
github.com/ShatteredRealms/go-backend/pkg/service/chat_s.go:155.16,157.3 1 1
github.com/ShatteredRealms/go-backend/pkg/service/chat_s.go:159.2,160.24 2 1
github.com/ShatteredRealms/go-backend/pkg/service/chat_s.go:163.91,165.16 2 2
github.com/ShatteredRealms/go-backend/pkg/service/chat_s.go:165.16,167.3 1 1
github.com/ShatteredRealms/go-backend/pkg/service/chat_s.go:169.2,171.12 2 1
github.com/ShatteredRealms/go-backend/pkg/service/chat_s.go:174.134,179.16 4 4
github.com/ShatteredRealms/go-backend/pkg/service/chat_s.go:179.16,181.3 1 1
github.com/ShatteredRealms/go-backend/pkg/service/chat_s.go:183.2,184.16 2 3
github.com/ShatteredRealms/go-backend/pkg/service/chat_s.go:184.16,186.3 1 1
github.com/ShatteredRealms/go-backend/pkg/service/chat_s.go:188.2,196.16 3 2
github.com/ShatteredRealms/go-backend/pkg/service/chat_s.go:196.16,198.3 1 1
github.com/ShatteredRealms/go-backend/pkg/service/chat_s.go:200.2,202.37 2 1
github.com/ShatteredRealms/go-backend/pkg/service/chat_s.go:202.37,204.3 1 2
github.com/ShatteredRealms/go-backend/pkg/service/chat_s.go:206.2,207.16 2 1
github.com/ShatteredRealms/go-backend/pkg/service/chat_s.go:207.16,209.3 1 0
github.com/ShatteredRealms/go-backend/pkg/service/chat_s.go:211.2,211.21 1 1
github.com/ShatteredRealms/go-backend/pkg/service/chat_s.go:215.99,217.2 1 5
github.com/ShatteredRealms/go-backend/pkg/service/chat_s.go:219.81,225.2 1 3
github.com/ShatteredRealms/go-backend/pkg/service/chat_s.go:227.68,233.2 1 5
github.com/ShatteredRealms/go-backend/pkg/service/chat_s.go:235.50,237.2 1 6
github.com/ShatteredRealms/go-backend/pkg/service/chat_s.go:239.49,241.2 1 8
github.com/ShatteredRealms/go-backend/pkg/service/chat_s.go:243.97,247.47 3 2
github.com/ShatteredRealms/go-backend/pkg/service/chat_s.go:247.47,254.3 1 1
github.com/ShatteredRealms/go-backend/pkg/service/chat_s.go:256.2,256.43 1 2
github.com/ShatteredRealms/go-backend/pkg/service/chat_s.go:259.96,263.41 3 6
github.com/ShatteredRealms/go-backend/pkg/service/chat_s.go:263.41,270.3 1 2
github.com/ShatteredRealms/go-backend/pkg/service/chat_s.go:272.2,272.37 1 6
github.com/ShatteredRealms/go-backend/pkg/service/gamebackend_s.go:80.119,81.35 1 14
github.com/ShatteredRealms/go-backend/pkg/service/gamebackend_s.go:82.32,83.60 1 8
github.com/ShatteredRealms/go-backend/pkg/service/gamebackend_s.go:85.30,87.17 2 5
github.com/ShatteredRealms/go-backend/pkg/service/gamebackend_s.go:87.17,89.4 1 1
github.com/ShatteredRealms/go-backend/pkg/service/gamebackend_s.go:90.3,90.55 1 4
github.com/ShatteredRealms/go-backend/pkg/service/gamebackend_s.go:92.10,94.43 2 1
github.com/ShatteredRealms/go-backend/pkg/service/gamebackend_s.go:100.101,101.35 1 0
github.com/ShatteredRealms/go-backend/pkg/service/gamebackend_s.go:102.26,103.54 1 0
github.com/ShatteredRealms/go-backend/pkg/service/gamebackend_s.go:105.24,107.17 2 0
github.com/ShatteredRealms/go-backend/pkg/service/gamebackend_s.go:107.17,109.4 1 0
github.com/ShatteredRealms/go-backend/pkg/service/gamebackend_s.go:110.3,110.49 1 0
github.com/ShatteredRealms/go-backend/pkg/service/gamebackend_s.go:112.10,114.43 2 0
github.com/ShatteredRealms/go-backend/pkg/service/gamebackend_s.go:120.137,122.16 2 6
github.com/ShatteredRealms/go-backend/pkg/service/gamebackend_s.go:122.16,124.3 1 2
github.com/ShatteredRealms/go-backend/pkg/service/gamebackend_s.go:125.2,125.22 1 4
github.com/ShatteredRealms/go-backend/pkg/service/gamebackend_s.go:125.22,128.3 1 2
github.com/ShatteredRealms/go-backend/pkg/service/gamebackend_s.go:130.2,131.35 2 2
github.com/ShatteredRealms/go-backend/pkg/service/gamebackend_s.go:131.35,133.3 1 2
github.com/ShatteredRealms/go-backend/pkg/service/gamebackend_s.go:135.2,135.97 1 2
github.com/ShatteredRealms/go-backend/pkg/service/gamebackend_s.go:141.31,143.16 2 43
github.com/ShatteredRealms/go-backend/pkg/service/gamebackend_s.go:143.16,145.3 1 1
github.com/ShatteredRealms/go-backend/pkg/service/gamebackend_s.go:147.2,149.8 1 42
github.com/ShatteredRealms/go-backend/pkg/service/gamebackend_s.go:157.37,159.2 1 1
github.com/ShatteredRealms/go-backend/pkg/service/gamebackend_s.go:162.141,164.15 2 4
github.com/ShatteredRealms/go-backend/pkg/service/gamebackend_s.go:164.15,166.3 1 1
github.com/ShatteredRealms/go-backend/pkg/service/gamebackend_s.go:168.2,168.33 1 3
github.com/ShatteredRealms/go-backend/pkg/service/gamebackend_s.go:168.33,171.3 2 1
github.com/ShatteredRealms/go-backend/pkg/service/gamebackend_s.go:174.2,175.43 2 2
github.com/ShatteredRealms/go-backend/pkg/service/gamebackend_s.go:175.43,179.3 3 1
github.com/ShatteredRealms/go-backend/pkg/service/gamebackend_s.go:181.2,182.16 2 1
github.com/ShatteredRealms/go-backend/pkg/service/gamebackend_s.go:186.160,188.2 1 1
github.com/ShatteredRealms/go-backend/pkg/service/gamebackend_s.go:191.142,193.2 1 1
github.com/ShatteredRealms/go-backend/pkg/service/gamebackend_s.go:196.92,198.2 1 1
github.com/ShatteredRealms/go-backend/pkg/service/gamebackend_s.go:201.92,203.2 1 1
github.com/ShatteredRealms/go-backend/pkg/service/gamebackend_s.go:206.86,208.2 1 1
github.com/ShatteredRealms/go-backend/pkg/service/gamebackend_s.go:211.86,213.2 1 1
github.com/ShatteredRealms/go-backend/pkg/service/gamebackend_s.go:216.125,219.16 2 8
github.com/ShatteredRealms/go-backend/pkg/service/gamebackend_s.go:219.16,221.3 1 2
github.com/ShatteredRealms/go-backend/pkg/service/gamebackend_s.go:223.2,223.29 1 6
github.com/ShatteredRealms/go-backend/pkg/service/gamebackend_s.go:223.29,226.3 1 1
github.com/ShatteredRealms/go-backend/pkg/service/gamebackend_s.go:228.2,228.33 1 5
github.com/ShatteredRealms/go-backend/pkg/service/gamebackend_s.go:228.33,230.3 1 5
github.com/ShatteredRealms/go-backend/pkg/service/gamebackend_s.go:232.2,232.36 1 5
github.com/ShatteredRealms/go-backend/pkg/service/gamebackend_s.go:232.36,234.3 1 5
github.com/ShatteredRealms/go-backend/pkg/service/gamebackend_s.go:236.2,236.37 1 5
github.com/ShatteredRealms/go-backend/pkg/service/gamebackend_s.go:236.37,238.3 1 5
github.com/ShatteredRealms/go-backend/pkg/service/gamebackend_s.go:240.2,240.22 1 5
github.com/ShatteredRealms/go-backend/pkg/service/gamebackend_s.go:240.22,242.17 2 5
github.com/ShatteredRealms/go-backend/pkg/service/gamebackend_s.go:242.17,244.4 1 1
github.com/ShatteredRealms/go-backend/pkg/service/gamebackend_s.go:246.3,247.17 2 4
github.com/ShatteredRealms/go-backend/pkg/service/gamebackend_s.go:247.17,249.4 1 2
github.com/ShatteredRealms/go-backend/pkg/service/gamebackend_s.go:251.3,251.28 1 2
github.com/ShatteredRealms/go-backend/pkg/service/gamebackend_s.go:251.28,255.36 4 1
github.com/ShatteredRealms/go-backend/pkg/service/gamebackend_s.go:255.36,257.5 1 2
github.com/ShatteredRealms/go-backend/pkg/service/gamebackend_s.go:258.4,258.27 1 1
github.com/ShatteredRealms/go-backend/pkg/service/gamebackend_s.go:258.27,259.35 1 1
github.com/ShatteredRealms/go-backend/pkg/service/gamebackend_s.go:259.35,262.6 2 1
github.com/ShatteredRealms/go-backend/pkg/service/gamebackend_s.go:264.4,264.68 1 1
github.com/ShatteredRealms/go-backend/pkg/service/gamebackend_s.go:267.3,267.31 1 1
github.com/ShatteredRealms/go-backend/pkg/service/gamebackend_s.go:270.2,270.63 1 1
github.com/ShatteredRealms/go-backend/pkg/service/gamebackend_s.go:274.107,278.48 3 4
github.com/ShatteredRealms/go-backend/pkg/service/gamebackend_s.go:279.24,281.17 2 2
github.com/ShatteredRealms/go-backend/pkg/service/gamebackend_s.go:281.17,283.4 1 1
github.com/ShatteredRealms/go-backend/pkg/service/gamebackend_s.go:284.3,284.44 1 1
github.com/ShatteredRealms/go-backend/pkg/service/gamebackend_s.go:285.26,286.54 1 1
github.com/ShatteredRealms/go-backend/pkg/service/gamebackend_s.go:287.10,289.37 2 1
github.com/ShatteredRealms/go-backend/pkg/service/gamebackend_s.go:293.2,293.16 1 3
github.com/ShatteredRealms/go-backend/pkg/service/gamebackend_s.go:293.16,295.3 1 1
github.com/ShatteredRealms/go-backend/pkg/service/gamebackend_s.go:297.2,297.23 1 2
github.com/ShatteredRealms/go-backend/pkg/service/gamebackend_s.go:297.23,300.3 1 1
github.com/ShatteredRealms/go-backend/pkg/service/gamebackend_s.go:302.2,302.33 1 1
github.com/ShatteredRealms/go-backend/pkg/service/gamebackend_s.go:302.33,304.3 1 1
github.com/ShatteredRealms/go-backend/pkg/service/gamebackend_s.go:306.2,306.33 1 1
github.com/ShatteredRealms/go-backend/pkg/service/gamebackend_s.go:306.33,308.3 1 1
github.com/ShatteredRealms/go-backend/pkg/service/gamebackend_s.go:310.2,310.39 1 1
github.com/ShatteredRealms/go-backend/pkg/service/gamebackend_s.go:310.39,312.3 1 1
github.com/ShatteredRealms/go-backend/pkg/service/gamebackend_s.go:314.2,314.38 1 1
github.com/ShatteredRealms/go-backend/pkg/service/gamebackend_s.go:314.38,316.3 1 1
github.com/ShatteredRealms/go-backend/pkg/service/gamebackend_s.go:318.2,318.51 1 1
github.com/ShatteredRealms/go-backend/pkg/service/gamebackend_s.go:322.95,324.2 1 1
github.com/ShatteredRealms/go-backend/pkg/service/gamebackend_s.go:327.83,329.2 1 1
github.com/ShatteredRealms/go-backend/pkg/service/gamebackend_s.go:332.110,334.2 1 1
github.com/ShatteredRealms/go-backend/pkg/service/gamebackend_s.go:337.110,339.2 1 1
github.com/ShatteredRealms/go-backend/pkg/service/gamebackend_s.go:342.115,344.2 1 1
github.com/ShatteredRealms/go-backend/pkg/service/gamebackend_s.go:347.115,349.2 1 1
github.com/ShatteredRealms/go-backend/pkg/service/gamebackend_s.go:352.120,354.2 1 1
github.com/ShatteredRealms/go-backend/pkg/service/gamebackend_s.go:357.98,359.2 1 2
github.com/ShatteredRealms/go-backend/pkg/service/gamebackend_s.go:362.98,364.2 1 2
github.com/ShatteredRealms/go-backend/pkg/service/gamebackend_s.go:367.103,369.2 1 1
github.com/ShatteredRealms/go-backend/pkg/service/gamebackend_s.go:372.103,374.2 1 1
github.com/ShatteredRealms/go-backend/pkg/service/gamebackend_s.go:377.101,378.35 1 0
github.com/ShatteredRealms/go-backend/pkg/service/gamebackend_s.go:379.32,380.46 1 0
github.com/ShatteredRealms/go-backend/pkg/service/gamebackend_s.go:382.30,384.17 2 0
github.com/ShatteredRealms/go-backend/pkg/service/gamebackend_s.go:384.17,386.4 1 0
github.com/ShatteredRealms/go-backend/pkg/service/gamebackend_s.go:387.3,387.41 1 0
github.com/ShatteredRealms/go-backend/pkg/service/gamebackend_s.go:389.10,391.38 2 0
github.com/ShatteredRealms/go-backend/pkg/service/gamebackend_s.go:397.89,398.35 1 0
github.com/ShatteredRealms/go-backend/pkg/service/gamebackend_s.go:399.26,400.40 1 0
github.com/ShatteredRealms/go-backend/pkg/service/gamebackend_s.go:402.24,404.17 2 0
github.com/ShatteredRealms/go-backend/pkg/service/gamebackend_s.go:404.17,406.4 1 0
github.com/ShatteredRealms/go-backend/pkg/service/gamebackend_s.go:407.3,407.35 1 0
github.com/ShatteredRealms/go-backend/pkg/service/gamebackend_s.go:409.10,411.38 2 0
github.com/ShatteredRealms/go-backend/pkg/service/inventory_s.go:19.80,23.2 1 2
github.com/ShatteredRealms/go-backend/pkg/service/inventory_s.go:26.115,28.2 1 1
github.com/ShatteredRealms/go-backend/pkg/service/inventory_s.go:31.108,33.2 1 1
github.com/ShatteredRealms/go-backend/pkg/srv/character.go:50.62,53.2 2 124
github.com/ShatteredRealms/go-backend/pkg/srv/character.go:59.33,61.16 2 6
github.com/ShatteredRealms/go-backend/pkg/srv/character.go:61.16,64.3 2 1
github.com/ShatteredRealms/go-backend/pkg/srv/character.go:67.2,67.81 1 5
github.com/ShatteredRealms/go-backend/pkg/srv/character.go:67.81,69.3 1 1
github.com/ShatteredRealms/go-backend/pkg/srv/character.go:71.2,72.16 2 4
github.com/ShatteredRealms/go-backend/pkg/srv/character.go:72.16,74.3 1 1
github.com/ShatteredRealms/go-backend/pkg/srv/character.go:77.2,78.16 2 3
github.com/ShatteredRealms/go-backend/pkg/srv/character.go:78.16,80.3 1 1
github.com/ShatteredRealms/go-backend/pkg/srv/character.go:82.2,82.60 1 2
github.com/ShatteredRealms/go-backend/pkg/srv/character.go:89.33,91.16 2 12
github.com/ShatteredRealms/go-backend/pkg/srv/character.go:91.16,94.3 2 1
github.com/ShatteredRealms/go-backend/pkg/srv/character.go:97.2,97.80 1 11
github.com/ShatteredRealms/go-backend/pkg/srv/character.go:97.80,99.3 1 1
github.com/ShatteredRealms/go-backend/pkg/srv/character.go:101.2,102.16 2 10
github.com/ShatteredRealms/go-backend/pkg/srv/character.go:102.16,104.3 1 0
github.com/ShatteredRealms/go-backend/pkg/srv/character.go:107.2,107.114 1 10
github.com/ShatteredRealms/go-backend/pkg/srv/character.go:107.114,109.3 1 2
github.com/ShatteredRealms/go-backend/pkg/srv/character.go:112.2,113.31 2 8
github.com/ShatteredRealms/go-backend/pkg/srv/character.go:113.31,116.3 2 2
github.com/ShatteredRealms/go-backend/pkg/srv/character.go:118.2,126.8 1 6
github.com/ShatteredRealms/go-backend/pkg/srv/character.go:133.27,135.16 2 7
github.com/ShatteredRealms/go-backend/pkg/srv/character.go:135.16,138.3 2 1
github.com/ShatteredRealms/go-backend/pkg/srv/character.go:141.2,141.80 1 6
github.com/ShatteredRealms/go-backend/pkg/srv/character.go:141.80,143.3 1 1
github.com/ShatteredRealms/go-backend/pkg/srv/character.go:145.2,146.16 2 5
github.com/ShatteredRealms/go-backend/pkg/srv/character.go:146.16,148.3 1 2
github.com/ShatteredRealms/go-backend/pkg/srv/character.go:150.2,150.22 1 3
github.com/ShatteredRealms/go-backend/pkg/srv/character.go:150.22,152.3 1 0
github.com/ShatteredRealms/go-backend/pkg/srv/character.go:155.2,155.124 1 3
github.com/ShatteredRealms/go-backend/pkg/srv/character.go:155.124,157.3 1 1
github.com/ShatteredRealms/go-backend/pkg/srv/character.go:159.2,160.16 2 2
github.com/ShatteredRealms/go-backend/pkg/srv/character.go:160.16,163.3 2 0
github.com/ShatteredRealms/go-backend/pkg/srv/character.go:165.2,165.30 1 2
github.com/ShatteredRealms/go-backend/pkg/srv/character.go:172.27,174.16 2 6
github.com/ShatteredRealms/go-backend/pkg/srv/character.go:174.16,177.3 2 1
github.com/ShatteredRealms/go-backend/pkg/srv/character.go:180.2,180.85 1 5
github.com/ShatteredRealms/go-backend/pkg/srv/character.go:180.85,182.3 1 2
github.com/ShatteredRealms/go-backend/pkg/srv/character.go:185.2,185.81 1 3
github.com/ShatteredRealms/go-backend/pkg/srv/character.go:185.81,187.3 1 0
github.com/ShatteredRealms/go-backend/pkg/srv/character.go:189.2,190.16 2 3
github.com/ShatteredRealms/go-backend/pkg/srv/character.go:190.16,193.3 2 1
github.com/ShatteredRealms/go-backend/pkg/srv/character.go:195.2,195.30 1 2
github.com/ShatteredRealms/go-backend/pkg/srv/character.go:202.33,204.16 2 8
github.com/ShatteredRealms/go-backend/pkg/srv/character.go:204.16,207.3 2 1
github.com/ShatteredRealms/go-backend/pkg/srv/character.go:210.2,210.80 1 7
github.com/ShatteredRealms/go-backend/pkg/srv/character.go:210.80,213.3 2 0
github.com/ShatteredRealms/go-backend/pkg/srv/character.go:215.2,216.16 2 7
github.com/ShatteredRealms/go-backend/pkg/srv/character.go:216.16,219.3 2 2
github.com/ShatteredRealms/go-backend/pkg/srv/character.go:221.2,221.22 1 5
github.com/ShatteredRealms/go-backend/pkg/srv/character.go:221.22,223.3 1 0
github.com/ShatteredRealms/go-backend/pkg/srv/character.go:225.2,225.124 1 5
github.com/ShatteredRealms/go-backend/pkg/srv/character.go:225.124,228.3 2 1
github.com/ShatteredRealms/go-backend/pkg/srv/character.go:230.2,230.30 1 4
github.com/ShatteredRealms/go-backend/pkg/srv/character.go:237.34,239.16 2 8
github.com/ShatteredRealms/go-backend/pkg/srv/character.go:239.16,242.3 2 1
github.com/ShatteredRealms/go-backend/pkg/srv/character.go:245.2,245.80 1 7
github.com/ShatteredRealms/go-backend/pkg/srv/character.go:245.80,247.3 1 1
github.com/ShatteredRealms/go-backend/pkg/srv/character.go:249.2,250.16 2 6
github.com/ShatteredRealms/go-backend/pkg/srv/character.go:250.16,253.3 2 0
github.com/ShatteredRealms/go-backend/pkg/srv/character.go:256.2,257.83 1 6
github.com/ShatteredRealms/go-backend/pkg/srv/character.go:257.83,259.3 1 1
github.com/ShatteredRealms/go-backend/pkg/srv/character.go:261.2,262.16 2 5
github.com/ShatteredRealms/go-backend/pkg/srv/character.go:262.16,265.3 2 1
github.com/ShatteredRealms/go-backend/pkg/srv/character.go:267.2,267.26 1 4
github.com/ShatteredRealms/go-backend/pkg/srv/character.go:274.34,276.16 2 5
github.com/ShatteredRealms/go-backend/pkg/srv/character.go:276.16,279.3 2 1
github.com/ShatteredRealms/go-backend/pkg/srv/character.go:282.2,282.85 1 4
github.com/ShatteredRealms/go-backend/pkg/srv/character.go:282.85,284.3 1 2
github.com/ShatteredRealms/go-backend/pkg/srv/character.go:286.2,287.16 2 2
github.com/ShatteredRealms/go-backend/pkg/srv/character.go:287.16,290.3 2 1
github.com/ShatteredRealms/go-backend/pkg/srv/character.go:292.2,292.26 1 1
github.com/ShatteredRealms/go-backend/pkg/srv/character.go:299.26,301.16 2 8
github.com/ShatteredRealms/go-backend/pkg/srv/character.go:301.16,304.3 2 1
github.com/ShatteredRealms/go-backend/pkg/srv/character.go:307.2,307.80 1 7
github.com/ShatteredRealms/go-backend/pkg/srv/character.go:307.80,309.3 1 2
github.com/ShatteredRealms/go-backend/pkg/srv/character.go:311.2,312.16 2 5
github.com/ShatteredRealms/go-backend/pkg/srv/character.go:312.16,314.3 1 2
github.com/ShatteredRealms/go-backend/pkg/srv/character.go:316.2,316.22 1 3
github.com/ShatteredRealms/go-backend/pkg/srv/character.go:316.22,318.3 1 0
github.com/ShatteredRealms/go-backend/pkg/srv/character.go:320.2,321.16 2 3
github.com/ShatteredRealms/go-backend/pkg/srv/character.go:321.16,322.34 1 1
github.com/ShatteredRealms/go-backend/pkg/srv/character.go:322.34,324.4 1 1
github.com/ShatteredRealms/go-backend/pkg/srv/character.go:326.3,326.101 1 0
github.com/ShatteredRealms/go-backend/pkg/srv/character.go:329.2,329.24 1 2
github.com/ShatteredRealms/go-backend/pkg/srv/character.go:336.27,338.16 2 9
github.com/ShatteredRealms/go-backend/pkg/srv/character.go:338.16,341.3 2 1
github.com/ShatteredRealms/go-backend/pkg/srv/character.go:344.2,344.80 1 8
github.com/ShatteredRealms/go-backend/pkg/srv/character.go:344.80,346.3 1 2
github.com/ShatteredRealms/go-backend/pkg/srv/character.go:348.2,349.16 2 6
github.com/ShatteredRealms/go-backend/pkg/srv/character.go:349.16,351.3 1 2
github.com/ShatteredRealms/go-backend/pkg/srv/character.go:353.2,353.22 1 4
github.com/ShatteredRealms/go-backend/pkg/srv/character.go:353.22,355.3 1 0
github.com/ShatteredRealms/go-backend/pkg/srv/character.go:357.2,363.16 3 4
github.com/ShatteredRealms/go-backend/pkg/srv/character.go:363.16,364.34 1 2
github.com/ShatteredRealms/go-backend/pkg/srv/character.go:364.34,366.4 1 1
github.com/ShatteredRealms/go-backend/pkg/srv/character.go:368.3,368.101 1 1
github.com/ShatteredRealms/go-backend/pkg/srv/character.go:371.2,371.30 1 2
github.com/ShatteredRealms/go-backend/pkg/srv/character.go:377.38,384.16 2 64
github.com/ShatteredRealms/go-backend/pkg/srv/character.go:384.16,386.3 1 0
github.com/ShatteredRealms/go-backend/pkg/srv/character.go:388.2,395.16 2 64
github.com/ShatteredRealms/go-backend/pkg/srv/character.go:395.16,397.3 1 0
github.com/ShatteredRealms/go-backend/pkg/srv/character.go:399.2,401.8 1 64
github.com/ShatteredRealms/go-backend/pkg/srv/character.go:404.94,411.16 2 0
github.com/ShatteredRealms/go-backend/pkg/srv/character.go:411.16,413.3 1 0
github.com/ShatteredRealms/go-backend/pkg/srv/character.go:415.2,418.8 1 0
github.com/ShatteredRealms/go-backend/pkg/srv/character.go:424.17,426.39 2 4
github.com/ShatteredRealms/go-backend/pkg/srv/character.go:427.30,428.32 1 2
github.com/ShatteredRealms/go-backend/pkg/srv/character.go:429.32,431.17 2 2
github.com/ShatteredRealms/go-backend/pkg/srv/character.go:431.17,434.4 2 1
github.com/ShatteredRealms/go-backend/pkg/srv/character.go:435.3,435.18 1 1
github.com/ShatteredRealms/go-backend/pkg/srv/character.go:435.18,437.4 1 0
github.com/ShatteredRealms/go-backend/pkg/srv/character.go:439.3,439.24 1 1
github.com/ShatteredRealms/go-backend/pkg/srv/character.go:440.10,442.41 2 0
github.com/ShatteredRealms/go-backend/pkg/srv/character.go:445.2,445.25 1 3
github.com/ShatteredRealms/go-backend/pkg/srv/character.go:451.29,455.43 3 23
github.com/ShatteredRealms/go-backend/pkg/srv/character.go:455.43,457.3 1 0
github.com/ShatteredRealms/go-backend/pkg/srv/character.go:459.2,459.39 1 23
github.com/ShatteredRealms/go-backend/pkg/srv/character.go:460.30,461.76 1 19
github.com/ShatteredRealms/go-backend/pkg/srv/character.go:463.32,464.74 1 4
github.com/ShatteredRealms/go-backend/pkg/srv/character.go:466.10,468.43 2 0
github.com/ShatteredRealms/go-backend/pkg/srv/character.go:471.2,471.16 1 23
github.com/ShatteredRealms/go-backend/pkg/srv/character.go:471.16,474.3 2 3
github.com/ShatteredRealms/go-backend/pkg/srv/character.go:476.2,476.22 1 20
github.com/ShatteredRealms/go-backend/pkg/srv/character.go:476.22,479.3 2 5
github.com/ShatteredRealms/go-backend/pkg/srv/character.go:481.2,481.23 1 15
github.com/ShatteredRealms/go-backend/pkg/srv/character.go:487.19,494.16 2 16
github.com/ShatteredRealms/go-backend/pkg/srv/character.go:494.16,497.3 2 0
github.com/ShatteredRealms/go-backend/pkg/srv/character.go:499.2,500.61 2 16
github.com/ShatteredRealms/go-backend/pkg/srv/character.go:500.61,510.17 2 4
github.com/ShatteredRealms/go-backend/pkg/srv/character.go:510.17,513.4 2 0
github.com/ShatteredRealms/go-backend/pkg/srv/character.go:514.3,514.38 1 4
github.com/ShatteredRealms/go-backend/pkg/srv/character.go:514.38,516.4 1 0
github.com/ShatteredRealms/go-backend/pkg/srv/character.go:518.3,518.24 1 4
github.com/ShatteredRealms/go-backend/pkg/srv/character.go:521.2,521.21 1 16
github.com/ShatteredRealms/go-backend/pkg/srv/chat.go:39.57,42.2 2 62
github.com/ShatteredRealms/go-backend/pkg/srv/chat.go:47.9,49.16 2 7
github.com/ShatteredRealms/go-backend/pkg/srv/chat.go:49.16,52.3 2 1
github.com/ShatteredRealms/go-backend/pkg/srv/chat.go:55.2,55.59 1 6
github.com/ShatteredRealms/go-backend/pkg/srv/chat.go:55.59,57.3 1 1
github.com/ShatteredRealms/go-backend/pkg/srv/chat.go:60.2,60.72 1 5
github.com/ShatteredRealms/go-backend/pkg/srv/chat.go:60.72,62.17 2 4
github.com/ShatteredRealms/go-backend/pkg/srv/chat.go:62.17,65.4 2 3
github.com/ShatteredRealms/go-backend/pkg/srv/chat.go:68.2,70.6 2 2
github.com/ShatteredRealms/go-backend/pkg/srv/chat.go:70.6,72.17 2 2
github.com/ShatteredRealms/go-backend/pkg/srv/chat.go:72.17,75.4 2 0
github.com/ShatteredRealms/go-backend/pkg/srv/chat.go:77.3,82.17 2 2
github.com/ShatteredRealms/go-backend/pkg/srv/chat.go:82.17,85.4 2 2
github.com/ShatteredRealms/go-backend/pkg/srv/chat.go:92.9,94.16 2 8
github.com/ShatteredRealms/go-backend/pkg/srv/chat.go:94.16,97.3 2 1
github.com/ShatteredRealms/go-backend/pkg/srv/chat.go:100.2,100.59 1 7
github.com/ShatteredRealms/go-backend/pkg/srv/chat.go:100.59,102.3 1 1
github.com/ShatteredRealms/go-backend/pkg/srv/chat.go:104.2,105.30 2 6
github.com/ShatteredRealms/go-backend/pkg/srv/chat.go:105.30,106.73 1 2
github.com/ShatteredRealms/go-backend/pkg/srv/chat.go:106.73,108.4 1 1
github.com/ShatteredRealms/go-backend/pkg/srv/chat.go:109.8,109.23 1 4
github.com/ShatteredRealms/go-backend/pkg/srv/chat.go:109.23,111.3 1 2
github.com/ShatteredRealms/go-backend/pkg/srv/chat.go:113.2,114.6 2 3
github.com/ShatteredRealms/go-backend/pkg/srv/chat.go:114.6,116.17 2 3
github.com/ShatteredRealms/go-backend/pkg/srv/chat.go:116.17,119.4 2 0
github.com/ShatteredRealms/go-backend/pkg/srv/chat.go:121.3,126.17 2 3
github.com/ShatteredRealms/go-backend/pkg/srv/chat.go:126.17,129.4 2 3
github.com/ShatteredRealms/go-backend/pkg/srv/chat.go:136.27,138.16 2 11
github.com/ShatteredRealms/go-backend/pkg/srv/chat.go:138.16,141.3 2 2
github.com/ShatteredRealms/go-backend/pkg/srv/chat.go:144.2,144.59 1 9
github.com/ShatteredRealms/go-backend/pkg/srv/chat.go:144.59,147.3 2 1
github.com/ShatteredRealms/go-backend/pkg/srv/chat.go:148.2,152.16 2 8
github.com/ShatteredRealms/go-backend/pkg/srv/chat.go:152.16,155.3 2 3
github.com/ShatteredRealms/go-backend/pkg/srv/chat.go:159.2,159.72 1 5
github.com/ShatteredRealms/go-backend/pkg/srv/chat.go:159.72,161.17 2 4
github.com/ShatteredRealms/go-backend/pkg/srv/chat.go:161.17,164.4 2 0
github.com/ShatteredRealms/go-backend/pkg/srv/chat.go:166.3,167.17 2 4
github.com/ShatteredRealms/go-backend/pkg/srv/chat.go:167.17,170.4 2 1
github.com/ShatteredRealms/go-backend/pkg/srv/chat.go:172.3,173.36 2 3
github.com/ShatteredRealms/go-backend/pkg/srv/chat.go:173.36,174.45 1 2
github.com/ShatteredRealms/go-backend/pkg/srv/chat.go:174.45,176.10 2 2
github.com/ShatteredRealms/go-backend/pkg/srv/chat.go:179.3,179.15 1 3
github.com/ShatteredRealms/go-backend/pkg/srv/chat.go:179.15,182.4 2 1
github.com/ShatteredRealms/go-backend/pkg/srv/chat.go:185.2,191.16 2 3
github.com/ShatteredRealms/go-backend/pkg/srv/chat.go:191.16,194.3 2 1
github.com/ShatteredRealms/go-backend/pkg/srv/chat.go:196.2,196.30 1 2
github.com/ShatteredRealms/go-backend/pkg/srv/chat.go:202.27,204.16 2 9
github.com/ShatteredRealms/go-backend/pkg/srv/chat.go:204.16,207.3 2 2
github.com/ShatteredRealms/go-backend/pkg/srv/chat.go:210.2,210.59 1 7
github.com/ShatteredRealms/go-backend/pkg/srv/chat.go:210.59,212.3 1 1
github.com/ShatteredRealms/go-backend/pkg/srv/chat.go:214.2,217.16 1 6
github.com/ShatteredRealms/go-backend/pkg/srv/chat.go:217.16,219.3 1 3
github.com/ShatteredRealms/go-backend/pkg/srv/chat.go:221.2,222.16 2 3
github.com/ShatteredRealms/go-backend/pkg/srv/chat.go:222.16,225.3 2 0
github.com/ShatteredRealms/go-backend/pkg/srv/chat.go:226.2,227.16 2 3
github.com/ShatteredRealms/go-backend/pkg/srv/chat.go:227.16,229.3 1 0
github.com/ShatteredRealms/go-backend/pkg/srv/chat.go:231.2,236.16 1 3
github.com/ShatteredRealms/go-backend/pkg/srv/chat.go:236.16,239.3 2 1
github.com/ShatteredRealms/go-backend/pkg/srv/chat.go:241.2,241.30 1 2
github.com/ShatteredRealms/go-backend/pkg/srv/chat.go:247.28,249.16 2 7
github.com/ShatteredRealms/go-backend/pkg/srv/chat.go:249.16,252.3 2 2
github.com/ShatteredRealms/go-backend/pkg/srv/chat.go:255.2,255.72 1 5
github.com/ShatteredRealms/go-backend/pkg/srv/chat.go:255.72,257.3 1 2
github.com/ShatteredRealms/go-backend/pkg/srv/chat.go:259.2,260.16 2 3
github.com/ShatteredRealms/go-backend/pkg/srv/chat.go:260.16,263.3 2 1
github.com/ShatteredRealms/go-backend/pkg/srv/chat.go:265.2,265.14 1 2
github.com/ShatteredRealms/go-backend/pkg/srv/chat.go:265.14,267.3 1 1
github.com/ShatteredRealms/go-backend/pkg/srv/chat.go:269.2,269.22 1 1
github.com/ShatteredRealms/go-backend/pkg/srv/chat.go:275.27,277.16 2 7
github.com/ShatteredRealms/go-backend/pkg/srv/chat.go:277.16,280.3 2 2
github.com/ShatteredRealms/go-backend/pkg/srv/chat.go:283.2,283.72 1 5
github.com/ShatteredRealms/go-backend/pkg/srv/chat.go:283.72,285.3 1 2
github.com/ShatteredRealms/go-backend/pkg/srv/chat.go:287.2,295.16 2 3
github.com/ShatteredRealms/go-backend/pkg/srv/chat.go:295.16,296.44 1 2
github.com/ShatteredRealms/go-backend/pkg/srv/chat.go:296.44,298.4 1 1
github.com/ShatteredRealms/go-backend/pkg/srv/chat.go:300.3,301.76 2 1
github.com/ShatteredRealms/go-backend/pkg/srv/chat.go:304.2,304.30 1 1
github.com/ShatteredRealms/go-backend/pkg/srv/chat.go:310.27,312.16 2 7
github.com/ShatteredRealms/go-backend/pkg/srv/chat.go:312.16,315.3 2 2
github.com/ShatteredRealms/go-backend/pkg/srv/chat.go:318.2,318.72 1 5
github.com/ShatteredRealms/go-backend/pkg/srv/chat.go:318.72,320.3 1 2
github.com/ShatteredRealms/go-backend/pkg/srv/chat.go:322.2,325.16 2 3
github.com/ShatteredRealms/go-backend/pkg/srv/chat.go:325.16,326.45 1 2
github.com/ShatteredRealms/go-backend/pkg/srv/chat.go:326.45,328.4 1 1
github.com/ShatteredRealms/go-backend/pkg/srv/chat.go:330.3,331.71 2 1
github.com/ShatteredRealms/go-backend/pkg/srv/chat.go:334.2,334.30 1 1
github.com/ShatteredRealms/go-backend/pkg/srv/chat.go:340.27,342.16 2 7
github.com/ShatteredRealms/go-backend/pkg/srv/chat.go:342.16,345.3 2 2
github.com/ShatteredRealms/go-backend/pkg/srv/chat.go:348.2,348.72 1 5
github.com/ShatteredRealms/go-backend/pkg/srv/chat.go:348.72,350.3 1 2
github.com/ShatteredRealms/go-backend/pkg/srv/chat.go:352.2,353.16 2 3
github.com/ShatteredRealms/go-backend/pkg/srv/chat.go:353.16,354.45 1 2
github.com/ShatteredRealms/go-backend/pkg/srv/chat.go:354.45,356.4 1 1
github.com/ShatteredRealms/go-backend/pkg/srv/chat.go:358.3,359.69 2 1
github.com/ShatteredRealms/go-backend/pkg/srv/chat.go:362.2,362.30 1 1
github.com/ShatteredRealms/go-backend/pkg/srv/chat.go:368.29,370.16 2 6
github.com/ShatteredRealms/go-backend/pkg/srv/chat.go:370.16,373.3 2 2
github.com/ShatteredRealms/go-backend/pkg/srv/chat.go:376.2,376.72 1 4
github.com/ShatteredRealms/go-backend/pkg/srv/chat.go:376.72,378.3 1 2
github.com/ShatteredRealms/go-backend/pkg/srv/chat.go:380.2,381.16 2 2
github.com/ShatteredRealms/go-backend/pkg/srv/chat.go:381.16,384.3 2 1
github.com/ShatteredRealms/go-backend/pkg/srv/chat.go:386.2,386.29 1 1
github.com/ShatteredRealms/go-backend/pkg/srv/chat.go:392.29,394.16 2 9
github.com/ShatteredRealms/go-backend/pkg/srv/chat.go:394.16,397.3 2 2
github.com/ShatteredRealms/go-backend/pkg/srv/chat.go:400.2,400.59 1 7
github.com/ShatteredRealms/go-backend/pkg/srv/chat.go:400.59,402.3 1 1
github.com/ShatteredRealms/go-backend/pkg/srv/chat.go:404.2,405.30 2 6
github.com/ShatteredRealms/go-backend/pkg/srv/chat.go:405.30,406.73 1 1
github.com/ShatteredRealms/go-backend/pkg/srv/chat.go:406.73,408.4 1 0
github.com/ShatteredRealms/go-backend/pkg/srv/chat.go:409.8,409.43 1 5
github.com/ShatteredRealms/go-backend/pkg/srv/chat.go:409.43,412.3 2 2
github.com/ShatteredRealms/go-backend/pkg/srv/chat.go:414.2,415.16 2 4
github.com/ShatteredRealms/go-backend/pkg/srv/chat.go:415.16,418.3 2 1
github.com/ShatteredRealms/go-backend/pkg/srv/chat.go:420.2,420.29 1 3
github.com/ShatteredRealms/go-backend/pkg/srv/chat.go:426.27,428.16 2 8
github.com/ShatteredRealms/go-backend/pkg/srv/chat.go:428.16,431.3 2 2
github.com/ShatteredRealms/go-backend/pkg/srv/chat.go:434.2,434.72 1 6
github.com/ShatteredRealms/go-backend/pkg/srv/chat.go:434.72,436.3 1 3
github.com/ShatteredRealms/go-backend/pkg/srv/chat.go:438.2,439.16 2 3
github.com/ShatteredRealms/go-backend/pkg/srv/chat.go:439.16,442.3 2 0
github.com/ShatteredRealms/go-backend/pkg/srv/chat.go:443.2,444.16 2 3
github.com/ShatteredRealms/go-backend/pkg/srv/chat.go:444.16,446.3 1 0
github.com/ShatteredRealms/go-backend/pkg/srv/chat.go:448.2,454.16 2 3
github.com/ShatteredRealms/go-backend/pkg/srv/chat.go:454.16,455.44 1 2
github.com/ShatteredRealms/go-backend/pkg/srv/chat.go:455.44,457.4 1 1
github.com/ShatteredRealms/go-backend/pkg/srv/chat.go:459.3,460.77 2 1
github.com/ShatteredRealms/go-backend/pkg/srv/chat.go:463.2,463.30 1 1
github.com/ShatteredRealms/go-backend/pkg/srv/chat.go:469.33,476.16 2 84
github.com/ShatteredRealms/go-backend/pkg/srv/chat.go:476.16,478.3 1 0
github.com/ShatteredRealms/go-backend/pkg/srv/chat.go:480.2,487.16 2 84
github.com/ShatteredRealms/go-backend/pkg/srv/chat.go:487.16,489.3 1 0
github.com/ShatteredRealms/go-backend/pkg/srv/chat.go:491.2,493.8 1 84
github.com/ShatteredRealms/go-backend/pkg/srv/chat.go:497.88,504.16 2 40
github.com/ShatteredRealms/go-backend/pkg/srv/chat.go:504.16,507.3 2 0
github.com/ShatteredRealms/go-backend/pkg/srv/chat.go:509.2,512.8 1 40
github.com/ShatteredRealms/go-backend/pkg/srv/chat.go:515.132,517.16 2 26
github.com/ShatteredRealms/go-backend/pkg/srv/chat.go:517.16,520.3 2 0
github.com/ShatteredRealms/go-backend/pkg/srv/chat.go:522.2,523.16 2 26
github.com/ShatteredRealms/go-backend/pkg/srv/chat.go:523.16,526.3 2 0
github.com/ShatteredRealms/go-backend/pkg/srv/chat.go:528.2,529.16 2 26
github.com/ShatteredRealms/go-backend/pkg/srv/chat.go:529.16,532.3 2 5
github.com/ShatteredRealms/go-backend/pkg/srv/chat.go:534.2,534.22 1 21
github.com/ShatteredRealms/go-backend/pkg/srv/chat.go:534.22,536.3 1 1
github.com/ShatteredRealms/go-backend/pkg/srv/chat.go:538.2,538.39 1 20
github.com/ShatteredRealms/go-backend/pkg/srv/chat.go:538.39,540.3 1 7
github.com/ShatteredRealms/go-backend/pkg/srv/chat.go:542.2,542.23 1 13
github.com/ShatteredRealms/go-backend/pkg/srv/chat.go:545.107,547.16 2 4
github.com/ShatteredRealms/go-backend/pkg/srv/chat.go:547.16,549.3 1 0
github.com/ShatteredRealms/go-backend/pkg/srv/chat.go:551.2,553.16 2 4
github.com/ShatteredRealms/go-backend/pkg/srv/chat.go:553.16,556.3 2 1
github.com/ShatteredRealms/go-backend/pkg/srv/chat.go:558.2,558.50 1 3
github.com/ShatteredRealms/go-backend/pkg/srv/chat.go:558.50,560.17 2 3
github.com/ShatteredRealms/go-backend/pkg/srv/chat.go:560.17,563.4 2 1
github.com/ShatteredRealms/go-backend/pkg/srv/chat.go:565.3,565.36 1 2
github.com/ShatteredRealms/go-backend/pkg/srv/chat.go:565.36,566.31 1 1
github.com/ShatteredRealms/go-backend/pkg/srv/chat.go:566.31,568.5 1 1
github.com/ShatteredRealms/go-backend/pkg/srv/chat.go:572.2,572.36 1 1
github.com/ShatteredRealms/go-backend/pkg/srv/connection.go:39.63,42.2 2 62
github.com/ShatteredRealms/go-backend/pkg/srv/connection.go:53.42,55.16 2 8
github.com/ShatteredRealms/go-backend/pkg/srv/connection.go:55.16,58.3 2 2
github.com/ShatteredRealms/go-backend/pkg/srv/connection.go:61.2,61.69 1 6
github.com/ShatteredRealms/go-backend/pkg/srv/connection.go:61.69,63.3 1 1
github.com/ShatteredRealms/go-backend/pkg/srv/connection.go:66.2,70.16 2 5
github.com/ShatteredRealms/go-backend/pkg/srv/connection.go:70.16,73.3 2 1
github.com/ShatteredRealms/go-backend/pkg/srv/connection.go:74.2,74.22 1 4
github.com/ShatteredRealms/go-backend/pkg/srv/connection.go:74.22,77.3 2 1
github.com/ShatteredRealms/go-backend/pkg/srv/connection.go:79.2,79.64 1 3
github.com/ShatteredRealms/go-backend/pkg/srv/connection.go:79.64,81.3 1 3
github.com/ShatteredRealms/go-backend/pkg/srv/connection.go:84.2,85.31 2 0
github.com/ShatteredRealms/go-backend/pkg/srv/connection.go:85.31,86.45 1 0
github.com/ShatteredRealms/go-backend/pkg/srv/connection.go:86.45,87.35 1 0
github.com/ShatteredRealms/go-backend/pkg/srv/connection.go:87.35,89.5 1 0
github.com/ShatteredRealms/go-backend/pkg/srv/connection.go:95.2,95.31 1 0
github.com/ShatteredRealms/go-backend/pkg/srv/connection.go:95.31,99.3 1 0
github.com/ShatteredRealms/go-backend/pkg/srv/connection.go:99.8,99.43 1 0
github.com/ShatteredRealms/go-backend/pkg/srv/connection.go:99.43,101.3 1 0
github.com/ShatteredRealms/go-backend/pkg/srv/connection.go:103.2,103.71 1 0
github.com/ShatteredRealms/go-backend/pkg/srv/connection.go:109.33,111.16 2 9
github.com/ShatteredRealms/go-backend/pkg/srv/connection.go:111.16,114.3 2 2
github.com/ShatteredRealms/go-backend/pkg/srv/connection.go:117.2,117.79 1 7
github.com/ShatteredRealms/go-backend/pkg/srv/connection.go:117.79,119.3 1 2
github.com/ShatteredRealms/go-backend/pkg/srv/connection.go:121.2,122.16 2 5
github.com/ShatteredRealms/go-backend/pkg/srv/connection.go:122.16,124.3 1 1
github.com/ShatteredRealms/go-backend/pkg/srv/connection.go:126.2,127.16 2 4
github.com/ShatteredRealms/go-backend/pkg/srv/connection.go:127.16,129.3 1 1
github.com/ShatteredRealms/go-backend/pkg/srv/connection.go:132.2,140.16 2 3
github.com/ShatteredRealms/go-backend/pkg/srv/connection.go:140.16,143.3 2 1
github.com/ShatteredRealms/go-backend/pkg/srv/connection.go:144.2,144.22 1 2
github.com/ShatteredRealms/go-backend/pkg/srv/connection.go:144.22,147.3 2 1
github.com/ShatteredRealms/go-backend/pkg/srv/connection.go:149.2,149.23 1 1
github.com/ShatteredRealms/go-backend/pkg/srv/connection.go:155.42,157.16 2 8
github.com/ShatteredRealms/go-backend/pkg/srv/connection.go:157.16,160.3 2 2
github.com/ShatteredRealms/go-backend/pkg/srv/connection.go:163.2,163.79 1 6
github.com/ShatteredRealms/go-backend/pkg/srv/connection.go:163.79,165.3 1 2
github.com/ShatteredRealms/go-backend/pkg/srv/connection.go:167.2,175.36 2 4
github.com/ShatteredRealms/go-backend/pkg/srv/connection.go:175.36,178.3 2 2
github.com/ShatteredRealms/go-backend/pkg/srv/connection.go:180.2,180.64 1 2
github.com/ShatteredRealms/go-backend/pkg/srv/connection.go:180.64,182.3 1 2
github.com/ShatteredRealms/go-backend/pkg/srv/connection.go:184.2,184.68 1 0
github.com/ShatteredRealms/go-backend/pkg/srv/connection.go:190.42,192.16 2 5
github.com/ShatteredRealms/go-backend/pkg/srv/connection.go:192.16,194.3 1 2
github.com/ShatteredRealms/go-backend/pkg/srv/connection.go:196.2,201.8 2 3
github.com/ShatteredRealms/go-backend/pkg/srv/connection.go:209.42,213.16 3 0
github.com/ShatteredRealms/go-backend/pkg/srv/connection.go:213.16,216.3 2 0
github.com/ShatteredRealms/go-backend/pkg/srv/connection.go:218.2,256.16 4 0
github.com/ShatteredRealms/go-backend/pkg/srv/connection.go:256.16,259.3 2 0
github.com/ShatteredRealms/go-backend/pkg/srv/connection.go:261.2,261.21 1 0
github.com/ShatteredRealms/go-backend/pkg/srv/connection.go:261.21,274.17 2 0
github.com/ShatteredRealms/go-backend/pkg/srv/connection.go:274.17,277.4 2 0
github.com/ShatteredRealms/go-backend/pkg/srv/connection.go:282.2,283.16 2 0
github.com/ShatteredRealms/go-backend/pkg/srv/connection.go:283.16,285.3 1 0
github.com/ShatteredRealms/go-backend/pkg/srv/connection.go:287.2,291.8 1 0
github.com/ShatteredRealms/go-backend/pkg/srv/connection.go:298.39,305.16 2 25
github.com/ShatteredRealms/go-backend/pkg/srv/connection.go:305.16,307.3 1 0
github.com/ShatteredRealms/go-backend/pkg/srv/connection.go:309.2,316.16 2 25
github.com/ShatteredRealms/go-backend/pkg/srv/connection.go:316.16,318.3 1 0
github.com/ShatteredRealms/go-backend/pkg/srv/connection.go:320.2,320.62 1 25
github.com/ShatteredRealms/go-backend/pkg/srv/connection.go:320.62,322.17 2 0
github.com/ShatteredRealms/go-backend/pkg/srv/connection.go:322.17,325.4 2 0
github.com/ShatteredRealms/go-backend/pkg/srv/connection.go:327.3,328.17 2 0
github.com/ShatteredRealms/go-backend/pkg/srv/connection.go:328.17,331.4 2 0
github.com/ShatteredRealms/go-backend/pkg/srv/connection.go:333.3,336.9 1 0
github.com/ShatteredRealms/go-backend/pkg/srv/connection.go:339.2,341.8 1 25
github.com/ShatteredRealms/go-backend/pkg/srv/connection.go:344.94,351.16 2 0
github.com/ShatteredRealms/go-backend/pkg/srv/connection.go:351.16,353.3 1 0
github.com/ShatteredRealms/go-backend/pkg/srv/connection.go:355.2,358.8 1 0
github.com/ShatteredRealms/go-backend/pkg/srv/health.go:13.54,15.2 1 1
github.com/ShatteredRealms/go-backend/pkg/srv/health.go:17.92,19.2 1 1
github.com/ShatteredRealms/go-backend/pkg/srv/servermanager.go:46.66,49.2 2 62
github.com/ShatteredRealms/go-backend/pkg/srv/servermanager.go:60.26,62.16 2 11
github.com/ShatteredRealms/go-backend/pkg/srv/servermanager.go:62.16,64.3 1 4
github.com/ShatteredRealms/go-backend/pkg/srv/servermanager.go:66.2,67.16 2 7
github.com/ShatteredRealms/go-backend/pkg/srv/servermanager.go:67.16,69.3 1 1
github.com/ShatteredRealms/go-backend/pkg/srv/servermanager.go:71.2,78.16 2 6
github.com/ShatteredRealms/go-backend/pkg/srv/servermanager.go:78.16,80.3 1 1
github.com/ShatteredRealms/go-backend/pkg/srv/servermanager.go:82.2,82.64 1 5
github.com/ShatteredRealms/go-backend/pkg/srv/servermanager.go:82.64,84.3 1 4
github.com/ShatteredRealms/go-backend/pkg/srv/servermanager.go:84.8,86.3 1 1
github.com/ShatteredRealms/go-backend/pkg/srv/servermanager.go:88.2,88.30 1 5
github.com/ShatteredRealms/go-backend/pkg/srv/servermanager.go:95.20,97.16 2 6
github.com/ShatteredRealms/go-backend/pkg/srv/servermanager.go:97.16,99.3 1 4
github.com/ShatteredRealms/go-backend/pkg/srv/servermanager.go:101.2,108.16 2 2
github.com/ShatteredRealms/go-backend/pkg/srv/servermanager.go:108.16,110.3 1 1
github.com/ShatteredRealms/go-backend/pkg/srv/servermanager.go:112.2,112.22 1 1
github.com/ShatteredRealms/go-backend/pkg/srv/servermanager.go:119.27,121.16 2 14
github.com/ShatteredRealms/go-backend/pkg/srv/servermanager.go:121.16,123.3 1 4
github.com/ShatteredRealms/go-backend/pkg/srv/servermanager.go:125.2,126.16 2 10
github.com/ShatteredRealms/go-backend/pkg/srv/servermanager.go:126.16,128.3 1 1
github.com/ShatteredRealms/go-backend/pkg/srv/servermanager.go:129.2,129.22 1 9
github.com/ShatteredRealms/go-backend/pkg/srv/servermanager.go:129.22,131.3 1 2
github.com/ShatteredRealms/go-backend/pkg/srv/servermanager.go:133.2,134.16 2 7
github.com/ShatteredRealms/go-backend/pkg/srv/servermanager.go:134.16,136.3 1 1
github.com/ShatteredRealms/go-backend/pkg/srv/servermanager.go:137.2,139.64 2 6
github.com/ShatteredRealms/go-backend/pkg/srv/servermanager.go:139.64,140.36 1 4
github.com/ShatteredRealms/go-backend/pkg/srv/servermanager.go:140.36,143.18 3 4
github.com/ShatteredRealms/go-backend/pkg/srv/servermanager.go:143.18,145.5 1 3
github.com/ShatteredRealms/go-backend/pkg/srv/servermanager.go:147.8,149.3 1 2
github.com/ShatteredRealms/go-backend/pkg/srv/servermanager.go:151.2,151.30 1 6
github.com/ShatteredRealms/go-backend/pkg/srv/servermanager.go:158.27,160.16 2 14
github.com/ShatteredRealms/go-backend/pkg/srv/servermanager.go:160.16,162.3 1 4
github.com/ShatteredRealms/go-backend/pkg/srv/servermanager.go:164.2,165.16 2 10
github.com/ShatteredRealms/go-backend/pkg/srv/servermanager.go:165.16,167.3 1 6
github.com/ShatteredRealms/go-backend/pkg/srv/servermanager.go:169.2,170.16 2 4
github.com/ShatteredRealms/go-backend/pkg/srv/servermanager.go:170.16,173.3 2 1
github.com/ShatteredRealms/go-backend/pkg/srv/servermanager.go:174.2,177.64 3 3
github.com/ShatteredRealms/go-backend/pkg/srv/servermanager.go:177.64,179.40 2 1
github.com/ShatteredRealms/go-backend/pkg/srv/servermanager.go:179.40,182.18 3 1
github.com/ShatteredRealms/go-backend/pkg/srv/servermanager.go:182.18,184.5 1 1
github.com/ShatteredRealms/go-backend/pkg/srv/servermanager.go:186.8,188.3 1 2
github.com/ShatteredRealms/go-backend/pkg/srv/servermanager.go:190.2,190.31 1 3
github.com/ShatteredRealms/go-backend/pkg/srv/servermanager.go:197.26,199.16 2 8
github.com/ShatteredRealms/go-backend/pkg/srv/servermanager.go:199.16,201.3 1 4
github.com/ShatteredRealms/go-backend/pkg/srv/servermanager.go:203.2,204.16 2 4
github.com/ShatteredRealms/go-backend/pkg/srv/servermanager.go:204.16,206.3 1 1
github.com/ShatteredRealms/go-backend/pkg/srv/servermanager.go:207.2,207.25 1 3
github.com/ShatteredRealms/go-backend/pkg/srv/servermanager.go:207.25,209.3 1 1
github.com/ShatteredRealms/go-backend/pkg/srv/servermanager.go:211.2,211.64 1 2
github.com/ShatteredRealms/go-backend/pkg/srv/servermanager.go:211.64,213.17 2 1
github.com/ShatteredRealms/go-backend/pkg/srv/servermanager.go:213.17,215.4 1 1
github.com/ShatteredRealms/go-backend/pkg/srv/servermanager.go:216.8,218.3 1 1
github.com/ShatteredRealms/go-backend/pkg/srv/servermanager.go:220.2,220.33 1 2
github.com/ShatteredRealms/go-backend/pkg/srv/servermanager.go:227.26,229.16 2 13
github.com/ShatteredRealms/go-backend/pkg/srv/servermanager.go:229.16,231.3 1 4
github.com/ShatteredRealms/go-backend/pkg/srv/servermanager.go:233.2,234.16 2 9
github.com/ShatteredRealms/go-backend/pkg/srv/servermanager.go:234.16,236.3 1 1
github.com/ShatteredRealms/go-backend/pkg/srv/servermanager.go:237.2,237.30 1 8
github.com/ShatteredRealms/go-backend/pkg/srv/servermanager.go:237.30,239.3 1 1
github.com/ShatteredRealms/go-backend/pkg/srv/servermanager.go:241.2,242.16 2 7
github.com/ShatteredRealms/go-backend/pkg/srv/servermanager.go:242.16,244.3 1 1
github.com/ShatteredRealms/go-backend/pkg/srv/servermanager.go:246.2,247.64 2 6
github.com/ShatteredRealms/go-backend/pkg/srv/servermanager.go:247.64,248.50 1 5
github.com/ShatteredRealms/go-backend/pkg/srv/servermanager.go:248.50,250.45 1 1
github.com/ShatteredRealms/go-backend/pkg/srv/servermanager.go:250.45,252.19 2 2
github.com/ShatteredRealms/go-backend/pkg/srv/servermanager.go:252.19,255.6 1 2
github.com/ShatteredRealms/go-backend/pkg/srv/servermanager.go:258.4,259.18 2 1
github.com/ShatteredRealms/go-backend/pkg/srv/servermanager.go:259.18,261.5 1 1
github.com/ShatteredRealms/go-backend/pkg/srv/servermanager.go:262.9,263.24 1 4
github.com/ShatteredRealms/go-backend/pkg/srv/servermanager.go:263.24,265.41 2 3
github.com/ShatteredRealms/go-backend/pkg/srv/servermanager.go:265.41,267.6 1 6
github.com/ShatteredRealms/go-backend/pkg/srv/servermanager.go:269.5,269.46 1 3
github.com/ShatteredRealms/go-backend/pkg/srv/servermanager.go:269.46,270.41 1 6
github.com/ShatteredRealms/go-backend/pkg/srv/servermanager.go:270.41,272.21 2 3
github.com/ShatteredRealms/go-backend/pkg/srv/servermanager.go:272.21,274.8 1 2
github.com/ShatteredRealms/go-backend/pkg/srv/servermanager.go:275.12,278.41 2 3
github.com/ShatteredRealms/go-backend/pkg/srv/servermanager.go:278.41,280.22 2 3
github.com/ShatteredRealms/go-backend/pkg/srv/servermanager.go:280.22,282.9 1 2
github.com/ShatteredRealms/go-backend/pkg/srv/servermanager.go:288.5,288.40 1 3
github.com/ShatteredRealms/go-backend/pkg/srv/servermanager.go:288.40,290.20 2 3
github.com/ShatteredRealms/go-backend/pkg/srv/servermanager.go:290.20,292.7 1 2
github.com/ShatteredRealms/go-backend/pkg/srv/servermanager.go:294.10,294.45 1 1
github.com/ShatteredRealms/go-backend/pkg/srv/servermanager.go:294.45,296.41 1 1
github.com/ShatteredRealms/go-backend/pkg/srv/servermanager.go:296.41,298.20 2 2
github.com/ShatteredRealms/go-backend/pkg/srv/servermanager.go:298.20,300.7 1 2
github.com/ShatteredRealms/go-backend/pkg/srv/servermanager.go:304.8,306.3 1 1
github.com/ShatteredRealms/go-backend/pkg/srv/servermanager.go:308.2,308.34 1 6
github.com/ShatteredRealms/go-backend/pkg/srv/servermanager.go:315.20,317.16 2 10
github.com/ShatteredRealms/go-backend/pkg/srv/servermanager.go:317.16,319.3 1 4
github.com/ShatteredRealms/go-backend/pkg/srv/servermanager.go:321.2,322.16 2 6
github.com/ShatteredRealms/go-backend/pkg/srv/servermanager.go:322.16,324.3 1 1
github.com/ShatteredRealms/go-backend/pkg/srv/servermanager.go:325.2,325.24 1 5
github.com/ShatteredRealms/go-backend/pkg/srv/servermanager.go:325.24,327.3 1 1
github.com/ShatteredRealms/go-backend/pkg/srv/servermanager.go:329.2,330.16 2 4
github.com/ShatteredRealms/go-backend/pkg/srv/servermanager.go:330.16,332.3 1 1
github.com/ShatteredRealms/go-backend/pkg/srv/servermanager.go:334.2,335.64 2 3
github.com/ShatteredRealms/go-backend/pkg/srv/servermanager.go:335.64,336.38 1 2
github.com/ShatteredRealms/go-backend/pkg/srv/servermanager.go:336.38,338.53 1 1
github.com/ShatteredRealms/go-backend/pkg/srv/servermanager.go:338.53,340.19 2 1
github.com/ShatteredRealms/go-backend/pkg/srv/servermanager.go:340.19,343.6 1 1
github.com/ShatteredRealms/go-backend/pkg/srv/servermanager.go:345.5,346.19 2 1
github.com/ShatteredRealms/go-backend/pkg/srv/servermanager.go:346.19,348.6 1 1
github.com/ShatteredRealms/go-backend/pkg/srv/servermanager.go:350.9,352.48 1 1
github.com/ShatteredRealms/go-backend/pkg/srv/servermanager.go:352.48,354.19 2 1
github.com/ShatteredRealms/go-backend/pkg/srv/servermanager.go:354.19,356.6 1 1
github.com/ShatteredRealms/go-backend/pkg/srv/servermanager.go:359.8,361.3 1 1
github.com/ShatteredRealms/go-backend/pkg/srv/servermanager.go:363.2,363.28 1 3
github.com/ShatteredRealms/go-backend/pkg/srv/servermanager.go:370.27,372.16 2 6
github.com/ShatteredRealms/go-backend/pkg/srv/servermanager.go:372.16,374.3 1 4
github.com/ShatteredRealms/go-backend/pkg/srv/servermanager.go:376.2,377.16 2 2
github.com/ShatteredRealms/go-backend/pkg/srv/servermanager.go:377.16,379.3 1 1
github.com/ShatteredRealms/go-backend/pkg/srv/servermanager.go:381.2,381.24 1 1
github.com/ShatteredRealms/go-backend/pkg/srv/servermanager.go:388.21,390.16 2 6
github.com/ShatteredRealms/go-backend/pkg/srv/servermanager.go:390.16,392.3 1 4
github.com/ShatteredRealms/go-backend/pkg/srv/servermanager.go:394.2,395.16 2 2
github.com/ShatteredRealms/go-backend/pkg/srv/servermanager.go:395.16,397.3 1 1
github.com/ShatteredRealms/go-backend/pkg/srv/servermanager.go:399.2,399.40 1 1
github.com/ShatteredRealms/go-backend/pkg/srv/servermanager.go:406.26,408.16 2 7
github.com/ShatteredRealms/go-backend/pkg/srv/servermanager.go:408.16,410.3 1 4
github.com/ShatteredRealms/go-backend/pkg/srv/servermanager.go:412.2,414.16 2 3
github.com/ShatteredRealms/go-backend/pkg/srv/servermanager.go:414.16,416.3 1 1
github.com/ShatteredRealms/go-backend/pkg/srv/servermanager.go:418.2,418.22 1 2
github.com/ShatteredRealms/go-backend/pkg/srv/servermanager.go:418.22,420.3 1 1
github.com/ShatteredRealms/go-backend/pkg/srv/servermanager.go:422.2,422.30 1 1
github.com/ShatteredRealms/go-backend/pkg/srv/servermanager.go:429.20,431.16 2 7
github.com/ShatteredRealms/go-backend/pkg/srv/servermanager.go:431.16,433.3 1 4
github.com/ShatteredRealms/go-backend/pkg/srv/servermanager.go:435.2,437.16 2 3
github.com/ShatteredRealms/go-backend/pkg/srv/servermanager.go:437.16,439.3 1 1
github.com/ShatteredRealms/go-backend/pkg/srv/servermanager.go:441.2,441.14 1 2
github.com/ShatteredRealms/go-backend/pkg/srv/servermanager.go:441.14,443.3 1 1
github.com/ShatteredRealms/go-backend/pkg/srv/servermanager.go:445.2,445.22 1 1
github.com/ShatteredRealms/go-backend/pkg/srv/servermanager.go:451.42,458.16 2 102
github.com/ShatteredRealms/go-backend/pkg/srv/servermanager.go:458.16,460.3 1 0
github.com/ShatteredRealms/go-backend/pkg/srv/servermanager.go:462.2,469.16 2 102
github.com/ShatteredRealms/go-backend/pkg/srv/servermanager.go:469.16,471.3 1 0
github.com/ShatteredRealms/go-backend/pkg/srv/servermanager.go:473.2,475.8 1 102
github.com/ShatteredRealms/go-backend/pkg/srv/servermanager.go:478.97,485.16 2 0
github.com/ShatteredRealms/go-backend/pkg/srv/servermanager.go:485.16,487.3 1 0
github.com/ShatteredRealms/go-backend/pkg/srv/servermanager.go:489.2,492.8 1 0
github.com/ShatteredRealms/go-backend/pkg/srv/servermanager.go:495.85,497.16 2 102
github.com/ShatteredRealms/go-backend/pkg/srv/servermanager.go:497.16,500.3 2 22
github.com/ShatteredRealms/go-backend/pkg/srv/servermanager.go:503.2,503.75 1 80
github.com/ShatteredRealms/go-backend/pkg/srv/servermanager.go:503.75,505.3 1 22
github.com/ShatteredRealms/go-backend/pkg/srv/servermanager.go:507.2,507.12 1 58
github.com/ShatteredRealms/go-backend/pkg/srv/servermanager.go:514.9,515.34 1 11
github.com/ShatteredRealms/go-backend/pkg/srv/servermanager.go:515.34,517.3 1 2
github.com/ShatteredRealms/go-backend/pkg/srv/servermanager.go:520.2,525.16 2 9
github.com/ShatteredRealms/go-backend/pkg/srv/servermanager.go:525.16,527.3 1 1
github.com/ShatteredRealms/go-backend/pkg/srv/servermanager.go:530.2,535.16 2 8
github.com/ShatteredRealms/go-backend/pkg/srv/servermanager.go:535.16,537.3 1 6
github.com/ShatteredRealms/go-backend/pkg/srv/servermanager.go:539.2,539.12 1 2
github.com/ShatteredRealms/go-backend/pkg/srv/servermanager.go:546.9,547.34 1 11
github.com/ShatteredRealms/go-backend/pkg/srv/servermanager.go:547.34,549.3 1 2
github.com/ShatteredRealms/go-backend/pkg/srv/servermanager.go:551.2,561.29 3 9
github.com/ShatteredRealms/go-backend/pkg/srv/servermanager.go:561.29,563.3 1 3
github.com/ShatteredRealms/go-backend/pkg/srv/servermanager.go:566.2,572.29 2 6
github.com/ShatteredRealms/go-backend/pkg/srv/servermanager.go:572.29,574.3 1 4
github.com/ShatteredRealms/go-backend/pkg/srv/servermanager.go:576.2,576.12 1 2
github.com/ShatteredRealms/go-backend/pkg/srv/servermanager.go:583.9,584.34 1 6
github.com/ShatteredRealms/go-backend/pkg/srv/servermanager.go:584.34,586.3 1 1
github.com/ShatteredRealms/go-backend/pkg/srv/servermanager.go:588.2,593.16 2 5
github.com/ShatteredRealms/go-backend/pkg/srv/servermanager.go:593.16,595.3 1 0
github.com/ShatteredRealms/go-backend/pkg/srv/servermanager.go:597.2,602.16 2 5
github.com/ShatteredRealms/go-backend/pkg/srv/servermanager.go:602.16,604.3 1 4
github.com/ShatteredRealms/go-backend/pkg/srv/servermanager.go:606.2,606.12 1 1
github.com/ShatteredRealms/go-backend/pkg/srv/servermanager.go:609.119,630.2 1 13
github.com/ShatteredRealms/go-backend/pkg/srv/servermanager.go:632.87,699.2 1 14
github.com/ShatteredRealms/go-backend/pkg/srv/servermanager.go:701.72,706.2 1 69
github.com/ShatteredRealms/go-backend/pkg/srv/servermanager.go:708.68,710.2 1 47
github.com/ShatteredRealms/go-backend/pkg/srv/servermanager.go:712.78,714.2 1 22
github.com/ShatteredRealms/go-backend/pkg/srv/servermanager.go:716.110,719.35 2 6
github.com/ShatteredRealms/go-backend/pkg/srv/servermanager.go:719.35,721.17 2 7
github.com/ShatteredRealms/go-backend/pkg/srv/servermanager.go:721.17,723.4 1 6
github.com/ShatteredRealms/go-backend/pkg/srv/servermanager.go:726.2,726.13 1 6
github.com/ShatteredRealms/go-backend/pkg/srv/servermanager.go:732.31,733.47 1 10
github.com/ShatteredRealms/go-backend/pkg/srv/servermanager.go:734.24,736.17 2 6
github.com/ShatteredRealms/go-backend/pkg/srv/servermanager.go:736.17,738.4 1 1
github.com/ShatteredRealms/go-backend/pkg/srv/servermanager.go:739.3,739.63 1 5
github.com/ShatteredRealms/go-backend/pkg/srv/servermanager.go:741.26,742.73 1 3
github.com/ShatteredRealms/go-backend/pkg/srv/servermanager.go:744.10,746.43 2 1
github.com/ShatteredRealms/go-backend/pkg/srv/servermanager.go:749.2,749.16 1 8
github.com/ShatteredRealms/go-backend/pkg/srv/servermanager.go:749.16,751.3 1 1
github.com/ShatteredRealms/go-backend/pkg/srv/servermanager.go:752.2,752.16 1 7
github.com/ShatteredRealms/go-backend/pkg/srv/servermanager.go:752.16,754.3 1 3
github.com/ShatteredRealms/go-backend/pkg/srv/servermanager.go:756.2,756.17 1 4
github.com/ShatteredRealms/go-backend/pkg/srv/servermanager.go:759.64,763.2 3 16
github.com/ShatteredRealms/go-backend/pkg/srv/util.go:17.9,18.30 1 275
github.com/ShatteredRealms/go-backend/pkg/srv/util.go:18.30,22.56 2 932
github.com/ShatteredRealms/go-backend/pkg/srv/util.go:22.56,24.4 1 0
github.com/ShatteredRealms/go-backend/pkg/srv/util.go:27.2,27.12 1 275
