mode: atomic
github.com/ShatteredRealms/go-backend/pkg/helpers/auth.go:14.79,16.2 1 0
github.com/ShatteredRealms/go-backend/pkg/helpers/auth.go:18.85,26.2 2 0
github.com/ShatteredRealms/go-backend/pkg/helpers/auth.go:28.59,33.2 1 0
github.com/ShatteredRealms/go-backend/pkg/helpers/character.go:16.17,17.19 1 0
github.com/ShatteredRealms/go-backend/pkg/helpers/character.go:17.19,19.3 1 0
github.com/ShatteredRealms/go-backend/pkg/helpers/character.go:21.2,22.33 2 0
github.com/ShatteredRealms/go-backend/pkg/helpers/character.go:23.32,25.17 2 0
github.com/ShatteredRealms/go-backend/pkg/helpers/character.go:25.17,27.4 1 0
github.com/ShatteredRealms/go-backend/pkg/helpers/character.go:28.3,28.42 1 0
github.com/ShatteredRealms/go-backend/pkg/helpers/character.go:30.30,31.33 1 0
github.com/ShatteredRealms/go-backend/pkg/helpers/character.go:33.10,35.35 2 0
github.com/ShatteredRealms/go-backend/pkg/helpers/character.go:38.2,38.31 1 0
github.com/ShatteredRealms/go-backend/pkg/helpers/character.go:45.19,46.19 1 1
github.com/ShatteredRealms/go-backend/pkg/helpers/character.go:46.19,48.3 1 0
github.com/ShatteredRealms/go-backend/pkg/helpers/character.go:50.2,51.33 2 1
github.com/ShatteredRealms/go-backend/pkg/helpers/character.go:52.32,53.31 1 0
github.com/ShatteredRealms/go-backend/pkg/helpers/character.go:55.30,57.17 2 1
github.com/ShatteredRealms/go-backend/pkg/helpers/character.go:57.17,59.4 1 1
github.com/ShatteredRealms/go-backend/pkg/helpers/character.go:60.3,60.40 1 0
github.com/ShatteredRealms/go-backend/pkg/helpers/character.go:62.10,64.36 2 0
github.com/ShatteredRealms/go-backend/pkg/helpers/character.go:67.2,67.33 1 0
github.com/ShatteredRealms/go-backend/pkg/helpers/config.go:9.40,13.55 3 0
github.com/ShatteredRealms/go-backend/pkg/helpers/config.go:13.55,15.3 1 0
github.com/ShatteredRealms/go-backend/pkg/helpers/config.go:17.2,17.38 1 0
github.com/ShatteredRealms/go-backend/pkg/helpers/config.go:17.38,19.3 1 0
github.com/ShatteredRealms/go-backend/pkg/helpers/config.go:22.52,23.34 1 0
github.com/ShatteredRealms/go-backend/pkg/helpers/config.go:23.34,26.3 2 0
github.com/ShatteredRealms/go-backend/pkg/helpers/config.go:28.2,28.38 1 0
github.com/ShatteredRealms/go-backend/pkg/helpers/config.go:28.38,30.3 1 0
github.com/ShatteredRealms/go-backend/pkg/helpers/conversions.go:3.48,5.28 2 0
github.com/ShatteredRealms/go-backend/pkg/helpers/conversions.go:5.28,7.3 1 0
github.com/ShatteredRealms/go-backend/pkg/helpers/conversions.go:9.2,9.13 1 0
github.com/ShatteredRealms/go-backend/pkg/helpers/errors.go:8.63,9.16 1 0
github.com/ShatteredRealms/go-backend/pkg/helpers/errors.go:9.16,11.3 1 0
github.com/ShatteredRealms/go-backend/pkg/helpers/grpc.go:13.87,14.86 1 0
github.com/ShatteredRealms/go-backend/pkg/helpers/grpc.go:14.86,16.94 1 0
github.com/ShatteredRealms/go-backend/pkg/helpers/grpc.go:16.94,18.4 1 0
github.com/ShatteredRealms/go-backend/pkg/helpers/grpc.go:18.9,23.29 4 0
github.com/ShatteredRealms/go-backend/pkg/helpers/grpc.go:23.29,25.5 1 0
github.com/ShatteredRealms/go-backend/pkg/helpers/grpc.go:27.4,27.32 1 0
github.com/ShatteredRealms/go-backend/pkg/helpers/grpc.go:37.16,47.12 5 0
github.com/ShatteredRealms/go-backend/pkg/helpers/grpc.go:47.12,50.3 2 0
github.com/ShatteredRealms/go-backend/pkg/helpers/grpc.go:52.2,52.15 1 0
github.com/ShatteredRealms/go-backend/pkg/helpers/logging.go:10.20,24.2 4 0
github.com/ShatteredRealms/go-backend/pkg/helpers/srv.go:32.52,38.25 1 0
github.com/ShatteredRealms/go-backend/pkg/helpers/srv.go:38.25,41.3 2 0
github.com/ShatteredRealms/go-backend/pkg/helpers/srv.go:43.54,49.10 1 0
github.com/ShatteredRealms/go-backend/pkg/helpers/srv.go:49.10,52.3 2 0
github.com/ShatteredRealms/go-backend/pkg/helpers/srv.go:55.39,61.2 1 0
github.com/ShatteredRealms/go-backend/pkg/helpers/srv.go:63.67,65.2 1 0
github.com/ShatteredRealms/go-backend/pkg/helpers/srv.go:67.61,78.2 1 0
github.com/ShatteredRealms/go-backend/pkg/helpers/srv.go:80.56,81.16 1 0
github.com/ShatteredRealms/go-backend/pkg/helpers/srv.go:81.16,83.3 1 0
github.com/ShatteredRealms/go-backend/pkg/helpers/srv.go:85.2,86.15 2 0
github.com/ShatteredRealms/go-backend/pkg/helpers/srv.go:86.15,88.3 1 0
github.com/ShatteredRealms/go-backend/pkg/helpers/srv.go:90.2,90.50 1 0
github.com/ShatteredRealms/go-backend/pkg/helpers/srv.go:90.50,92.3 1 0
github.com/ShatteredRealms/go-backend/pkg/helpers/srv.go:94.2,94.44 1 0
github.com/ShatteredRealms/go-backend/pkg/helpers/srv.go:97.67,98.16 1 0
github.com/ShatteredRealms/go-backend/pkg/helpers/srv.go:98.16,100.3 1 0
github.com/ShatteredRealms/go-backend/pkg/helpers/srv.go:102.2,103.16 2 0
github.com/ShatteredRealms/go-backend/pkg/helpers/srv.go:103.16,105.3 1 0
github.com/ShatteredRealms/go-backend/pkg/helpers/srv.go:107.2,108.16 2 0
github.com/ShatteredRealms/go-backend/pkg/helpers/srv.go:108.16,111.3 2 0
github.com/ShatteredRealms/go-backend/pkg/helpers/srv.go:113.2,114.20 2 0
github.com/ShatteredRealms/go-backend/pkg/helpers/srv.go:117.121,118.16 1 0
github.com/ShatteredRealms/go-backend/pkg/helpers/srv.go:118.16,120.3 1 0
github.com/ShatteredRealms/go-backend/pkg/helpers/srv.go:122.2,122.19 1 0
github.com/ShatteredRealms/go-backend/pkg/helpers/srv.go:122.19,124.3 1 0
github.com/ShatteredRealms/go-backend/pkg/helpers/srv.go:126.2,127.16 2 0
github.com/ShatteredRealms/go-backend/pkg/helpers/srv.go:127.16,129.3 1 0
github.com/ShatteredRealms/go-backend/pkg/helpers/srv.go:131.2,139.16 3 0
github.com/ShatteredRealms/go-backend/pkg/helpers/srv.go:139.16,142.3 2 0
github.com/ShatteredRealms/go-backend/pkg/helpers/srv.go:144.2,144.18 1 0
github.com/ShatteredRealms/go-backend/pkg/helpers/srv.go:144.18,146.3 1 0
github.com/ShatteredRealms/go-backend/pkg/helpers/srv.go:148.2,148.28 1 0
github.com/ShatteredRealms/go-backend/pkg/helpers/uuid.go:9.59,11.39 2 0
github.com/ShatteredRealms/go-backend/pkg/helpers/uuid.go:11.39,13.17 2 0
github.com/ShatteredRealms/go-backend/pkg/helpers/uuid.go:13.17,15.4 1 0
github.com/ShatteredRealms/go-backend/pkg/helpers/uuid.go:16.3,16.17 1 0
github.com/ShatteredRealms/go-backend/pkg/helpers/uuid.go:19.2,19.17 1 0
github.com/ShatteredRealms/go-backend/pkg/helpers/auth.go:14.79,16.2 1 0
github.com/ShatteredRealms/go-backend/pkg/helpers/auth.go:18.85,26.2 2 0
github.com/ShatteredRealms/go-backend/pkg/helpers/auth.go:28.59,33.2 1 0
github.com/ShatteredRealms/go-backend/pkg/helpers/character.go:16.17,17.19 1 1
github.com/ShatteredRealms/go-backend/pkg/helpers/character.go:17.19,19.3 1 1
github.com/ShatteredRealms/go-backend/pkg/helpers/character.go:21.2,22.33 2 0
github.com/ShatteredRealms/go-backend/pkg/helpers/character.go:23.32,25.17 2 0
github.com/ShatteredRealms/go-backend/pkg/helpers/character.go:25.17,27.4 1 0
github.com/ShatteredRealms/go-backend/pkg/helpers/character.go:28.3,28.42 1 0
github.com/ShatteredRealms/go-backend/pkg/helpers/character.go:30.30,31.33 1 0
github.com/ShatteredRealms/go-backend/pkg/helpers/character.go:33.10,35.35 2 0
github.com/ShatteredRealms/go-backend/pkg/helpers/character.go:38.2,38.31 1 0
github.com/ShatteredRealms/go-backend/pkg/helpers/character.go:45.19,46.19 1 0
github.com/ShatteredRealms/go-backend/pkg/helpers/character.go:46.19,48.3 1 0
github.com/ShatteredRealms/go-backend/pkg/helpers/character.go:50.2,51.33 2 0
github.com/ShatteredRealms/go-backend/pkg/helpers/character.go:52.32,53.31 1 0
github.com/ShatteredRealms/go-backend/pkg/helpers/character.go:55.30,57.17 2 0
github.com/ShatteredRealms/go-backend/pkg/helpers/character.go:57.17,59.4 1 0
github.com/ShatteredRealms/go-backend/pkg/helpers/character.go:60.3,60.40 1 0
github.com/ShatteredRealms/go-backend/pkg/helpers/character.go:62.10,64.36 2 0
github.com/ShatteredRealms/go-backend/pkg/helpers/character.go:67.2,67.33 1 0
github.com/ShatteredRealms/go-backend/pkg/helpers/config.go:9.40,13.55 3 0
github.com/ShatteredRealms/go-backend/pkg/helpers/config.go:13.55,15.3 1 0
github.com/ShatteredRealms/go-backend/pkg/helpers/config.go:17.2,17.38 1 0
github.com/ShatteredRealms/go-backend/pkg/helpers/config.go:17.38,19.3 1 0
github.com/ShatteredRealms/go-backend/pkg/helpers/config.go:22.52,23.34 1 0
github.com/ShatteredRealms/go-backend/pkg/helpers/config.go:23.34,26.3 2 0
github.com/ShatteredRealms/go-backend/pkg/helpers/config.go:28.2,28.38 1 0
github.com/ShatteredRealms/go-backend/pkg/helpers/config.go:28.38,30.3 1 0
github.com/ShatteredRealms/go-backend/pkg/helpers/conversions.go:3.48,5.28 2 0
github.com/ShatteredRealms/go-backend/pkg/helpers/conversions.go:5.28,7.3 1 0
github.com/ShatteredRealms/go-backend/pkg/helpers/conversions.go:9.2,9.13 1 0
github.com/ShatteredRealms/go-backend/pkg/helpers/errors.go:8.63,9.16 1 0
github.com/ShatteredRealms/go-backend/pkg/helpers/errors.go:9.16,11.3 1 0
github.com/ShatteredRealms/go-backend/pkg/helpers/grpc.go:13.87,14.86 1 3
github.com/ShatteredRealms/go-backend/pkg/helpers/grpc.go:14.86,16.94 1 3
github.com/ShatteredRealms/go-backend/pkg/helpers/grpc.go:16.94,18.4 1 1
github.com/ShatteredRealms/go-backend/pkg/helpers/grpc.go:18.9,23.29 4 2
github.com/ShatteredRealms/go-backend/pkg/helpers/grpc.go:23.29,25.5 1 1
github.com/ShatteredRealms/go-backend/pkg/helpers/grpc.go:27.4,27.32 1 1
github.com/ShatteredRealms/go-backend/pkg/helpers/grpc.go:37.16,47.12 5 0
github.com/ShatteredRealms/go-backend/pkg/helpers/grpc.go:47.12,50.3 2 0
github.com/ShatteredRealms/go-backend/pkg/helpers/grpc.go:52.2,52.15 1 0
github.com/ShatteredRealms/go-backend/pkg/helpers/logging.go:10.20,24.2 4 0
github.com/ShatteredRealms/go-backend/pkg/helpers/srv.go:32.52,38.25 1 0
github.com/ShatteredRealms/go-backend/pkg/helpers/srv.go:38.25,41.3 2 0
github.com/ShatteredRealms/go-backend/pkg/helpers/srv.go:43.54,49.10 1 0
github.com/ShatteredRealms/go-backend/pkg/helpers/srv.go:49.10,52.3 2 0
github.com/ShatteredRealms/go-backend/pkg/helpers/srv.go:55.39,61.2 1 0
github.com/ShatteredRealms/go-backend/pkg/helpers/srv.go:63.67,65.2 1 0
github.com/ShatteredRealms/go-backend/pkg/helpers/srv.go:67.61,78.2 1 0
github.com/ShatteredRealms/go-backend/pkg/helpers/srv.go:80.56,81.16 1 0
github.com/ShatteredRealms/go-backend/pkg/helpers/srv.go:81.16,83.3 1 0
github.com/ShatteredRealms/go-backend/pkg/helpers/srv.go:85.2,86.15 2 0
github.com/ShatteredRealms/go-backend/pkg/helpers/srv.go:86.15,88.3 1 0
github.com/ShatteredRealms/go-backend/pkg/helpers/srv.go:90.2,90.50 1 0
github.com/ShatteredRealms/go-backend/pkg/helpers/srv.go:90.50,92.3 1 0
github.com/ShatteredRealms/go-backend/pkg/helpers/srv.go:94.2,94.44 1 0
github.com/ShatteredRealms/go-backend/pkg/helpers/srv.go:97.67,98.16 1 0
github.com/ShatteredRealms/go-backend/pkg/helpers/srv.go:98.16,100.3 1 0
github.com/ShatteredRealms/go-backend/pkg/helpers/srv.go:102.2,103.16 2 0
github.com/ShatteredRealms/go-backend/pkg/helpers/srv.go:103.16,105.3 1 0
github.com/ShatteredRealms/go-backend/pkg/helpers/srv.go:107.2,108.16 2 0
github.com/ShatteredRealms/go-backend/pkg/helpers/srv.go:108.16,111.3 2 0
github.com/ShatteredRealms/go-backend/pkg/helpers/srv.go:113.2,114.20 2 0
github.com/ShatteredRealms/go-backend/pkg/helpers/srv.go:117.121,118.16 1 0
github.com/ShatteredRealms/go-backend/pkg/helpers/srv.go:118.16,120.3 1 0
github.com/ShatteredRealms/go-backend/pkg/helpers/srv.go:122.2,122.19 1 0
github.com/ShatteredRealms/go-backend/pkg/helpers/srv.go:122.19,124.3 1 0
github.com/ShatteredRealms/go-backend/pkg/helpers/srv.go:126.2,127.16 2 0
github.com/ShatteredRealms/go-backend/pkg/helpers/srv.go:127.16,129.3 1 0
github.com/ShatteredRealms/go-backend/pkg/helpers/srv.go:131.2,139.16 3 0
github.com/ShatteredRealms/go-backend/pkg/helpers/srv.go:139.16,142.3 2 0
github.com/ShatteredRealms/go-backend/pkg/helpers/srv.go:144.2,144.18 1 0
github.com/ShatteredRealms/go-backend/pkg/helpers/srv.go:144.18,146.3 1 0
github.com/ShatteredRealms/go-backend/pkg/helpers/srv.go:148.2,148.28 1 0
github.com/ShatteredRealms/go-backend/pkg/helpers/uuid.go:9.59,11.39 2 0
github.com/ShatteredRealms/go-backend/pkg/helpers/uuid.go:11.39,13.17 2 0
github.com/ShatteredRealms/go-backend/pkg/helpers/uuid.go:13.17,15.4 1 0
github.com/ShatteredRealms/go-backend/pkg/helpers/uuid.go:16.3,16.17 1 0
github.com/ShatteredRealms/go-backend/pkg/helpers/uuid.go:19.2,19.17 1 0
github.com/ShatteredRealms/go-backend/pkg/helpers/auth.go:14.79,16.2 1 0
github.com/ShatteredRealms/go-backend/pkg/helpers/auth.go:18.85,26.2 2 0
github.com/ShatteredRealms/go-backend/pkg/helpers/auth.go:28.59,33.2 1 0
github.com/ShatteredRealms/go-backend/pkg/helpers/character.go:16.17,17.19 1 1
github.com/ShatteredRealms/go-backend/pkg/helpers/character.go:17.19,19.3 1 0
github.com/ShatteredRealms/go-backend/pkg/helpers/character.go:21.2,22.33 2 1
github.com/ShatteredRealms/go-backend/pkg/helpers/character.go:23.32,25.17 2 0
github.com/ShatteredRealms/go-backend/pkg/helpers/character.go:25.17,27.4 1 0
github.com/ShatteredRealms/go-backend/pkg/helpers/character.go:28.3,28.42 1 0
github.com/ShatteredRealms/go-backend/pkg/helpers/character.go:30.30,31.33 1 1
github.com/ShatteredRealms/go-backend/pkg/helpers/character.go:33.10,35.35 2 0
github.com/ShatteredRealms/go-backend/pkg/helpers/character.go:38.2,38.31 1 1
github.com/ShatteredRealms/go-backend/pkg/helpers/character.go:45.19,46.19 1 0
github.com/ShatteredRealms/go-backend/pkg/helpers/character.go:46.19,48.3 1 0
github.com/ShatteredRealms/go-backend/pkg/helpers/character.go:50.2,51.33 2 0
github.com/ShatteredRealms/go-backend/pkg/helpers/character.go:52.32,53.31 1 0
github.com/ShatteredRealms/go-backend/pkg/helpers/character.go:55.30,57.17 2 0
github.com/ShatteredRealms/go-backend/pkg/helpers/character.go:57.17,59.4 1 0
github.com/ShatteredRealms/go-backend/pkg/helpers/character.go:60.3,60.40 1 0
github.com/ShatteredRealms/go-backend/pkg/helpers/character.go:62.10,64.36 2 0
github.com/ShatteredRealms/go-backend/pkg/helpers/character.go:67.2,67.33 1 0
github.com/ShatteredRealms/go-backend/pkg/helpers/config.go:9.40,13.55 3 0
github.com/ShatteredRealms/go-backend/pkg/helpers/config.go:13.55,15.3 1 0
github.com/ShatteredRealms/go-backend/pkg/helpers/config.go:17.2,17.38 1 0
github.com/ShatteredRealms/go-backend/pkg/helpers/config.go:17.38,19.3 1 0
github.com/ShatteredRealms/go-backend/pkg/helpers/config.go:22.52,23.34 1 0
github.com/ShatteredRealms/go-backend/pkg/helpers/config.go:23.34,26.3 2 0
github.com/ShatteredRealms/go-backend/pkg/helpers/config.go:28.2,28.38 1 0
github.com/ShatteredRealms/go-backend/pkg/helpers/config.go:28.38,30.3 1 0
github.com/ShatteredRealms/go-backend/pkg/helpers/conversions.go:3.48,5.28 2 0
github.com/ShatteredRealms/go-backend/pkg/helpers/conversions.go:5.28,7.3 1 0
github.com/ShatteredRealms/go-backend/pkg/helpers/conversions.go:9.2,9.13 1 0
github.com/ShatteredRealms/go-backend/pkg/helpers/errors.go:8.63,9.16 1 0
github.com/ShatteredRealms/go-backend/pkg/helpers/errors.go:9.16,11.3 1 0
github.com/ShatteredRealms/go-backend/pkg/helpers/grpc.go:13.87,14.86 1 0
github.com/ShatteredRealms/go-backend/pkg/helpers/grpc.go:14.86,16.94 1 0
github.com/ShatteredRealms/go-backend/pkg/helpers/grpc.go:16.94,18.4 1 0
github.com/ShatteredRealms/go-backend/pkg/helpers/grpc.go:18.9,23.29 4 0
github.com/ShatteredRealms/go-backend/pkg/helpers/grpc.go:23.29,25.5 1 0
github.com/ShatteredRealms/go-backend/pkg/helpers/grpc.go:27.4,27.32 1 0
github.com/ShatteredRealms/go-backend/pkg/helpers/grpc.go:37.16,47.12 5 0
github.com/ShatteredRealms/go-backend/pkg/helpers/grpc.go:47.12,50.3 2 0
github.com/ShatteredRealms/go-backend/pkg/helpers/grpc.go:52.2,52.15 1 0
github.com/ShatteredRealms/go-backend/pkg/helpers/logging.go:10.20,24.2 4 0
github.com/ShatteredRealms/go-backend/pkg/helpers/srv.go:32.52,38.25 1 0
github.com/ShatteredRealms/go-backend/pkg/helpers/srv.go:38.25,41.3 2 0
github.com/ShatteredRealms/go-backend/pkg/helpers/srv.go:43.54,49.10 1 0
github.com/ShatteredRealms/go-backend/pkg/helpers/srv.go:49.10,52.3 2 0
github.com/ShatteredRealms/go-backend/pkg/helpers/srv.go:55.39,61.2 1 0
github.com/ShatteredRealms/go-backend/pkg/helpers/srv.go:63.67,65.2 1 0
github.com/ShatteredRealms/go-backend/pkg/helpers/srv.go:67.61,78.2 1 0
github.com/ShatteredRealms/go-backend/pkg/helpers/srv.go:80.56,81.16 1 0
github.com/ShatteredRealms/go-backend/pkg/helpers/srv.go:81.16,83.3 1 0
github.com/ShatteredRealms/go-backend/pkg/helpers/srv.go:85.2,86.15 2 0
github.com/ShatteredRealms/go-backend/pkg/helpers/srv.go:86.15,88.3 1 0
github.com/ShatteredRealms/go-backend/pkg/helpers/srv.go:90.2,90.50 1 0
github.com/ShatteredRealms/go-backend/pkg/helpers/srv.go:90.50,92.3 1 0
github.com/ShatteredRealms/go-backend/pkg/helpers/srv.go:94.2,94.44 1 0
github.com/ShatteredRealms/go-backend/pkg/helpers/srv.go:97.67,98.16 1 0
github.com/ShatteredRealms/go-backend/pkg/helpers/srv.go:98.16,100.3 1 0
github.com/ShatteredRealms/go-backend/pkg/helpers/srv.go:102.2,103.16 2 0
github.com/ShatteredRealms/go-backend/pkg/helpers/srv.go:103.16,105.3 1 0
github.com/ShatteredRealms/go-backend/pkg/helpers/srv.go:107.2,108.16 2 0
github.com/ShatteredRealms/go-backend/pkg/helpers/srv.go:108.16,111.3 2 0
github.com/ShatteredRealms/go-backend/pkg/helpers/srv.go:113.2,114.20 2 0
github.com/ShatteredRealms/go-backend/pkg/helpers/srv.go:117.121,118.16 1 0
github.com/ShatteredRealms/go-backend/pkg/helpers/srv.go:118.16,120.3 1 0
github.com/ShatteredRealms/go-backend/pkg/helpers/srv.go:122.2,122.19 1 0
github.com/ShatteredRealms/go-backend/pkg/helpers/srv.go:122.19,124.3 1 0
github.com/ShatteredRealms/go-backend/pkg/helpers/srv.go:126.2,127.16 2 0
github.com/ShatteredRealms/go-backend/pkg/helpers/srv.go:127.16,129.3 1 0
github.com/ShatteredRealms/go-backend/pkg/helpers/srv.go:131.2,139.16 3 0
github.com/ShatteredRealms/go-backend/pkg/helpers/srv.go:139.16,142.3 2 0
github.com/ShatteredRealms/go-backend/pkg/helpers/srv.go:144.2,144.18 1 0
github.com/ShatteredRealms/go-backend/pkg/helpers/srv.go:144.18,146.3 1 0
github.com/ShatteredRealms/go-backend/pkg/helpers/srv.go:148.2,148.28 1 0
github.com/ShatteredRealms/go-backend/pkg/helpers/uuid.go:9.59,11.39 2 0
github.com/ShatteredRealms/go-backend/pkg/helpers/uuid.go:11.39,13.17 2 0
github.com/ShatteredRealms/go-backend/pkg/helpers/uuid.go:13.17,15.4 1 0
github.com/ShatteredRealms/go-backend/pkg/helpers/uuid.go:16.3,16.17 1 0
github.com/ShatteredRealms/go-backend/pkg/helpers/uuid.go:19.2,19.17 1 0
github.com/ShatteredRealms/go-backend/pkg/helpers/auth.go:14.79,16.2 1 0
github.com/ShatteredRealms/go-backend/pkg/helpers/auth.go:18.85,26.2 2 0
github.com/ShatteredRealms/go-backend/pkg/helpers/auth.go:28.59,33.2 1 0
github.com/ShatteredRealms/go-backend/pkg/helpers/character.go:16.17,17.19 1 0
github.com/ShatteredRealms/go-backend/pkg/helpers/character.go:17.19,19.3 1 0
github.com/ShatteredRealms/go-backend/pkg/helpers/character.go:21.2,22.33 2 0
github.com/ShatteredRealms/go-backend/pkg/helpers/character.go:23.32,25.17 2 0
github.com/ShatteredRealms/go-backend/pkg/helpers/character.go:25.17,27.4 1 0
github.com/ShatteredRealms/go-backend/pkg/helpers/character.go:28.3,28.42 1 0
github.com/ShatteredRealms/go-backend/pkg/helpers/character.go:30.30,31.33 1 0
github.com/ShatteredRealms/go-backend/pkg/helpers/character.go:33.10,35.35 2 0
github.com/ShatteredRealms/go-backend/pkg/helpers/character.go:38.2,38.31 1 0
github.com/ShatteredRealms/go-backend/pkg/helpers/character.go:45.19,46.19 1 0
github.com/ShatteredRealms/go-backend/pkg/helpers/character.go:46.19,48.3 1 0
github.com/ShatteredRealms/go-backend/pkg/helpers/character.go:50.2,51.33 2 0
github.com/ShatteredRealms/go-backend/pkg/helpers/character.go:52.32,53.31 1 0
github.com/ShatteredRealms/go-backend/pkg/helpers/character.go:55.30,57.17 2 0
github.com/ShatteredRealms/go-backend/pkg/helpers/character.go:57.17,59.4 1 0
github.com/ShatteredRealms/go-backend/pkg/helpers/character.go:60.3,60.40 1 0
github.com/ShatteredRealms/go-backend/pkg/helpers/character.go:62.10,64.36 2 0
github.com/ShatteredRealms/go-backend/pkg/helpers/character.go:67.2,67.33 1 0
github.com/ShatteredRealms/go-backend/pkg/helpers/config.go:9.40,13.55 3 1
github.com/ShatteredRealms/go-backend/pkg/helpers/config.go:13.55,15.3 1 1
github.com/ShatteredRealms/go-backend/pkg/helpers/config.go:17.2,17.38 1 1
github.com/ShatteredRealms/go-backend/pkg/helpers/config.go:17.38,19.3 1 2
github.com/ShatteredRealms/go-backend/pkg/helpers/config.go:22.52,23.34 1 3
github.com/ShatteredRealms/go-backend/pkg/helpers/config.go:23.34,26.3 2 2
github.com/ShatteredRealms/go-backend/pkg/helpers/config.go:28.2,28.38 1 1
github.com/ShatteredRealms/go-backend/pkg/helpers/config.go:28.38,30.3 1 1
github.com/ShatteredRealms/go-backend/pkg/helpers/conversions.go:3.48,5.28 2 0
github.com/ShatteredRealms/go-backend/pkg/helpers/conversions.go:5.28,7.3 1 0
github.com/ShatteredRealms/go-backend/pkg/helpers/conversions.go:9.2,9.13 1 0
github.com/ShatteredRealms/go-backend/pkg/helpers/errors.go:8.63,9.16 1 0
github.com/ShatteredRealms/go-backend/pkg/helpers/errors.go:9.16,11.3 1 0
github.com/ShatteredRealms/go-backend/pkg/helpers/grpc.go:13.87,14.86 1 0
github.com/ShatteredRealms/go-backend/pkg/helpers/grpc.go:14.86,16.94 1 0
github.com/ShatteredRealms/go-backend/pkg/helpers/grpc.go:16.94,18.4 1 0
github.com/ShatteredRealms/go-backend/pkg/helpers/grpc.go:18.9,23.29 4 0
github.com/ShatteredRealms/go-backend/pkg/helpers/grpc.go:23.29,25.5 1 0
github.com/ShatteredRealms/go-backend/pkg/helpers/grpc.go:27.4,27.32 1 0
github.com/ShatteredRealms/go-backend/pkg/helpers/grpc.go:37.16,47.12 5 0
github.com/ShatteredRealms/go-backend/pkg/helpers/grpc.go:47.12,50.3 2 0
github.com/ShatteredRealms/go-backend/pkg/helpers/grpc.go:52.2,52.15 1 0
github.com/ShatteredRealms/go-backend/pkg/helpers/logging.go:10.20,24.2 4 0
github.com/ShatteredRealms/go-backend/pkg/helpers/srv.go:32.52,38.25 1 0
github.com/ShatteredRealms/go-backend/pkg/helpers/srv.go:38.25,41.3 2 0
github.com/ShatteredRealms/go-backend/pkg/helpers/srv.go:43.54,49.10 1 0
github.com/ShatteredRealms/go-backend/pkg/helpers/srv.go:49.10,52.3 2 0
github.com/ShatteredRealms/go-backend/pkg/helpers/srv.go:55.39,61.2 1 0
github.com/ShatteredRealms/go-backend/pkg/helpers/srv.go:63.67,65.2 1 0
github.com/ShatteredRealms/go-backend/pkg/helpers/srv.go:67.61,78.2 1 0
github.com/ShatteredRealms/go-backend/pkg/helpers/srv.go:80.56,81.16 1 0
github.com/ShatteredRealms/go-backend/pkg/helpers/srv.go:81.16,83.3 1 0
github.com/ShatteredRealms/go-backend/pkg/helpers/srv.go:85.2,86.15 2 0
github.com/ShatteredRealms/go-backend/pkg/helpers/srv.go:86.15,88.3 1 0
github.com/ShatteredRealms/go-backend/pkg/helpers/srv.go:90.2,90.50 1 0
github.com/ShatteredRealms/go-backend/pkg/helpers/srv.go:90.50,92.3 1 0
github.com/ShatteredRealms/go-backend/pkg/helpers/srv.go:94.2,94.44 1 0
github.com/ShatteredRealms/go-backend/pkg/helpers/srv.go:97.67,98.16 1 0
github.com/ShatteredRealms/go-backend/pkg/helpers/srv.go:98.16,100.3 1 0
github.com/ShatteredRealms/go-backend/pkg/helpers/srv.go:102.2,103.16 2 0
github.com/ShatteredRealms/go-backend/pkg/helpers/srv.go:103.16,105.3 1 0
github.com/ShatteredRealms/go-backend/pkg/helpers/srv.go:107.2,108.16 2 0
github.com/ShatteredRealms/go-backend/pkg/helpers/srv.go:108.16,111.3 2 0
github.com/ShatteredRealms/go-backend/pkg/helpers/srv.go:113.2,114.20 2 0
github.com/ShatteredRealms/go-backend/pkg/helpers/srv.go:117.121,118.16 1 0
github.com/ShatteredRealms/go-backend/pkg/helpers/srv.go:118.16,120.3 1 0
github.com/ShatteredRealms/go-backend/pkg/helpers/srv.go:122.2,122.19 1 0
github.com/ShatteredRealms/go-backend/pkg/helpers/srv.go:122.19,124.3 1 0
github.com/ShatteredRealms/go-backend/pkg/helpers/srv.go:126.2,127.16 2 0
github.com/ShatteredRealms/go-backend/pkg/helpers/srv.go:127.16,129.3 1 0
github.com/ShatteredRealms/go-backend/pkg/helpers/srv.go:131.2,139.16 3 0
github.com/ShatteredRealms/go-backend/pkg/helpers/srv.go:139.16,142.3 2 0
github.com/ShatteredRealms/go-backend/pkg/helpers/srv.go:144.2,144.18 1 0
github.com/ShatteredRealms/go-backend/pkg/helpers/srv.go:144.18,146.3 1 0
github.com/ShatteredRealms/go-backend/pkg/helpers/srv.go:148.2,148.28 1 0
github.com/ShatteredRealms/go-backend/pkg/helpers/uuid.go:9.59,11.39 2 0
github.com/ShatteredRealms/go-backend/pkg/helpers/uuid.go:11.39,13.17 2 0
github.com/ShatteredRealms/go-backend/pkg/helpers/uuid.go:13.17,15.4 1 0
github.com/ShatteredRealms/go-backend/pkg/helpers/uuid.go:16.3,16.17 1 0
github.com/ShatteredRealms/go-backend/pkg/helpers/uuid.go:19.2,19.17 1 0
github.com/ShatteredRealms/go-backend/pkg/helpers/auth.go:14.79,16.2 1 0
github.com/ShatteredRealms/go-backend/pkg/helpers/auth.go:18.85,26.2 2 0
github.com/ShatteredRealms/go-backend/pkg/helpers/auth.go:28.59,33.2 1 0
github.com/ShatteredRealms/go-backend/pkg/helpers/character.go:16.17,17.19 1 0
github.com/ShatteredRealms/go-backend/pkg/helpers/character.go:17.19,19.3 1 0
github.com/ShatteredRealms/go-backend/pkg/helpers/character.go:21.2,22.33 2 0
github.com/ShatteredRealms/go-backend/pkg/helpers/character.go:23.32,25.17 2 0
github.com/ShatteredRealms/go-backend/pkg/helpers/character.go:25.17,27.4 1 0
github.com/ShatteredRealms/go-backend/pkg/helpers/character.go:28.3,28.42 1 0
github.com/ShatteredRealms/go-backend/pkg/helpers/character.go:30.30,31.33 1 0
github.com/ShatteredRealms/go-backend/pkg/helpers/character.go:33.10,35.35 2 0
github.com/ShatteredRealms/go-backend/pkg/helpers/character.go:38.2,38.31 1 0
github.com/ShatteredRealms/go-backend/pkg/helpers/character.go:45.19,46.19 1 1
github.com/ShatteredRealms/go-backend/pkg/helpers/character.go:46.19,48.3 1 0
github.com/ShatteredRealms/go-backend/pkg/helpers/character.go:50.2,51.33 2 1
github.com/ShatteredRealms/go-backend/pkg/helpers/character.go:52.32,53.31 1 0
github.com/ShatteredRealms/go-backend/pkg/helpers/character.go:55.30,57.17 2 1
github.com/ShatteredRealms/go-backend/pkg/helpers/character.go:57.17,59.4 1 0
github.com/ShatteredRealms/go-backend/pkg/helpers/character.go:60.3,60.40 1 1
github.com/ShatteredRealms/go-backend/pkg/helpers/character.go:62.10,64.36 2 0
github.com/ShatteredRealms/go-backend/pkg/helpers/character.go:67.2,67.33 1 1
github.com/ShatteredRealms/go-backend/pkg/helpers/config.go:9.40,13.55 3 0
github.com/ShatteredRealms/go-backend/pkg/helpers/config.go:13.55,15.3 1 0
github.com/ShatteredRealms/go-backend/pkg/helpers/config.go:17.2,17.38 1 0
github.com/ShatteredRealms/go-backend/pkg/helpers/config.go:17.38,19.3 1 0
github.com/ShatteredRealms/go-backend/pkg/helpers/config.go:22.52,23.34 1 0
github.com/ShatteredRealms/go-backend/pkg/helpers/config.go:23.34,26.3 2 0
github.com/ShatteredRealms/go-backend/pkg/helpers/config.go:28.2,28.38 1 0
github.com/ShatteredRealms/go-backend/pkg/helpers/config.go:28.38,30.3 1 0
github.com/ShatteredRealms/go-backend/pkg/helpers/conversions.go:3.48,5.28 2 0
github.com/ShatteredRealms/go-backend/pkg/helpers/conversions.go:5.28,7.3 1 0
github.com/ShatteredRealms/go-backend/pkg/helpers/conversions.go:9.2,9.13 1 0
github.com/ShatteredRealms/go-backend/pkg/helpers/errors.go:8.63,9.16 1 0
github.com/ShatteredRealms/go-backend/pkg/helpers/errors.go:9.16,11.3 1 0
github.com/ShatteredRealms/go-backend/pkg/helpers/grpc.go:13.87,14.86 1 0
github.com/ShatteredRealms/go-backend/pkg/helpers/grpc.go:14.86,16.94 1 0
github.com/ShatteredRealms/go-backend/pkg/helpers/grpc.go:16.94,18.4 1 0
github.com/ShatteredRealms/go-backend/pkg/helpers/grpc.go:18.9,23.29 4 0
github.com/ShatteredRealms/go-backend/pkg/helpers/grpc.go:23.29,25.5 1 0
github.com/ShatteredRealms/go-backend/pkg/helpers/grpc.go:27.4,27.32 1 0
github.com/ShatteredRealms/go-backend/pkg/helpers/grpc.go:37.16,47.12 5 0
github.com/ShatteredRealms/go-backend/pkg/helpers/grpc.go:47.12,50.3 2 0
github.com/ShatteredRealms/go-backend/pkg/helpers/grpc.go:52.2,52.15 1 0
github.com/ShatteredRealms/go-backend/pkg/helpers/logging.go:10.20,24.2 4 0
github.com/ShatteredRealms/go-backend/pkg/helpers/srv.go:32.52,38.25 1 0
github.com/ShatteredRealms/go-backend/pkg/helpers/srv.go:38.25,41.3 2 0
github.com/ShatteredRealms/go-backend/pkg/helpers/srv.go:43.54,49.10 1 0
github.com/ShatteredRealms/go-backend/pkg/helpers/srv.go:49.10,52.3 2 0
github.com/ShatteredRealms/go-backend/pkg/helpers/srv.go:55.39,61.2 1 0
github.com/ShatteredRealms/go-backend/pkg/helpers/srv.go:63.67,65.2 1 0
github.com/ShatteredRealms/go-backend/pkg/helpers/srv.go:67.61,78.2 1 0
github.com/ShatteredRealms/go-backend/pkg/helpers/srv.go:80.56,81.16 1 0
github.com/ShatteredRealms/go-backend/pkg/helpers/srv.go:81.16,83.3 1 0
github.com/ShatteredRealms/go-backend/pkg/helpers/srv.go:85.2,86.15 2 0
github.com/ShatteredRealms/go-backend/pkg/helpers/srv.go:86.15,88.3 1 0
github.com/ShatteredRealms/go-backend/pkg/helpers/srv.go:90.2,90.50 1 0
github.com/ShatteredRealms/go-backend/pkg/helpers/srv.go:90.50,92.3 1 0
github.com/ShatteredRealms/go-backend/pkg/helpers/srv.go:94.2,94.44 1 0
github.com/ShatteredRealms/go-backend/pkg/helpers/srv.go:97.67,98.16 1 0
github.com/ShatteredRealms/go-backend/pkg/helpers/srv.go:98.16,100.3 1 0
github.com/ShatteredRealms/go-backend/pkg/helpers/srv.go:102.2,103.16 2 0
github.com/ShatteredRealms/go-backend/pkg/helpers/srv.go:103.16,105.3 1 0
github.com/ShatteredRealms/go-backend/pkg/helpers/srv.go:107.2,108.16 2 0
github.com/ShatteredRealms/go-backend/pkg/helpers/srv.go:108.16,111.3 2 0
github.com/ShatteredRealms/go-backend/pkg/helpers/srv.go:113.2,114.20 2 0
github.com/ShatteredRealms/go-backend/pkg/helpers/srv.go:117.121,118.16 1 0
github.com/ShatteredRealms/go-backend/pkg/helpers/srv.go:118.16,120.3 1 0
github.com/ShatteredRealms/go-backend/pkg/helpers/srv.go:122.2,122.19 1 0
github.com/ShatteredRealms/go-backend/pkg/helpers/srv.go:122.19,124.3 1 0
github.com/ShatteredRealms/go-backend/pkg/helpers/srv.go:126.2,127.16 2 0
github.com/ShatteredRealms/go-backend/pkg/helpers/srv.go:127.16,129.3 1 0
github.com/ShatteredRealms/go-backend/pkg/helpers/srv.go:131.2,139.16 3 0
github.com/ShatteredRealms/go-backend/pkg/helpers/srv.go:139.16,142.3 2 0
github.com/ShatteredRealms/go-backend/pkg/helpers/srv.go:144.2,144.18 1 0
github.com/ShatteredRealms/go-backend/pkg/helpers/srv.go:144.18,146.3 1 0
github.com/ShatteredRealms/go-backend/pkg/helpers/srv.go:148.2,148.28 1 0
github.com/ShatteredRealms/go-backend/pkg/helpers/uuid.go:9.59,11.39 2 0
github.com/ShatteredRealms/go-backend/pkg/helpers/uuid.go:11.39,13.17 2 0
github.com/ShatteredRealms/go-backend/pkg/helpers/uuid.go:13.17,15.4 1 0
github.com/ShatteredRealms/go-backend/pkg/helpers/uuid.go:16.3,16.17 1 0
github.com/ShatteredRealms/go-backend/pkg/helpers/uuid.go:19.2,19.17 1 0
github.com/ShatteredRealms/go-backend/pkg/helpers/auth.go:14.79,16.2 1 0
github.com/ShatteredRealms/go-backend/pkg/helpers/auth.go:18.85,26.2 2 0
github.com/ShatteredRealms/go-backend/pkg/helpers/auth.go:28.59,33.2 1 0
github.com/ShatteredRealms/go-backend/pkg/helpers/character.go:16.17,17.19 1 0
github.com/ShatteredRealms/go-backend/pkg/helpers/character.go:17.19,19.3 1 0
github.com/ShatteredRealms/go-backend/pkg/helpers/character.go:21.2,22.33 2 0
github.com/ShatteredRealms/go-backend/pkg/helpers/character.go:23.32,25.17 2 0
github.com/ShatteredRealms/go-backend/pkg/helpers/character.go:25.17,27.4 1 0
github.com/ShatteredRealms/go-backend/pkg/helpers/character.go:28.3,28.42 1 0
github.com/ShatteredRealms/go-backend/pkg/helpers/character.go:30.30,31.33 1 0
github.com/ShatteredRealms/go-backend/pkg/helpers/character.go:33.10,35.35 2 0
github.com/ShatteredRealms/go-backend/pkg/helpers/character.go:38.2,38.31 1 0
github.com/ShatteredRealms/go-backend/pkg/helpers/character.go:45.19,46.19 1 0
github.com/ShatteredRealms/go-backend/pkg/helpers/character.go:46.19,48.3 1 0
github.com/ShatteredRealms/go-backend/pkg/helpers/character.go:50.2,51.33 2 0
github.com/ShatteredRealms/go-backend/pkg/helpers/character.go:52.32,53.31 1 0
github.com/ShatteredRealms/go-backend/pkg/helpers/character.go:55.30,57.17 2 0
github.com/ShatteredRealms/go-backend/pkg/helpers/character.go:57.17,59.4 1 0
github.com/ShatteredRealms/go-backend/pkg/helpers/character.go:60.3,60.40 1 0
github.com/ShatteredRealms/go-backend/pkg/helpers/character.go:62.10,64.36 2 0
github.com/ShatteredRealms/go-backend/pkg/helpers/character.go:67.2,67.33 1 0
github.com/ShatteredRealms/go-backend/pkg/helpers/config.go:9.40,13.55 3 0
github.com/ShatteredRealms/go-backend/pkg/helpers/config.go:13.55,15.3 1 0
github.com/ShatteredRealms/go-backend/pkg/helpers/config.go:17.2,17.38 1 0
github.com/ShatteredRealms/go-backend/pkg/helpers/config.go:17.38,19.3 1 0
github.com/ShatteredRealms/go-backend/pkg/helpers/config.go:22.52,23.34 1 0
github.com/ShatteredRealms/go-backend/pkg/helpers/config.go:23.34,26.3 2 0
github.com/ShatteredRealms/go-backend/pkg/helpers/config.go:28.2,28.38 1 0
github.com/ShatteredRealms/go-backend/pkg/helpers/config.go:28.38,30.3 1 0
github.com/ShatteredRealms/go-backend/pkg/helpers/conversions.go:3.48,5.28 2 0
github.com/ShatteredRealms/go-backend/pkg/helpers/conversions.go:5.28,7.3 1 0
github.com/ShatteredRealms/go-backend/pkg/helpers/conversions.go:9.2,9.13 1 0
github.com/ShatteredRealms/go-backend/pkg/helpers/errors.go:8.63,9.16 1 0
github.com/ShatteredRealms/go-backend/pkg/helpers/errors.go:9.16,11.3 1 0
github.com/ShatteredRealms/go-backend/pkg/helpers/grpc.go:13.87,14.86 1 0
github.com/ShatteredRealms/go-backend/pkg/helpers/grpc.go:14.86,16.94 1 0
github.com/ShatteredRealms/go-backend/pkg/helpers/grpc.go:16.94,18.4 1 0
github.com/ShatteredRealms/go-backend/pkg/helpers/grpc.go:18.9,23.29 4 0
github.com/ShatteredRealms/go-backend/pkg/helpers/grpc.go:23.29,25.5 1 0
github.com/ShatteredRealms/go-backend/pkg/helpers/grpc.go:27.4,27.32 1 0
github.com/ShatteredRealms/go-backend/pkg/helpers/grpc.go:37.16,47.12 5 0
github.com/ShatteredRealms/go-backend/pkg/helpers/grpc.go:47.12,50.3 2 0
github.com/ShatteredRealms/go-backend/pkg/helpers/grpc.go:52.2,52.15 1 0
github.com/ShatteredRealms/go-backend/pkg/helpers/logging.go:10.20,24.2 4 0
github.com/ShatteredRealms/go-backend/pkg/helpers/srv.go:32.52,38.25 1 0
github.com/ShatteredRealms/go-backend/pkg/helpers/srv.go:38.25,41.3 2 0
github.com/ShatteredRealms/go-backend/pkg/helpers/srv.go:43.54,49.10 1 0
github.com/ShatteredRealms/go-backend/pkg/helpers/srv.go:49.10,52.3 2 0
github.com/ShatteredRealms/go-backend/pkg/helpers/srv.go:55.39,61.2 1 0
github.com/ShatteredRealms/go-backend/pkg/helpers/srv.go:63.67,65.2 1 0
github.com/ShatteredRealms/go-backend/pkg/helpers/srv.go:67.61,78.2 1 0
github.com/ShatteredRealms/go-backend/pkg/helpers/srv.go:80.56,81.16 1 2
github.com/ShatteredRealms/go-backend/pkg/helpers/srv.go:81.16,83.3 1 1
github.com/ShatteredRealms/go-backend/pkg/helpers/srv.go:85.2,86.15 2 1
github.com/ShatteredRealms/go-backend/pkg/helpers/srv.go:86.15,88.3 1 0
github.com/ShatteredRealms/go-backend/pkg/helpers/srv.go:90.2,90.50 1 1
github.com/ShatteredRealms/go-backend/pkg/helpers/srv.go:90.50,92.3 1 0
github.com/ShatteredRealms/go-backend/pkg/helpers/srv.go:94.2,94.44 1 1
github.com/ShatteredRealms/go-backend/pkg/helpers/srv.go:97.67,98.16 1 0
github.com/ShatteredRealms/go-backend/pkg/helpers/srv.go:98.16,100.3 1 0
github.com/ShatteredRealms/go-backend/pkg/helpers/srv.go:102.2,103.16 2 0
github.com/ShatteredRealms/go-backend/pkg/helpers/srv.go:103.16,105.3 1 0
github.com/ShatteredRealms/go-backend/pkg/helpers/srv.go:107.2,108.16 2 0
github.com/ShatteredRealms/go-backend/pkg/helpers/srv.go:108.16,111.3 2 0
github.com/ShatteredRealms/go-backend/pkg/helpers/srv.go:113.2,114.20 2 0
github.com/ShatteredRealms/go-backend/pkg/helpers/srv.go:117.121,118.16 1 1
github.com/ShatteredRealms/go-backend/pkg/helpers/srv.go:118.16,120.3 1 0
github.com/ShatteredRealms/go-backend/pkg/helpers/srv.go:122.2,122.19 1 1
github.com/ShatteredRealms/go-backend/pkg/helpers/srv.go:122.19,124.3 1 0
github.com/ShatteredRealms/go-backend/pkg/helpers/srv.go:126.2,127.16 2 1
github.com/ShatteredRealms/go-backend/pkg/helpers/srv.go:127.16,129.3 1 0
github.com/ShatteredRealms/go-backend/pkg/helpers/srv.go:131.2,139.16 3 1
github.com/ShatteredRealms/go-backend/pkg/helpers/srv.go:139.16,142.3 2 0
github.com/ShatteredRealms/go-backend/pkg/helpers/srv.go:144.2,144.18 1 1
github.com/ShatteredRealms/go-backend/pkg/helpers/srv.go:144.18,146.3 1 1
github.com/ShatteredRealms/go-backend/pkg/helpers/srv.go:148.2,148.28 1 0
github.com/ShatteredRealms/go-backend/pkg/helpers/uuid.go:9.59,11.39 2 0
github.com/ShatteredRealms/go-backend/pkg/helpers/uuid.go:11.39,13.17 2 0
github.com/ShatteredRealms/go-backend/pkg/helpers/uuid.go:13.17,15.4 1 0
github.com/ShatteredRealms/go-backend/pkg/helpers/uuid.go:16.3,16.17 1 0
github.com/ShatteredRealms/go-backend/pkg/helpers/uuid.go:19.2,19.17 1 0
github.com/ShatteredRealms/go-backend/pkg/helpers/auth.go:14.79,16.2 1 0
github.com/ShatteredRealms/go-backend/pkg/helpers/auth.go:18.85,26.2 2 0
github.com/ShatteredRealms/go-backend/pkg/helpers/auth.go:28.59,33.2 1 0
github.com/ShatteredRealms/go-backend/pkg/helpers/character.go:16.17,17.19 1 1
github.com/ShatteredRealms/go-backend/pkg/helpers/character.go:17.19,19.3 1 0
github.com/ShatteredRealms/go-backend/pkg/helpers/character.go:21.2,22.33 2 1
github.com/ShatteredRealms/go-backend/pkg/helpers/character.go:23.32,25.17 2 0
github.com/ShatteredRealms/go-backend/pkg/helpers/character.go:25.17,27.4 1 0
github.com/ShatteredRealms/go-backend/pkg/helpers/character.go:28.3,28.42 1 0
github.com/ShatteredRealms/go-backend/pkg/helpers/character.go:30.30,31.33 1 0
github.com/ShatteredRealms/go-backend/pkg/helpers/character.go:33.10,35.35 2 1
github.com/ShatteredRealms/go-backend/pkg/helpers/character.go:38.2,38.31 1 0
github.com/ShatteredRealms/go-backend/pkg/helpers/character.go:45.19,46.19 1 0
github.com/ShatteredRealms/go-backend/pkg/helpers/character.go:46.19,48.3 1 0
github.com/ShatteredRealms/go-backend/pkg/helpers/character.go:50.2,51.33 2 0
github.com/ShatteredRealms/go-backend/pkg/helpers/character.go:52.32,53.31 1 0
github.com/ShatteredRealms/go-backend/pkg/helpers/character.go:55.30,57.17 2 0
github.com/ShatteredRealms/go-backend/pkg/helpers/character.go:57.17,59.4 1 0
github.com/ShatteredRealms/go-backend/pkg/helpers/character.go:60.3,60.40 1 0
github.com/ShatteredRealms/go-backend/pkg/helpers/character.go:62.10,64.36 2 0
github.com/ShatteredRealms/go-backend/pkg/helpers/character.go:67.2,67.33 1 0
github.com/ShatteredRealms/go-backend/pkg/helpers/config.go:9.40,13.55 3 0
github.com/ShatteredRealms/go-backend/pkg/helpers/config.go:13.55,15.3 1 0
github.com/ShatteredRealms/go-backend/pkg/helpers/config.go:17.2,17.38 1 0
github.com/ShatteredRealms/go-backend/pkg/helpers/config.go:17.38,19.3 1 0
github.com/ShatteredRealms/go-backend/pkg/helpers/config.go:22.52,23.34 1 0
github.com/ShatteredRealms/go-backend/pkg/helpers/config.go:23.34,26.3 2 0
github.com/ShatteredRealms/go-backend/pkg/helpers/config.go:28.2,28.38 1 0
github.com/ShatteredRealms/go-backend/pkg/helpers/config.go:28.38,30.3 1 0
github.com/ShatteredRealms/go-backend/pkg/helpers/conversions.go:3.48,5.28 2 0
github.com/ShatteredRealms/go-backend/pkg/helpers/conversions.go:5.28,7.3 1 0
github.com/ShatteredRealms/go-backend/pkg/helpers/conversions.go:9.2,9.13 1 0
github.com/ShatteredRealms/go-backend/pkg/helpers/errors.go:8.63,9.16 1 2
github.com/ShatteredRealms/go-backend/pkg/helpers/errors.go:9.16,11.3 1 1
github.com/ShatteredRealms/go-backend/pkg/helpers/grpc.go:13.87,14.86 1 2
github.com/ShatteredRealms/go-backend/pkg/helpers/grpc.go:14.86,16.94 1 1
github.com/ShatteredRealms/go-backend/pkg/helpers/grpc.go:16.94,18.4 1 0
github.com/ShatteredRealms/go-backend/pkg/helpers/grpc.go:18.9,23.29 4 1
github.com/ShatteredRealms/go-backend/pkg/helpers/grpc.go:23.29,25.5 1 0
github.com/ShatteredRealms/go-backend/pkg/helpers/grpc.go:27.4,27.32 1 1
github.com/ShatteredRealms/go-backend/pkg/helpers/grpc.go:37.16,47.12 5 1
github.com/ShatteredRealms/go-backend/pkg/helpers/grpc.go:47.12,50.3 2 1
github.com/ShatteredRealms/go-backend/pkg/helpers/grpc.go:52.2,52.15 1 1
github.com/ShatteredRealms/go-backend/pkg/helpers/logging.go:10.20,24.2 4 0
github.com/ShatteredRealms/go-backend/pkg/helpers/srv.go:32.52,38.25 1 0
github.com/ShatteredRealms/go-backend/pkg/helpers/srv.go:38.25,41.3 2 0
github.com/ShatteredRealms/go-backend/pkg/helpers/srv.go:43.54,49.10 1 0
github.com/ShatteredRealms/go-backend/pkg/helpers/srv.go:49.10,52.3 2 0
github.com/ShatteredRealms/go-backend/pkg/helpers/srv.go:55.39,61.2 1 0
github.com/ShatteredRealms/go-backend/pkg/helpers/srv.go:63.67,65.2 1 0
github.com/ShatteredRealms/go-backend/pkg/helpers/srv.go:67.61,78.2 1 0
github.com/ShatteredRealms/go-backend/pkg/helpers/srv.go:80.56,81.16 1 0
github.com/ShatteredRealms/go-backend/pkg/helpers/srv.go:81.16,83.3 1 0
github.com/ShatteredRealms/go-backend/pkg/helpers/srv.go:85.2,86.15 2 0
github.com/ShatteredRealms/go-backend/pkg/helpers/srv.go:86.15,88.3 1 0
github.com/ShatteredRealms/go-backend/pkg/helpers/srv.go:90.2,90.50 1 0
github.com/ShatteredRealms/go-backend/pkg/helpers/srv.go:90.50,92.3 1 0
github.com/ShatteredRealms/go-backend/pkg/helpers/srv.go:94.2,94.44 1 0
github.com/ShatteredRealms/go-backend/pkg/helpers/srv.go:97.67,98.16 1 0
github.com/ShatteredRealms/go-backend/pkg/helpers/srv.go:98.16,100.3 1 0
github.com/ShatteredRealms/go-backend/pkg/helpers/srv.go:102.2,103.16 2 0
github.com/ShatteredRealms/go-backend/pkg/helpers/srv.go:103.16,105.3 1 0
github.com/ShatteredRealms/go-backend/pkg/helpers/srv.go:107.2,108.16 2 0
github.com/ShatteredRealms/go-backend/pkg/helpers/srv.go:108.16,111.3 2 0
github.com/ShatteredRealms/go-backend/pkg/helpers/srv.go:113.2,114.20 2 0
github.com/ShatteredRealms/go-backend/pkg/helpers/srv.go:117.121,118.16 1 0
github.com/ShatteredRealms/go-backend/pkg/helpers/srv.go:118.16,120.3 1 0
github.com/ShatteredRealms/go-backend/pkg/helpers/srv.go:122.2,122.19 1 0
github.com/ShatteredRealms/go-backend/pkg/helpers/srv.go:122.19,124.3 1 0
github.com/ShatteredRealms/go-backend/pkg/helpers/srv.go:126.2,127.16 2 0
github.com/ShatteredRealms/go-backend/pkg/helpers/srv.go:127.16,129.3 1 0
github.com/ShatteredRealms/go-backend/pkg/helpers/srv.go:131.2,139.16 3 0
github.com/ShatteredRealms/go-backend/pkg/helpers/srv.go:139.16,142.3 2 0
github.com/ShatteredRealms/go-backend/pkg/helpers/srv.go:144.2,144.18 1 0
github.com/ShatteredRealms/go-backend/pkg/helpers/srv.go:144.18,146.3 1 0
github.com/ShatteredRealms/go-backend/pkg/helpers/srv.go:148.2,148.28 1 0
github.com/ShatteredRealms/go-backend/pkg/helpers/uuid.go:9.59,11.39 2 0
github.com/ShatteredRealms/go-backend/pkg/helpers/uuid.go:11.39,13.17 2 0
github.com/ShatteredRealms/go-backend/pkg/helpers/uuid.go:13.17,15.4 1 0
github.com/ShatteredRealms/go-backend/pkg/helpers/uuid.go:16.3,16.17 1 0
github.com/ShatteredRealms/go-backend/pkg/helpers/uuid.go:19.2,19.17 1 0
github.com/ShatteredRealms/go-backend/pkg/helpers/auth.go:14.79,16.2 1 1
github.com/ShatteredRealms/go-backend/pkg/helpers/auth.go:18.85,26.2 2 1
github.com/ShatteredRealms/go-backend/pkg/helpers/auth.go:28.59,33.2 1 0
github.com/ShatteredRealms/go-backend/pkg/helpers/character.go:16.17,17.19 1 0
github.com/ShatteredRealms/go-backend/pkg/helpers/character.go:17.19,19.3 1 0
github.com/ShatteredRealms/go-backend/pkg/helpers/character.go:21.2,22.33 2 0
github.com/ShatteredRealms/go-backend/pkg/helpers/character.go:23.32,25.17 2 0
github.com/ShatteredRealms/go-backend/pkg/helpers/character.go:25.17,27.4 1 0
github.com/ShatteredRealms/go-backend/pkg/helpers/character.go:28.3,28.42 1 0
github.com/ShatteredRealms/go-backend/pkg/helpers/character.go:30.30,31.33 1 0
github.com/ShatteredRealms/go-backend/pkg/helpers/character.go:33.10,35.35 2 0
github.com/ShatteredRealms/go-backend/pkg/helpers/character.go:38.2,38.31 1 0
github.com/ShatteredRealms/go-backend/pkg/helpers/character.go:45.19,46.19 1 0
github.com/ShatteredRealms/go-backend/pkg/helpers/character.go:46.19,48.3 1 0
github.com/ShatteredRealms/go-backend/pkg/helpers/character.go:50.2,51.33 2 0
github.com/ShatteredRealms/go-backend/pkg/helpers/character.go:52.32,53.31 1 0
github.com/ShatteredRealms/go-backend/pkg/helpers/character.go:55.30,57.17 2 0
github.com/ShatteredRealms/go-backend/pkg/helpers/character.go:57.17,59.4 1 0
github.com/ShatteredRealms/go-backend/pkg/helpers/character.go:60.3,60.40 1 0
github.com/ShatteredRealms/go-backend/pkg/helpers/character.go:62.10,64.36 2 0
github.com/ShatteredRealms/go-backend/pkg/helpers/character.go:67.2,67.33 1 0
github.com/ShatteredRealms/go-backend/pkg/helpers/config.go:9.40,13.55 3 0
github.com/ShatteredRealms/go-backend/pkg/helpers/config.go:13.55,15.3 1 0
github.com/ShatteredRealms/go-backend/pkg/helpers/config.go:17.2,17.38 1 0
github.com/ShatteredRealms/go-backend/pkg/helpers/config.go:17.38,19.3 1 0
github.com/ShatteredRealms/go-backend/pkg/helpers/config.go:22.52,23.34 1 0
github.com/ShatteredRealms/go-backend/pkg/helpers/config.go:23.34,26.3 2 0
github.com/ShatteredRealms/go-backend/pkg/helpers/config.go:28.2,28.38 1 0
github.com/ShatteredRealms/go-backend/pkg/helpers/config.go:28.38,30.3 1 0
github.com/ShatteredRealms/go-backend/pkg/helpers/conversions.go:3.48,5.28 2 0
github.com/ShatteredRealms/go-backend/pkg/helpers/conversions.go:5.28,7.3 1 0
github.com/ShatteredRealms/go-backend/pkg/helpers/conversions.go:9.2,9.13 1 0
github.com/ShatteredRealms/go-backend/pkg/helpers/errors.go:8.63,9.16 1 0
github.com/ShatteredRealms/go-backend/pkg/helpers/errors.go:9.16,11.3 1 0
github.com/ShatteredRealms/go-backend/pkg/helpers/grpc.go:13.87,14.86 1 0
github.com/ShatteredRealms/go-backend/pkg/helpers/grpc.go:14.86,16.94 1 0
github.com/ShatteredRealms/go-backend/pkg/helpers/grpc.go:16.94,18.4 1 0
github.com/ShatteredRealms/go-backend/pkg/helpers/grpc.go:18.9,23.29 4 0
github.com/ShatteredRealms/go-backend/pkg/helpers/grpc.go:23.29,25.5 1 0
github.com/ShatteredRealms/go-backend/pkg/helpers/grpc.go:27.4,27.32 1 0
github.com/ShatteredRealms/go-backend/pkg/helpers/grpc.go:37.16,47.12 5 0
github.com/ShatteredRealms/go-backend/pkg/helpers/grpc.go:47.12,50.3 2 0
github.com/ShatteredRealms/go-backend/pkg/helpers/grpc.go:52.2,52.15 1 0
github.com/ShatteredRealms/go-backend/pkg/helpers/logging.go:10.20,24.2 4 0
github.com/ShatteredRealms/go-backend/pkg/helpers/srv.go:32.52,38.25 1 0
github.com/ShatteredRealms/go-backend/pkg/helpers/srv.go:38.25,41.3 2 0
github.com/ShatteredRealms/go-backend/pkg/helpers/srv.go:43.54,49.10 1 0
github.com/ShatteredRealms/go-backend/pkg/helpers/srv.go:49.10,52.3 2 0
github.com/ShatteredRealms/go-backend/pkg/helpers/srv.go:55.39,61.2 1 0
github.com/ShatteredRealms/go-backend/pkg/helpers/srv.go:63.67,65.2 1 0
github.com/ShatteredRealms/go-backend/pkg/helpers/srv.go:67.61,78.2 1 0
github.com/ShatteredRealms/go-backend/pkg/helpers/srv.go:80.56,81.16 1 1
github.com/ShatteredRealms/go-backend/pkg/helpers/srv.go:81.16,83.3 1 0
github.com/ShatteredRealms/go-backend/pkg/helpers/srv.go:85.2,86.15 2 1
github.com/ShatteredRealms/go-backend/pkg/helpers/srv.go:86.15,88.3 1 0
github.com/ShatteredRealms/go-backend/pkg/helpers/srv.go:90.2,90.50 1 1
github.com/ShatteredRealms/go-backend/pkg/helpers/srv.go:90.50,92.3 1 0
github.com/ShatteredRealms/go-backend/pkg/helpers/srv.go:94.2,94.44 1 1
github.com/ShatteredRealms/go-backend/pkg/helpers/srv.go:97.67,98.16 1 0
github.com/ShatteredRealms/go-backend/pkg/helpers/srv.go:98.16,100.3 1 0
github.com/ShatteredRealms/go-backend/pkg/helpers/srv.go:102.2,103.16 2 0
github.com/ShatteredRealms/go-backend/pkg/helpers/srv.go:103.16,105.3 1 0
github.com/ShatteredRealms/go-backend/pkg/helpers/srv.go:107.2,108.16 2 0
github.com/ShatteredRealms/go-backend/pkg/helpers/srv.go:108.16,111.3 2 0
github.com/ShatteredRealms/go-backend/pkg/helpers/srv.go:113.2,114.20 2 0
github.com/ShatteredRealms/go-backend/pkg/helpers/srv.go:117.121,118.16 1 3
github.com/ShatteredRealms/go-backend/pkg/helpers/srv.go:118.16,120.3 1 2
github.com/ShatteredRealms/go-backend/pkg/helpers/srv.go:122.2,122.19 1 1
github.com/ShatteredRealms/go-backend/pkg/helpers/srv.go:122.19,124.3 1 1
github.com/ShatteredRealms/go-backend/pkg/helpers/srv.go:126.2,127.16 2 0
github.com/ShatteredRealms/go-backend/pkg/helpers/srv.go:127.16,129.3 1 0
github.com/ShatteredRealms/go-backend/pkg/helpers/srv.go:131.2,139.16 3 0
github.com/ShatteredRealms/go-backend/pkg/helpers/srv.go:139.16,142.3 2 0
github.com/ShatteredRealms/go-backend/pkg/helpers/srv.go:144.2,144.18 1 0
github.com/ShatteredRealms/go-backend/pkg/helpers/srv.go:144.18,146.3 1 0
github.com/ShatteredRealms/go-backend/pkg/helpers/srv.go:148.2,148.28 1 0
github.com/ShatteredRealms/go-backend/pkg/helpers/uuid.go:9.59,11.39 2 1
github.com/ShatteredRealms/go-backend/pkg/helpers/uuid.go:11.39,13.17 2 44
github.com/ShatteredRealms/go-backend/pkg/helpers/uuid.go:13.17,15.4 1 0
github.com/ShatteredRealms/go-backend/pkg/helpers/uuid.go:16.3,16.17 1 44
github.com/ShatteredRealms/go-backend/pkg/helpers/uuid.go:19.2,19.17 1 1
github.com/ShatteredRealms/go-backend/pkg/helpers/auth.go:14.79,16.2 1 0
github.com/ShatteredRealms/go-backend/pkg/helpers/auth.go:18.85,26.2 2 0
github.com/ShatteredRealms/go-backend/pkg/helpers/auth.go:28.59,33.2 1 0
github.com/ShatteredRealms/go-backend/pkg/helpers/character.go:16.17,17.19 1 0
github.com/ShatteredRealms/go-backend/pkg/helpers/character.go:17.19,19.3 1 0
github.com/ShatteredRealms/go-backend/pkg/helpers/character.go:21.2,22.33 2 0
github.com/ShatteredRealms/go-backend/pkg/helpers/character.go:23.32,25.17 2 0
github.com/ShatteredRealms/go-backend/pkg/helpers/character.go:25.17,27.4 1 0
github.com/ShatteredRealms/go-backend/pkg/helpers/character.go:28.3,28.42 1 0
github.com/ShatteredRealms/go-backend/pkg/helpers/character.go:30.30,31.33 1 0
github.com/ShatteredRealms/go-backend/pkg/helpers/character.go:33.10,35.35 2 0
github.com/ShatteredRealms/go-backend/pkg/helpers/character.go:38.2,38.31 1 0
github.com/ShatteredRealms/go-backend/pkg/helpers/character.go:45.19,46.19 1 0
github.com/ShatteredRealms/go-backend/pkg/helpers/character.go:46.19,48.3 1 0
github.com/ShatteredRealms/go-backend/pkg/helpers/character.go:50.2,51.33 2 0
github.com/ShatteredRealms/go-backend/pkg/helpers/character.go:52.32,53.31 1 0
github.com/ShatteredRealms/go-backend/pkg/helpers/character.go:55.30,57.17 2 0
github.com/ShatteredRealms/go-backend/pkg/helpers/character.go:57.17,59.4 1 0
github.com/ShatteredRealms/go-backend/pkg/helpers/character.go:60.3,60.40 1 0
github.com/ShatteredRealms/go-backend/pkg/helpers/character.go:62.10,64.36 2 0
github.com/ShatteredRealms/go-backend/pkg/helpers/character.go:67.2,67.33 1 0
github.com/ShatteredRealms/go-backend/pkg/helpers/config.go:9.40,13.55 3 0
github.com/ShatteredRealms/go-backend/pkg/helpers/config.go:13.55,15.3 1 0
github.com/ShatteredRealms/go-backend/pkg/helpers/config.go:17.2,17.38 1 0
github.com/ShatteredRealms/go-backend/pkg/helpers/config.go:17.38,19.3 1 0
github.com/ShatteredRealms/go-backend/pkg/helpers/config.go:22.52,23.34 1 0
github.com/ShatteredRealms/go-backend/pkg/helpers/config.go:23.34,26.3 2 0
github.com/ShatteredRealms/go-backend/pkg/helpers/config.go:28.2,28.38 1 0
github.com/ShatteredRealms/go-backend/pkg/helpers/config.go:28.38,30.3 1 0
github.com/ShatteredRealms/go-backend/pkg/helpers/conversions.go:3.48,5.28 2 0
github.com/ShatteredRealms/go-backend/pkg/helpers/conversions.go:5.28,7.3 1 0
github.com/ShatteredRealms/go-backend/pkg/helpers/conversions.go:9.2,9.13 1 0
github.com/ShatteredRealms/go-backend/pkg/helpers/errors.go:8.63,9.16 1 0
github.com/ShatteredRealms/go-backend/pkg/helpers/errors.go:9.16,11.3 1 0
github.com/ShatteredRealms/go-backend/pkg/helpers/grpc.go:13.87,14.86 1 0
github.com/ShatteredRealms/go-backend/pkg/helpers/grpc.go:14.86,16.94 1 0
github.com/ShatteredRealms/go-backend/pkg/helpers/grpc.go:16.94,18.4 1 0
github.com/ShatteredRealms/go-backend/pkg/helpers/grpc.go:18.9,23.29 4 0
github.com/ShatteredRealms/go-backend/pkg/helpers/grpc.go:23.29,25.5 1 0
github.com/ShatteredRealms/go-backend/pkg/helpers/grpc.go:27.4,27.32 1 0
github.com/ShatteredRealms/go-backend/pkg/helpers/grpc.go:37.16,47.12 5 0
github.com/ShatteredRealms/go-backend/pkg/helpers/grpc.go:47.12,50.3 2 0
github.com/ShatteredRealms/go-backend/pkg/helpers/grpc.go:52.2,52.15 1 0
github.com/ShatteredRealms/go-backend/pkg/helpers/logging.go:10.20,24.2 4 0
github.com/ShatteredRealms/go-backend/pkg/helpers/srv.go:32.52,38.25 1 0
github.com/ShatteredRealms/go-backend/pkg/helpers/srv.go:38.25,41.3 2 0
github.com/ShatteredRealms/go-backend/pkg/helpers/srv.go:43.54,49.10 1 0
github.com/ShatteredRealms/go-backend/pkg/helpers/srv.go:49.10,52.3 2 0
github.com/ShatteredRealms/go-backend/pkg/helpers/srv.go:55.39,61.2 1 0
github.com/ShatteredRealms/go-backend/pkg/helpers/srv.go:63.67,65.2 1 0
github.com/ShatteredRealms/go-backend/pkg/helpers/srv.go:67.61,78.2 1 0
github.com/ShatteredRealms/go-backend/pkg/helpers/srv.go:80.56,81.16 1 0
github.com/ShatteredRealms/go-backend/pkg/helpers/srv.go:81.16,83.3 1 0
github.com/ShatteredRealms/go-backend/pkg/helpers/srv.go:85.2,86.15 2 0
github.com/ShatteredRealms/go-backend/pkg/helpers/srv.go:86.15,88.3 1 0
github.com/ShatteredRealms/go-backend/pkg/helpers/srv.go:90.2,90.50 1 0
github.com/ShatteredRealms/go-backend/pkg/helpers/srv.go:90.50,92.3 1 0
github.com/ShatteredRealms/go-backend/pkg/helpers/srv.go:94.2,94.44 1 0
github.com/ShatteredRealms/go-backend/pkg/helpers/srv.go:97.67,98.16 1 0
github.com/ShatteredRealms/go-backend/pkg/helpers/srv.go:98.16,100.3 1 0
github.com/ShatteredRealms/go-backend/pkg/helpers/srv.go:102.2,103.16 2 0
github.com/ShatteredRealms/go-backend/pkg/helpers/srv.go:103.16,105.3 1 0
github.com/ShatteredRealms/go-backend/pkg/helpers/srv.go:107.2,108.16 2 0
github.com/ShatteredRealms/go-backend/pkg/helpers/srv.go:108.16,111.3 2 0
github.com/ShatteredRealms/go-backend/pkg/helpers/srv.go:113.2,114.20 2 0
github.com/ShatteredRealms/go-backend/pkg/helpers/srv.go:117.121,118.16 1 0
github.com/ShatteredRealms/go-backend/pkg/helpers/srv.go:118.16,120.3 1 0
github.com/ShatteredRealms/go-backend/pkg/helpers/srv.go:122.2,122.19 1 0
github.com/ShatteredRealms/go-backend/pkg/helpers/srv.go:122.19,124.3 1 0
github.com/ShatteredRealms/go-backend/pkg/helpers/srv.go:126.2,127.16 2 0
github.com/ShatteredRealms/go-backend/pkg/helpers/srv.go:127.16,129.3 1 0
github.com/ShatteredRealms/go-backend/pkg/helpers/srv.go:131.2,139.16 3 0
github.com/ShatteredRealms/go-backend/pkg/helpers/srv.go:139.16,142.3 2 0
github.com/ShatteredRealms/go-backend/pkg/helpers/srv.go:144.2,144.18 1 0
github.com/ShatteredRealms/go-backend/pkg/helpers/srv.go:144.18,146.3 1 0
github.com/ShatteredRealms/go-backend/pkg/helpers/srv.go:148.2,148.28 1 0
github.com/ShatteredRealms/go-backend/pkg/helpers/uuid.go:9.59,11.39 2 0
github.com/ShatteredRealms/go-backend/pkg/helpers/uuid.go:11.39,13.17 2 0
github.com/ShatteredRealms/go-backend/pkg/helpers/uuid.go:13.17,15.4 1 0
github.com/ShatteredRealms/go-backend/pkg/helpers/uuid.go:16.3,16.17 1 0
github.com/ShatteredRealms/go-backend/pkg/helpers/uuid.go:19.2,19.17 1 0
github.com/ShatteredRealms/go-backend/pkg/helpers/auth.go:14.79,16.2 1 0
github.com/ShatteredRealms/go-backend/pkg/helpers/auth.go:18.85,26.2 2 0
github.com/ShatteredRealms/go-backend/pkg/helpers/auth.go:28.59,33.2 1 0
github.com/ShatteredRealms/go-backend/pkg/helpers/character.go:16.17,17.19 1 0
github.com/ShatteredRealms/go-backend/pkg/helpers/character.go:17.19,19.3 1 0
github.com/ShatteredRealms/go-backend/pkg/helpers/character.go:21.2,22.33 2 0
github.com/ShatteredRealms/go-backend/pkg/helpers/character.go:23.32,25.17 2 0
github.com/ShatteredRealms/go-backend/pkg/helpers/character.go:25.17,27.4 1 0
github.com/ShatteredRealms/go-backend/pkg/helpers/character.go:28.3,28.42 1 0
github.com/ShatteredRealms/go-backend/pkg/helpers/character.go:30.30,31.33 1 0
github.com/ShatteredRealms/go-backend/pkg/helpers/character.go:33.10,35.35 2 0
github.com/ShatteredRealms/go-backend/pkg/helpers/character.go:38.2,38.31 1 0
github.com/ShatteredRealms/go-backend/pkg/helpers/character.go:45.19,46.19 1 1
github.com/ShatteredRealms/go-backend/pkg/helpers/character.go:46.19,48.3 1 0
github.com/ShatteredRealms/go-backend/pkg/helpers/character.go:50.2,51.33 2 1
github.com/ShatteredRealms/go-backend/pkg/helpers/character.go:52.32,53.31 1 0
github.com/ShatteredRealms/go-backend/pkg/helpers/character.go:55.30,57.17 2 0
github.com/ShatteredRealms/go-backend/pkg/helpers/character.go:57.17,59.4 1 0
github.com/ShatteredRealms/go-backend/pkg/helpers/character.go:60.3,60.40 1 0
github.com/ShatteredRealms/go-backend/pkg/helpers/character.go:62.10,64.36 2 1
github.com/ShatteredRealms/go-backend/pkg/helpers/character.go:67.2,67.33 1 0
github.com/ShatteredRealms/go-backend/pkg/helpers/config.go:9.40,13.55 3 0
github.com/ShatteredRealms/go-backend/pkg/helpers/config.go:13.55,15.3 1 0
github.com/ShatteredRealms/go-backend/pkg/helpers/config.go:17.2,17.38 1 0
github.com/ShatteredRealms/go-backend/pkg/helpers/config.go:17.38,19.3 1 0
github.com/ShatteredRealms/go-backend/pkg/helpers/config.go:22.52,23.34 1 0
github.com/ShatteredRealms/go-backend/pkg/helpers/config.go:23.34,26.3 2 0
github.com/ShatteredRealms/go-backend/pkg/helpers/config.go:28.2,28.38 1 0
github.com/ShatteredRealms/go-backend/pkg/helpers/config.go:28.38,30.3 1 0
github.com/ShatteredRealms/go-backend/pkg/helpers/conversions.go:3.48,5.28 2 0
github.com/ShatteredRealms/go-backend/pkg/helpers/conversions.go:5.28,7.3 1 0
github.com/ShatteredRealms/go-backend/pkg/helpers/conversions.go:9.2,9.13 1 0
github.com/ShatteredRealms/go-backend/pkg/helpers/errors.go:8.63,9.16 1 0
github.com/ShatteredRealms/go-backend/pkg/helpers/errors.go:9.16,11.3 1 0
github.com/ShatteredRealms/go-backend/pkg/helpers/grpc.go:13.87,14.86 1 0
github.com/ShatteredRealms/go-backend/pkg/helpers/grpc.go:14.86,16.94 1 0
github.com/ShatteredRealms/go-backend/pkg/helpers/grpc.go:16.94,18.4 1 0
github.com/ShatteredRealms/go-backend/pkg/helpers/grpc.go:18.9,23.29 4 0
github.com/ShatteredRealms/go-backend/pkg/helpers/grpc.go:23.29,25.5 1 0
github.com/ShatteredRealms/go-backend/pkg/helpers/grpc.go:27.4,27.32 1 0
github.com/ShatteredRealms/go-backend/pkg/helpers/grpc.go:37.16,47.12 5 0
github.com/ShatteredRealms/go-backend/pkg/helpers/grpc.go:47.12,50.3 2 0
github.com/ShatteredRealms/go-backend/pkg/helpers/grpc.go:52.2,52.15 1 0
github.com/ShatteredRealms/go-backend/pkg/helpers/logging.go:10.20,24.2 4 0
github.com/ShatteredRealms/go-backend/pkg/helpers/srv.go:32.52,38.25 1 0
github.com/ShatteredRealms/go-backend/pkg/helpers/srv.go:38.25,41.3 2 0
github.com/ShatteredRealms/go-backend/pkg/helpers/srv.go:43.54,49.10 1 0
github.com/ShatteredRealms/go-backend/pkg/helpers/srv.go:49.10,52.3 2 0
github.com/ShatteredRealms/go-backend/pkg/helpers/srv.go:55.39,61.2 1 0
github.com/ShatteredRealms/go-backend/pkg/helpers/srv.go:63.67,65.2 1 0
github.com/ShatteredRealms/go-backend/pkg/helpers/srv.go:67.61,78.2 1 0
github.com/ShatteredRealms/go-backend/pkg/helpers/srv.go:80.56,81.16 1 0
github.com/ShatteredRealms/go-backend/pkg/helpers/srv.go:81.16,83.3 1 0
github.com/ShatteredRealms/go-backend/pkg/helpers/srv.go:85.2,86.15 2 0
github.com/ShatteredRealms/go-backend/pkg/helpers/srv.go:86.15,88.3 1 0
github.com/ShatteredRealms/go-backend/pkg/helpers/srv.go:90.2,90.50 1 0
github.com/ShatteredRealms/go-backend/pkg/helpers/srv.go:90.50,92.3 1 0
github.com/ShatteredRealms/go-backend/pkg/helpers/srv.go:94.2,94.44 1 0
github.com/ShatteredRealms/go-backend/pkg/helpers/srv.go:97.67,98.16 1 0
github.com/ShatteredRealms/go-backend/pkg/helpers/srv.go:98.16,100.3 1 0
github.com/ShatteredRealms/go-backend/pkg/helpers/srv.go:102.2,103.16 2 0
github.com/ShatteredRealms/go-backend/pkg/helpers/srv.go:103.16,105.3 1 0
github.com/ShatteredRealms/go-backend/pkg/helpers/srv.go:107.2,108.16 2 0
github.com/ShatteredRealms/go-backend/pkg/helpers/srv.go:108.16,111.3 2 0
github.com/ShatteredRealms/go-backend/pkg/helpers/srv.go:113.2,114.20 2 0
github.com/ShatteredRealms/go-backend/pkg/helpers/srv.go:117.121,118.16 1 0
github.com/ShatteredRealms/go-backend/pkg/helpers/srv.go:118.16,120.3 1 0
github.com/ShatteredRealms/go-backend/pkg/helpers/srv.go:122.2,122.19 1 0
github.com/ShatteredRealms/go-backend/pkg/helpers/srv.go:122.19,124.3 1 0
github.com/ShatteredRealms/go-backend/pkg/helpers/srv.go:126.2,127.16 2 0
github.com/ShatteredRealms/go-backend/pkg/helpers/srv.go:127.16,129.3 1 0
github.com/ShatteredRealms/go-backend/pkg/helpers/srv.go:131.2,139.16 3 0
github.com/ShatteredRealms/go-backend/pkg/helpers/srv.go:139.16,142.3 2 0
github.com/ShatteredRealms/go-backend/pkg/helpers/srv.go:144.2,144.18 1 0
github.com/ShatteredRealms/go-backend/pkg/helpers/srv.go:144.18,146.3 1 0
github.com/ShatteredRealms/go-backend/pkg/helpers/srv.go:148.2,148.28 1 0
github.com/ShatteredRealms/go-backend/pkg/helpers/uuid.go:9.59,11.39 2 0
github.com/ShatteredRealms/go-backend/pkg/helpers/uuid.go:11.39,13.17 2 0
github.com/ShatteredRealms/go-backend/pkg/helpers/uuid.go:13.17,15.4 1 0
github.com/ShatteredRealms/go-backend/pkg/helpers/uuid.go:16.3,16.17 1 0
github.com/ShatteredRealms/go-backend/pkg/helpers/uuid.go:19.2,19.17 1 0
github.com/ShatteredRealms/go-backend/pkg/helpers/auth.go:14.79,16.2 1 0
github.com/ShatteredRealms/go-backend/pkg/helpers/auth.go:18.85,26.2 2 0
github.com/ShatteredRealms/go-backend/pkg/helpers/auth.go:28.59,33.2 1 0
github.com/ShatteredRealms/go-backend/pkg/helpers/character.go:16.17,17.19 1 0
github.com/ShatteredRealms/go-backend/pkg/helpers/character.go:17.19,19.3 1 0
github.com/ShatteredRealms/go-backend/pkg/helpers/character.go:21.2,22.33 2 0
github.com/ShatteredRealms/go-backend/pkg/helpers/character.go:23.32,25.17 2 0
github.com/ShatteredRealms/go-backend/pkg/helpers/character.go:25.17,27.4 1 0
github.com/ShatteredRealms/go-backend/pkg/helpers/character.go:28.3,28.42 1 0
github.com/ShatteredRealms/go-backend/pkg/helpers/character.go:30.30,31.33 1 0
github.com/ShatteredRealms/go-backend/pkg/helpers/character.go:33.10,35.35 2 0
github.com/ShatteredRealms/go-backend/pkg/helpers/character.go:38.2,38.31 1 0
github.com/ShatteredRealms/go-backend/pkg/helpers/character.go:45.19,46.19 1 0
github.com/ShatteredRealms/go-backend/pkg/helpers/character.go:46.19,48.3 1 0
github.com/ShatteredRealms/go-backend/pkg/helpers/character.go:50.2,51.33 2 0
github.com/ShatteredRealms/go-backend/pkg/helpers/character.go:52.32,53.31 1 0
github.com/ShatteredRealms/go-backend/pkg/helpers/character.go:55.30,57.17 2 0
github.com/ShatteredRealms/go-backend/pkg/helpers/character.go:57.17,59.4 1 0
github.com/ShatteredRealms/go-backend/pkg/helpers/character.go:60.3,60.40 1 0
github.com/ShatteredRealms/go-backend/pkg/helpers/character.go:62.10,64.36 2 0
github.com/ShatteredRealms/go-backend/pkg/helpers/character.go:67.2,67.33 1 0
github.com/ShatteredRealms/go-backend/pkg/helpers/config.go:9.40,13.55 3 0
github.com/ShatteredRealms/go-backend/pkg/helpers/config.go:13.55,15.3 1 0
github.com/ShatteredRealms/go-backend/pkg/helpers/config.go:17.2,17.38 1 0
github.com/ShatteredRealms/go-backend/pkg/helpers/config.go:17.38,19.3 1 0
github.com/ShatteredRealms/go-backend/pkg/helpers/config.go:22.52,23.34 1 0
github.com/ShatteredRealms/go-backend/pkg/helpers/config.go:23.34,26.3 2 0
github.com/ShatteredRealms/go-backend/pkg/helpers/config.go:28.2,28.38 1 0
github.com/ShatteredRealms/go-backend/pkg/helpers/config.go:28.38,30.3 1 0
github.com/ShatteredRealms/go-backend/pkg/helpers/conversions.go:3.48,5.28 2 0
github.com/ShatteredRealms/go-backend/pkg/helpers/conversions.go:5.28,7.3 1 0
github.com/ShatteredRealms/go-backend/pkg/helpers/conversions.go:9.2,9.13 1 0
github.com/ShatteredRealms/go-backend/pkg/helpers/errors.go:8.63,9.16 1 0
github.com/ShatteredRealms/go-backend/pkg/helpers/errors.go:9.16,11.3 1 0
github.com/ShatteredRealms/go-backend/pkg/helpers/grpc.go:13.87,14.86 1 0
github.com/ShatteredRealms/go-backend/pkg/helpers/grpc.go:14.86,16.94 1 0
github.com/ShatteredRealms/go-backend/pkg/helpers/grpc.go:16.94,18.4 1 0
github.com/ShatteredRealms/go-backend/pkg/helpers/grpc.go:18.9,23.29 4 0
github.com/ShatteredRealms/go-backend/pkg/helpers/grpc.go:23.29,25.5 1 0
github.com/ShatteredRealms/go-backend/pkg/helpers/grpc.go:27.4,27.32 1 0
github.com/ShatteredRealms/go-backend/pkg/helpers/grpc.go:37.16,47.12 5 0
github.com/ShatteredRealms/go-backend/pkg/helpers/grpc.go:47.12,50.3 2 0
github.com/ShatteredRealms/go-backend/pkg/helpers/grpc.go:52.2,52.15 1 0
github.com/ShatteredRealms/go-backend/pkg/helpers/logging.go:10.20,24.2 4 0
github.com/ShatteredRealms/go-backend/pkg/helpers/srv.go:32.52,38.25 1 0
github.com/ShatteredRealms/go-backend/pkg/helpers/srv.go:38.25,41.3 2 0
github.com/ShatteredRealms/go-backend/pkg/helpers/srv.go:43.54,49.10 1 0
github.com/ShatteredRealms/go-backend/pkg/helpers/srv.go:49.10,52.3 2 0
github.com/ShatteredRealms/go-backend/pkg/helpers/srv.go:55.39,61.2 1 0
github.com/ShatteredRealms/go-backend/pkg/helpers/srv.go:63.67,65.2 1 0
github.com/ShatteredRealms/go-backend/pkg/helpers/srv.go:67.61,78.2 1 0
github.com/ShatteredRealms/go-backend/pkg/helpers/srv.go:80.56,81.16 1 0
github.com/ShatteredRealms/go-backend/pkg/helpers/srv.go:81.16,83.3 1 0
github.com/ShatteredRealms/go-backend/pkg/helpers/srv.go:85.2,86.15 2 0
github.com/ShatteredRealms/go-backend/pkg/helpers/srv.go:86.15,88.3 1 0
github.com/ShatteredRealms/go-backend/pkg/helpers/srv.go:90.2,90.50 1 0
github.com/ShatteredRealms/go-backend/pkg/helpers/srv.go:90.50,92.3 1 0
github.com/ShatteredRealms/go-backend/pkg/helpers/srv.go:94.2,94.44 1 0
github.com/ShatteredRealms/go-backend/pkg/helpers/srv.go:97.67,98.16 1 0
github.com/ShatteredRealms/go-backend/pkg/helpers/srv.go:98.16,100.3 1 0
github.com/ShatteredRealms/go-backend/pkg/helpers/srv.go:102.2,103.16 2 0
github.com/ShatteredRealms/go-backend/pkg/helpers/srv.go:103.16,105.3 1 0
github.com/ShatteredRealms/go-backend/pkg/helpers/srv.go:107.2,108.16 2 0
github.com/ShatteredRealms/go-backend/pkg/helpers/srv.go:108.16,111.3 2 0
github.com/ShatteredRealms/go-backend/pkg/helpers/srv.go:113.2,114.20 2 0
github.com/ShatteredRealms/go-backend/pkg/helpers/srv.go:117.121,118.16 1 0
github.com/ShatteredRealms/go-backend/pkg/helpers/srv.go:118.16,120.3 1 0
github.com/ShatteredRealms/go-backend/pkg/helpers/srv.go:122.2,122.19 1 0
github.com/ShatteredRealms/go-backend/pkg/helpers/srv.go:122.19,124.3 1 0
github.com/ShatteredRealms/go-backend/pkg/helpers/srv.go:126.2,127.16 2 0
github.com/ShatteredRealms/go-backend/pkg/helpers/srv.go:127.16,129.3 1 0
github.com/ShatteredRealms/go-backend/pkg/helpers/srv.go:131.2,139.16 3 0
github.com/ShatteredRealms/go-backend/pkg/helpers/srv.go:139.16,142.3 2 0
github.com/ShatteredRealms/go-backend/pkg/helpers/srv.go:144.2,144.18 1 0
github.com/ShatteredRealms/go-backend/pkg/helpers/srv.go:144.18,146.3 1 0
github.com/ShatteredRealms/go-backend/pkg/helpers/srv.go:148.2,148.28 1 0
github.com/ShatteredRealms/go-backend/pkg/helpers/uuid.go:9.59,11.39 2 0
github.com/ShatteredRealms/go-backend/pkg/helpers/uuid.go:11.39,13.17 2 0
github.com/ShatteredRealms/go-backend/pkg/helpers/uuid.go:13.17,15.4 1 0
github.com/ShatteredRealms/go-backend/pkg/helpers/uuid.go:16.3,16.17 1 0
github.com/ShatteredRealms/go-backend/pkg/helpers/uuid.go:19.2,19.17 1 0
github.com/ShatteredRealms/go-backend/pkg/helpers/auth.go:14.79,16.2 1 0
github.com/ShatteredRealms/go-backend/pkg/helpers/auth.go:18.85,26.2 2 0
github.com/ShatteredRealms/go-backend/pkg/helpers/auth.go:28.59,33.2 1 0
github.com/ShatteredRealms/go-backend/pkg/helpers/character.go:16.17,17.19 1 0
github.com/ShatteredRealms/go-backend/pkg/helpers/character.go:17.19,19.3 1 0
github.com/ShatteredRealms/go-backend/pkg/helpers/character.go:21.2,22.33 2 0
github.com/ShatteredRealms/go-backend/pkg/helpers/character.go:23.32,25.17 2 0
github.com/ShatteredRealms/go-backend/pkg/helpers/character.go:25.17,27.4 1 0
github.com/ShatteredRealms/go-backend/pkg/helpers/character.go:28.3,28.42 1 0
github.com/ShatteredRealms/go-backend/pkg/helpers/character.go:30.30,31.33 1 0
github.com/ShatteredRealms/go-backend/pkg/helpers/character.go:33.10,35.35 2 0
github.com/ShatteredRealms/go-backend/pkg/helpers/character.go:38.2,38.31 1 0
github.com/ShatteredRealms/go-backend/pkg/helpers/character.go:45.19,46.19 1 0
github.com/ShatteredRealms/go-backend/pkg/helpers/character.go:46.19,48.3 1 0
github.com/ShatteredRealms/go-backend/pkg/helpers/character.go:50.2,51.33 2 0
github.com/ShatteredRealms/go-backend/pkg/helpers/character.go:52.32,53.31 1 0
github.com/ShatteredRealms/go-backend/pkg/helpers/character.go:55.30,57.17 2 0
github.com/ShatteredRealms/go-backend/pkg/helpers/character.go:57.17,59.4 1 0
github.com/ShatteredRealms/go-backend/pkg/helpers/character.go:60.3,60.40 1 0
github.com/ShatteredRealms/go-backend/pkg/helpers/character.go:62.10,64.36 2 0
github.com/ShatteredRealms/go-backend/pkg/helpers/character.go:67.2,67.33 1 0
github.com/ShatteredRealms/go-backend/pkg/helpers/config.go:9.40,13.55 3 0
github.com/ShatteredRealms/go-backend/pkg/helpers/config.go:13.55,15.3 1 0
github.com/ShatteredRealms/go-backend/pkg/helpers/config.go:17.2,17.38 1 0
github.com/ShatteredRealms/go-backend/pkg/helpers/config.go:17.38,19.3 1 0
github.com/ShatteredRealms/go-backend/pkg/helpers/config.go:22.52,23.34 1 0
github.com/ShatteredRealms/go-backend/pkg/helpers/config.go:23.34,26.3 2 0
github.com/ShatteredRealms/go-backend/pkg/helpers/config.go:28.2,28.38 1 0
github.com/ShatteredRealms/go-backend/pkg/helpers/config.go:28.38,30.3 1 0
github.com/ShatteredRealms/go-backend/pkg/helpers/conversions.go:3.48,5.28 2 0
github.com/ShatteredRealms/go-backend/pkg/helpers/conversions.go:5.28,7.3 1 0
github.com/ShatteredRealms/go-backend/pkg/helpers/conversions.go:9.2,9.13 1 0
github.com/ShatteredRealms/go-backend/pkg/helpers/errors.go:8.63,9.16 1 0
github.com/ShatteredRealms/go-backend/pkg/helpers/errors.go:9.16,11.3 1 0
github.com/ShatteredRealms/go-backend/pkg/helpers/grpc.go:13.87,14.86 1 0
github.com/ShatteredRealms/go-backend/pkg/helpers/grpc.go:14.86,16.94 1 0
github.com/ShatteredRealms/go-backend/pkg/helpers/grpc.go:16.94,18.4 1 0
github.com/ShatteredRealms/go-backend/pkg/helpers/grpc.go:18.9,23.29 4 0
github.com/ShatteredRealms/go-backend/pkg/helpers/grpc.go:23.29,25.5 1 0
github.com/ShatteredRealms/go-backend/pkg/helpers/grpc.go:27.4,27.32 1 0
github.com/ShatteredRealms/go-backend/pkg/helpers/grpc.go:37.16,47.12 5 0
github.com/ShatteredRealms/go-backend/pkg/helpers/grpc.go:47.12,50.3 2 0
github.com/ShatteredRealms/go-backend/pkg/helpers/grpc.go:52.2,52.15 1 0
github.com/ShatteredRealms/go-backend/pkg/helpers/logging.go:10.20,24.2 4 0
github.com/ShatteredRealms/go-backend/pkg/helpers/srv.go:32.52,38.25 1 1
github.com/ShatteredRealms/go-backend/pkg/helpers/srv.go:38.25,41.3 2 1
github.com/ShatteredRealms/go-backend/pkg/helpers/srv.go:43.54,49.10 1 0
github.com/ShatteredRealms/go-backend/pkg/helpers/srv.go:49.10,52.3 2 0
github.com/ShatteredRealms/go-backend/pkg/helpers/srv.go:55.39,61.2 1 0
github.com/ShatteredRealms/go-backend/pkg/helpers/srv.go:63.67,65.2 1 0
github.com/ShatteredRealms/go-backend/pkg/helpers/srv.go:67.61,78.2 1 0
github.com/ShatteredRealms/go-backend/pkg/helpers/srv.go:80.56,81.16 1 2
github.com/ShatteredRealms/go-backend/pkg/helpers/srv.go:81.16,83.3 1 0
github.com/ShatteredRealms/go-backend/pkg/helpers/srv.go:85.2,86.15 2 2
github.com/ShatteredRealms/go-backend/pkg/helpers/srv.go:86.15,88.3 1 1
github.com/ShatteredRealms/go-backend/pkg/helpers/srv.go:90.2,90.50 1 1
github.com/ShatteredRealms/go-backend/pkg/helpers/srv.go:90.50,92.3 1 0
github.com/ShatteredRealms/go-backend/pkg/helpers/srv.go:94.2,94.44 1 1
github.com/ShatteredRealms/go-backend/pkg/helpers/srv.go:97.67,98.16 1 1
github.com/ShatteredRealms/go-backend/pkg/helpers/srv.go:98.16,100.3 1 0
github.com/ShatteredRealms/go-backend/pkg/helpers/srv.go:102.2,103.16 2 1
github.com/ShatteredRealms/go-backend/pkg/helpers/srv.go:103.16,105.3 1 1
github.com/ShatteredRealms/go-backend/pkg/helpers/srv.go:107.2,108.16 2 0
github.com/ShatteredRealms/go-backend/pkg/helpers/srv.go:108.16,111.3 2 0
github.com/ShatteredRealms/go-backend/pkg/helpers/srv.go:113.2,114.20 2 0
github.com/ShatteredRealms/go-backend/pkg/helpers/srv.go:117.121,118.16 1 1
github.com/ShatteredRealms/go-backend/pkg/helpers/srv.go:118.16,120.3 1 0
github.com/ShatteredRealms/go-backend/pkg/helpers/srv.go:122.2,122.19 1 1
github.com/ShatteredRealms/go-backend/pkg/helpers/srv.go:122.19,124.3 1 0
github.com/ShatteredRealms/go-backend/pkg/helpers/srv.go:126.2,127.16 2 1
github.com/ShatteredRealms/go-backend/pkg/helpers/srv.go:127.16,129.3 1 0
github.com/ShatteredRealms/go-backend/pkg/helpers/srv.go:131.2,139.16 3 1
github.com/ShatteredRealms/go-backend/pkg/helpers/srv.go:139.16,142.3 2 0
github.com/ShatteredRealms/go-backend/pkg/helpers/srv.go:144.2,144.18 1 1
github.com/ShatteredRealms/go-backend/pkg/helpers/srv.go:144.18,146.3 1 0
github.com/ShatteredRealms/go-backend/pkg/helpers/srv.go:148.2,148.28 1 1
github.com/ShatteredRealms/go-backend/pkg/helpers/uuid.go:9.59,11.39 2 0
github.com/ShatteredRealms/go-backend/pkg/helpers/uuid.go:11.39,13.17 2 0
github.com/ShatteredRealms/go-backend/pkg/helpers/uuid.go:13.17,15.4 1 0
github.com/ShatteredRealms/go-backend/pkg/helpers/uuid.go:16.3,16.17 1 0
github.com/ShatteredRealms/go-backend/pkg/helpers/uuid.go:19.2,19.17 1 0
github.com/ShatteredRealms/go-backend/pkg/helpers/auth.go:14.79,16.2 1 0
github.com/ShatteredRealms/go-backend/pkg/helpers/auth.go:18.85,26.2 2 0
github.com/ShatteredRealms/go-backend/pkg/helpers/auth.go:28.59,33.2 1 0
github.com/ShatteredRealms/go-backend/pkg/helpers/character.go:16.17,17.19 1 0
github.com/ShatteredRealms/go-backend/pkg/helpers/character.go:17.19,19.3 1 0
github.com/ShatteredRealms/go-backend/pkg/helpers/character.go:21.2,22.33 2 0
github.com/ShatteredRealms/go-backend/pkg/helpers/character.go:23.32,25.17 2 0
github.com/ShatteredRealms/go-backend/pkg/helpers/character.go:25.17,27.4 1 0
github.com/ShatteredRealms/go-backend/pkg/helpers/character.go:28.3,28.42 1 0
github.com/ShatteredRealms/go-backend/pkg/helpers/character.go:30.30,31.33 1 0
github.com/ShatteredRealms/go-backend/pkg/helpers/character.go:33.10,35.35 2 0
github.com/ShatteredRealms/go-backend/pkg/helpers/character.go:38.2,38.31 1 0
github.com/ShatteredRealms/go-backend/pkg/helpers/character.go:45.19,46.19 1 1
github.com/ShatteredRealms/go-backend/pkg/helpers/character.go:46.19,48.3 1 1
github.com/ShatteredRealms/go-backend/pkg/helpers/character.go:50.2,51.33 2 0
github.com/ShatteredRealms/go-backend/pkg/helpers/character.go:52.32,53.31 1 0
github.com/ShatteredRealms/go-backend/pkg/helpers/character.go:55.30,57.17 2 0
github.com/ShatteredRealms/go-backend/pkg/helpers/character.go:57.17,59.4 1 0
github.com/ShatteredRealms/go-backend/pkg/helpers/character.go:60.3,60.40 1 0
github.com/ShatteredRealms/go-backend/pkg/helpers/character.go:62.10,64.36 2 0
github.com/ShatteredRealms/go-backend/pkg/helpers/character.go:67.2,67.33 1 0
github.com/ShatteredRealms/go-backend/pkg/helpers/config.go:9.40,13.55 3 0
github.com/ShatteredRealms/go-backend/pkg/helpers/config.go:13.55,15.3 1 0
github.com/ShatteredRealms/go-backend/pkg/helpers/config.go:17.2,17.38 1 0
github.com/ShatteredRealms/go-backend/pkg/helpers/config.go:17.38,19.3 1 0
github.com/ShatteredRealms/go-backend/pkg/helpers/config.go:22.52,23.34 1 0
github.com/ShatteredRealms/go-backend/pkg/helpers/config.go:23.34,26.3 2 0
github.com/ShatteredRealms/go-backend/pkg/helpers/config.go:28.2,28.38 1 0
github.com/ShatteredRealms/go-backend/pkg/helpers/config.go:28.38,30.3 1 0
github.com/ShatteredRealms/go-backend/pkg/helpers/conversions.go:3.48,5.28 2 0
github.com/ShatteredRealms/go-backend/pkg/helpers/conversions.go:5.28,7.3 1 0
github.com/ShatteredRealms/go-backend/pkg/helpers/conversions.go:9.2,9.13 1 0
github.com/ShatteredRealms/go-backend/pkg/helpers/errors.go:8.63,9.16 1 0
github.com/ShatteredRealms/go-backend/pkg/helpers/errors.go:9.16,11.3 1 0
github.com/ShatteredRealms/go-backend/pkg/helpers/grpc.go:13.87,14.86 1 0
github.com/ShatteredRealms/go-backend/pkg/helpers/grpc.go:14.86,16.94 1 0
github.com/ShatteredRealms/go-backend/pkg/helpers/grpc.go:16.94,18.4 1 0
github.com/ShatteredRealms/go-backend/pkg/helpers/grpc.go:18.9,23.29 4 0
github.com/ShatteredRealms/go-backend/pkg/helpers/grpc.go:23.29,25.5 1 0
github.com/ShatteredRealms/go-backend/pkg/helpers/grpc.go:27.4,27.32 1 0
github.com/ShatteredRealms/go-backend/pkg/helpers/grpc.go:37.16,47.12 5 0
github.com/ShatteredRealms/go-backend/pkg/helpers/grpc.go:47.12,50.3 2 0
github.com/ShatteredRealms/go-backend/pkg/helpers/grpc.go:52.2,52.15 1 0
github.com/ShatteredRealms/go-backend/pkg/helpers/logging.go:10.20,24.2 4 0
github.com/ShatteredRealms/go-backend/pkg/helpers/srv.go:32.52,38.25 1 0
github.com/ShatteredRealms/go-backend/pkg/helpers/srv.go:38.25,41.3 2 0
github.com/ShatteredRealms/go-backend/pkg/helpers/srv.go:43.54,49.10 1 0
github.com/ShatteredRealms/go-backend/pkg/helpers/srv.go:49.10,52.3 2 0
github.com/ShatteredRealms/go-backend/pkg/helpers/srv.go:55.39,61.2 1 0
github.com/ShatteredRealms/go-backend/pkg/helpers/srv.go:63.67,65.2 1 0
github.com/ShatteredRealms/go-backend/pkg/helpers/srv.go:67.61,78.2 1 0
github.com/ShatteredRealms/go-backend/pkg/helpers/srv.go:80.56,81.16 1 0
github.com/ShatteredRealms/go-backend/pkg/helpers/srv.go:81.16,83.3 1 0
github.com/ShatteredRealms/go-backend/pkg/helpers/srv.go:85.2,86.15 2 0
github.com/ShatteredRealms/go-backend/pkg/helpers/srv.go:86.15,88.3 1 0
github.com/ShatteredRealms/go-backend/pkg/helpers/srv.go:90.2,90.50 1 0
github.com/ShatteredRealms/go-backend/pkg/helpers/srv.go:90.50,92.3 1 0
github.com/ShatteredRealms/go-backend/pkg/helpers/srv.go:94.2,94.44 1 0
github.com/ShatteredRealms/go-backend/pkg/helpers/srv.go:97.67,98.16 1 0
github.com/ShatteredRealms/go-backend/pkg/helpers/srv.go:98.16,100.3 1 0
github.com/ShatteredRealms/go-backend/pkg/helpers/srv.go:102.2,103.16 2 0
github.com/ShatteredRealms/go-backend/pkg/helpers/srv.go:103.16,105.3 1 0
github.com/ShatteredRealms/go-backend/pkg/helpers/srv.go:107.2,108.16 2 0
github.com/ShatteredRealms/go-backend/pkg/helpers/srv.go:108.16,111.3 2 0
github.com/ShatteredRealms/go-backend/pkg/helpers/srv.go:113.2,114.20 2 0
github.com/ShatteredRealms/go-backend/pkg/helpers/srv.go:117.121,118.16 1 0
github.com/ShatteredRealms/go-backend/pkg/helpers/srv.go:118.16,120.3 1 0
github.com/ShatteredRealms/go-backend/pkg/helpers/srv.go:122.2,122.19 1 0
github.com/ShatteredRealms/go-backend/pkg/helpers/srv.go:122.19,124.3 1 0
github.com/ShatteredRealms/go-backend/pkg/helpers/srv.go:126.2,127.16 2 0
github.com/ShatteredRealms/go-backend/pkg/helpers/srv.go:127.16,129.3 1 0
github.com/ShatteredRealms/go-backend/pkg/helpers/srv.go:131.2,139.16 3 0
github.com/ShatteredRealms/go-backend/pkg/helpers/srv.go:139.16,142.3 2 0
github.com/ShatteredRealms/go-backend/pkg/helpers/srv.go:144.2,144.18 1 0
github.com/ShatteredRealms/go-backend/pkg/helpers/srv.go:144.18,146.3 1 0
github.com/ShatteredRealms/go-backend/pkg/helpers/srv.go:148.2,148.28 1 0
github.com/ShatteredRealms/go-backend/pkg/helpers/uuid.go:9.59,11.39 2 0
github.com/ShatteredRealms/go-backend/pkg/helpers/uuid.go:11.39,13.17 2 0
github.com/ShatteredRealms/go-backend/pkg/helpers/uuid.go:13.17,15.4 1 0
github.com/ShatteredRealms/go-backend/pkg/helpers/uuid.go:16.3,16.17 1 0
github.com/ShatteredRealms/go-backend/pkg/helpers/uuid.go:19.2,19.17 1 0
github.com/ShatteredRealms/go-backend/pkg/helpers/auth.go:14.79,16.2 1 0
github.com/ShatteredRealms/go-backend/pkg/helpers/auth.go:18.85,26.2 2 0
github.com/ShatteredRealms/go-backend/pkg/helpers/auth.go:28.59,33.2 1 0
github.com/ShatteredRealms/go-backend/pkg/helpers/character.go:16.17,17.19 1 0
github.com/ShatteredRealms/go-backend/pkg/helpers/character.go:17.19,19.3 1 0
github.com/ShatteredRealms/go-backend/pkg/helpers/character.go:21.2,22.33 2 0
github.com/ShatteredRealms/go-backend/pkg/helpers/character.go:23.32,25.17 2 0
github.com/ShatteredRealms/go-backend/pkg/helpers/character.go:25.17,27.4 1 0
github.com/ShatteredRealms/go-backend/pkg/helpers/character.go:28.3,28.42 1 0
github.com/ShatteredRealms/go-backend/pkg/helpers/character.go:30.30,31.33 1 0
github.com/ShatteredRealms/go-backend/pkg/helpers/character.go:33.10,35.35 2 0
github.com/ShatteredRealms/go-backend/pkg/helpers/character.go:38.2,38.31 1 0
github.com/ShatteredRealms/go-backend/pkg/helpers/character.go:45.19,46.19 1 0
github.com/ShatteredRealms/go-backend/pkg/helpers/character.go:46.19,48.3 1 0
github.com/ShatteredRealms/go-backend/pkg/helpers/character.go:50.2,51.33 2 0
[...]
github.com/ShatteredRealms/go-backend/pkg/helpers/srv.go:94.2,94.44 1 0
github.com/ShatteredRealms/go-backend/pkg/helpers/srv.go:97.67,98.16 1 0
github.com/ShatteredRealms/go-backend/pkg/helpers/srv.go:98.16,100.3 1 0
github.com/ShatteredRealms/go-backend/pkg/helpers/srv.go:102.2,103.16 2 0
github.com/ShatteredRealms/go-backend/pkg/helpers/srv.go:103.16,105.3 1 0
github.com/ShatteredRealms/go-backend/pkg/helpers/srv.go:107.2,108.16 2 0
github.com/ShatteredRealms/go-backend/pkg/helpers/srv.go:108.16,111.3 2 0
github.com/ShatteredRealms/go-backend/pkg/helpers/srv.go:113.2,114.20 2 0
github.com/ShatteredRealms/go-backend/pkg/helpers/srv.go:117.121,118.16 1 1
github.com/ShatteredRealms/go-backend/pkg/helpers/srv.go:118.16,120.3 1 0
github.com/ShatteredRealms/go-backend/pkg/helpers/srv.go:122.2,122.19 1 1
github.com/ShatteredRealms/go-backend/pkg/helpers/srv.go:122.19,124.3 1 0
github.com/ShatteredRealms/go-backend/pkg/helpers/srv.go:126.2,127.16 2 1
github.com/ShatteredRealms/go-backend/pkg/helpers/srv.go:127.16,129.3 1 1
github.com/ShatteredRealms/go-backend/pkg/helpers/srv.go:131.2,139.16 3 0
github.com/ShatteredRealms/go-backend/pkg/helpers/srv.go:139.16,142.3 2 0
github.com/ShatteredRealms/go-backend/pkg/helpers/srv.go:144.2,144.18 1 0
github.com/ShatteredRealms/go-backend/pkg/helpers/srv.go:144.18,146.3 1 0
github.com/ShatteredRealms/go-backend/pkg/helpers/srv.go:148.2,148.28 1 0
github.com/ShatteredRealms/go-backend/pkg/helpers/uuid.go:9.59,11.39 2 0
github.com/ShatteredRealms/go-backend/pkg/helpers/uuid.go:11.39,13.17 2 0
github.com/ShatteredRealms/go-backend/pkg/helpers/uuid.go:13.17,15.4 1 0
github.com/ShatteredRealms/go-backend/pkg/helpers/uuid.go:16.3,16.17 1 0
github.com/ShatteredRealms/go-backend/pkg/helpers/uuid.go:19.2,19.17 1 0
github.com/ShatteredRealms/go-backend/pkg/helpers/auth.go:14.79,16.2 1 0
github.com/ShatteredRealms/go-backend/pkg/helpers/auth.go:18.85,26.2 2 0
github.com/ShatteredRealms/go-backend/pkg/helpers/auth.go:28.59,33.2 1 0
github.com/ShatteredRealms/go-backend/pkg/helpers/character.go:16.17,17.19 1 0
github.com/ShatteredRealms/go-backend/pkg/helpers/character.go:17.19,19.3 1 0
github.com/ShatteredRealms/go-backend/pkg/helpers/character.go:21.2,22.33 2 0
github.com/ShatteredRealms/go-backend/pkg/helpers/character.go:23.32,25.17 2 0
github.com/ShatteredRealms/go-backend/pkg/helpers/character.go:25.17,27.4 1 0
github.com/ShatteredRealms/go-backend/pkg/helpers/character.go:28.3,28.42 1 0
github.com/ShatteredRealms/go-backend/pkg/helpers/character.go:30.30,31.33 1 0
github.com/ShatteredRealms/go-backend/pkg/helpers/character.go:33.10,35.35 2 0
github.com/ShatteredRealms/go-backend/pkg/helpers/character.go:38.2,38.31 1 0
github.com/ShatteredRealms/go-backend/pkg/helpers/character.go:45.19,46.19 1 0
github.com/ShatteredRealms/go-backend/pkg/helpers/character.go:46.19,48.3 1 0
github.com/ShatteredRealms/go-backend/pkg/helpers/character.go:50.2,51.33 2 0
github.com/ShatteredRealms/go-backend/pkg/helpers/character.go:52.32,53.31 1 0
github.com/ShatteredRealms/go-backend/pkg/helpers/character.go:55.30,57.17 2 0
github.com/ShatteredRealms/go-backend/pkg/helpers/character.go:57.17,59.4 1 0
github.com/ShatteredRealms/go-backend/pkg/helpers/character.go:60.3,60.40 1 0
github.com/ShatteredRealms/go-backend/pkg/helpers/character.go:62.10,64.36 2 0
github.com/ShatteredRealms/go-backend/pkg/helpers/character.go:67.2,67.33 1 0
github.com/ShatteredRealms/go-backend/pkg/helpers/config.go:9.40,13.55 3 1
github.com/ShatteredRealms/go-backend/pkg/helpers/config.go:13.55,15.3 1 1
github.com/ShatteredRealms/go-backend/pkg/helpers/config.go:17.2,17.38 1 1
github.com/ShatteredRealms/go-backend/pkg/helpers/config.go:17.38,19.3 1 2
github.com/ShatteredRealms/go-backend/pkg/helpers/config.go:22.52,23.34 1 3
github.com/ShatteredRealms/go-backend/pkg/helpers/config.go:23.34,26.3 2 2
github.com/ShatteredRealms/go-backend/pkg/helpers/config.go:28.2,28.38 1 1
github.com/ShatteredRealms/go-backend/pkg/helpers/config.go:28.38,30.3 1 1
github.com/ShatteredRealms/go-backend/pkg/helpers/conversions.go:3.48,5.28 2 1
github.com/ShatteredRealms/go-backend/pkg/helpers/conversions.go:5.28,7.3 1 63
github.com/ShatteredRealms/go-backend/pkg/helpers/conversions.go:9.2,9.13 1 1
github.com/ShatteredRealms/go-backend/pkg/helpers/errors.go:8.63,9.16 1 0
github.com/ShatteredRealms/go-backend/pkg/helpers/errors.go:9.16,11.3 1 0
github.com/ShatteredRealms/go-backend/pkg/helpers/grpc.go:13.87,14.86 1 0
github.com/ShatteredRealms/go-backend/pkg/helpers/grpc.go:14.86,16.94 1 0
github.com/ShatteredRealms/go-backend/pkg/helpers/grpc.go:16.94,18.4 1 0
github.com/ShatteredRealms/go-backend/pkg/helpers/grpc.go:18.9,23.29 4 0
github.com/ShatteredRealms/go-backend/pkg/helpers/grpc.go:23.29,25.5 1 0
github.com/ShatteredRealms/go-backend/pkg/helpers/grpc.go:27.4,27.32 1 0
github.com/ShatteredRealms/go-backend/pkg/helpers/grpc.go:37.16,47.12 5 0
github.com/ShatteredRealms/go-backend/pkg/helpers/grpc.go:47.12,50.3 2 0
github.com/ShatteredRealms/go-backend/pkg/helpers/grpc.go:52.2,52.15 1 0
github.com/ShatteredRealms/go-backend/pkg/helpers/logging.go:10.20,24.2 4 0
github.com/ShatteredRealms/go-backend/pkg/helpers/srv.go:32.52,38.25 1 0
github.com/ShatteredRealms/go-backend/pkg/helpers/srv.go:38.25,41.3 2 0
github.com/ShatteredRealms/go-backend/pkg/helpers/srv.go:43.54,49.10 1 0
github.com/ShatteredRealms/go-backend/pkg/helpers/srv.go:49.10,52.3 2 0
github.com/ShatteredRealms/go-backend/pkg/helpers/srv.go:55.39,61.2 1 0
github.com/ShatteredRealms/go-backend/pkg/helpers/srv.go:63.67,65.2 1 0
github.com/ShatteredRealms/go-backend/pkg/helpers/srv.go:67.61,78.2 1 0
github.com/ShatteredRealms/go-backend/pkg/helpers/srv.go:80.56,81.16 1 1
github.com/ShatteredRealms/go-backend/pkg/helpers/srv.go:81.16,83.3 1 0
github.com/ShatteredRealms/go-backend/pkg/helpers/srv.go:85.2,86.15 2 1
github.com/ShatteredRealms/go-backend/pkg/helpers/srv.go:86.15,88.3 1 0
github.com/ShatteredRealms/go-backend/pkg/helpers/srv.go:90.2,90.50 1 1
github.com/ShatteredRealms/go-backend/pkg/helpers/srv.go:90.50,92.3 1 1
github.com/ShatteredRealms/go-backend/pkg/helpers/srv.go:94.2,94.44 1 0
github.com/ShatteredRealms/go-backend/pkg/helpers/srv.go:97.67,98.16 1 0
github.com/ShatteredRealms/go-backend/pkg/helpers/srv.go:98.16,100.3 1 0
github.com/ShatteredRealms/go-backend/pkg/helpers/srv.go:102.2,103.16 2 0
github.com/ShatteredRealms/go-backend/pkg/helpers/srv.go:103.16,105.3 1 0
github.com/ShatteredRealms/go-backend/pkg/helpers/srv.go:107.2,108.16 2 0
github.com/ShatteredRealms/go-backend/pkg/helpers/srv.go:108.16,111.3 2 0
github.com/ShatteredRealms/go-backend/pkg/helpers/srv.go:113.2,114.20 2 0
github.com/ShatteredRealms/go-backend/pkg/helpers/srv.go:117.121,118.16 1 0
github.com/ShatteredRealms/go-backend/pkg/helpers/srv.go:118.16,120.3 1 0
github.com/ShatteredRealms/go-backend/pkg/helpers/srv.go:122.2,122.19 1 0
github.com/ShatteredRealms/go-backend/pkg/helpers/srv.go:122.19,124.3 1 0
github.com/ShatteredRealms/go-backend/pkg/helpers/srv.go:126.2,127.16 2 0
github.com/ShatteredRealms/go-backend/pkg/helpers/srv.go:127.16,129.3 1 0
github.com/ShatteredRealms/go-backend/pkg/helpers/srv.go:131.2,139.16 3 0
github.com/ShatteredRealms/go-backend/pkg/helpers/srv.go:139.16,142.3 2 0
github.com/ShatteredRealms/go-backend/pkg/helpers/srv.go:144.2,144.18 1 0
github.com/ShatteredRealms/go-backend/pkg/helpers/srv.go:144.18,146.3 1 0
github.com/ShatteredRealms/go-backend/pkg/helpers/srv.go:148.2,148.28 1 0
github.com/ShatteredRealms/go-backend/pkg/helpers/uuid.go:9.59,11.39 2 0
github.com/ShatteredRealms/go-backend/pkg/helpers/uuid.go:11.39,13.17 2 0
github.com/ShatteredRealms/go-backend/pkg/helpers/uuid.go:13.17,15.4 1 0
github.com/ShatteredRealms/go-backend/pkg/helpers/uuid.go:16.3,16.17 1 0
github.com/ShatteredRealms/go-backend/pkg/helpers/uuid.go:19.2,19.17 1 0
github.com/ShatteredRealms/go-backend/pkg/helpers/auth.go:14.79,16.2 1 0
github.com/ShatteredRealms/go-backend/pkg/helpers/auth.go:18.85,26.2 2 2
github.com/ShatteredRealms/go-backend/pkg/helpers/auth.go:28.59,33.2 1 1
github.com/ShatteredRealms/go-backend/pkg/helpers/character.go:16.17,17.19 1 0
github.com/ShatteredRealms/go-backend/pkg/helpers/character.go:17.19,19.3 1 0
github.com/ShatteredRealms/go-backend/pkg/helpers/character.go:21.2,22.33 2 0
github.com/ShatteredRealms/go-backend/pkg/helpers/character.go:23.32,25.17 2 0
github.com/ShatteredRealms/go-backend/pkg/helpers/character.go:25.17,27.4 1 0
github.com/ShatteredRealms/go-backend/pkg/helpers/character.go:28.3,28.42 1 0
github.com/ShatteredRealms/go-backend/pkg/helpers/character.go:30.30,31.33 1 0
github.com/ShatteredRealms/go-backend/pkg/helpers/character.go:33.10,35.35 2 0
github.com/ShatteredRealms/go-backend/pkg/helpers/character.go:38.2,38.31 1 0
github.com/ShatteredRealms/go-backend/pkg/helpers/character.go:45.19,46.19 1 0
github.com/ShatteredRealms/go-backend/pkg/helpers/character.go:46.19,48.3 1 0
github.com/ShatteredRealms/go-backend/pkg/helpers/character.go:50.2,51.33 2 0
github.com/ShatteredRealms/go-backend/pkg/helpers/character.go:52.32,53.31 1 0
github.com/ShatteredRealms/go-backend/pkg/helpers/character.go:55.30,57.17 2 0
github.com/ShatteredRealms/go-backend/pkg/helpers/character.go:57.17,59.4 1 0
github.com/ShatteredRealms/go-backend/pkg/helpers/character.go:60.3,60.40 1 0
github.com/ShatteredRealms/go-backend/pkg/helpers/character.go:62.10,64.36 2 0
github.com/ShatteredRealms/go-backend/pkg/helpers/character.go:67.2,67.33 1 0
github.com/ShatteredRealms/go-backend/pkg/helpers/config.go:9.40,13.55 3 1
github.com/ShatteredRealms/go-backend/pkg/helpers/config.go:13.55,15.3 1 0
github.com/ShatteredRealms/go-backend/pkg/helpers/config.go:17.2,17.38 1 1
github.com/ShatteredRealms/go-backend/pkg/helpers/config.go:17.38,19.3 1 2
github.com/ShatteredRealms/go-backend/pkg/helpers/config.go:22.52,23.34 1 3
github.com/ShatteredRealms/go-backend/pkg/helpers/config.go:23.34,26.3 2 2
github.com/ShatteredRealms/go-backend/pkg/helpers/config.go:28.2,28.38 1 1
github.com/ShatteredRealms/go-backend/pkg/helpers/config.go:28.38,30.3 1 1
github.com/ShatteredRealms/go-backend/pkg/helpers/conversions.go:3.48,5.28 2 0
github.com/ShatteredRealms/go-backend/pkg/helpers/conversions.go:5.28,7.3 1 0
github.com/ShatteredRealms/go-backend/pkg/helpers/conversions.go:9.2,9.13 1 0
github.com/ShatteredRealms/go-backend/pkg/helpers/errors.go:8.63,9.16 1 4
github.com/ShatteredRealms/go-backend/pkg/helpers/errors.go:9.16,11.3 1 0
github.com/ShatteredRealms/go-backend/pkg/helpers/grpc.go:13.87,14.86 1 0
github.com/ShatteredRealms/go-backend/pkg/helpers/grpc.go:14.86,16.94 1 0
github.com/ShatteredRealms/go-backend/pkg/helpers/grpc.go:16.94,18.4 1 0
github.com/ShatteredRealms/go-backend/pkg/helpers/grpc.go:18.9,23.29 4 0
github.com/ShatteredRealms/go-backend/pkg/helpers/grpc.go:23.29,25.5 1 0
github.com/ShatteredRealms/go-backend/pkg/helpers/grpc.go:27.4,27.32 1 0
github.com/ShatteredRealms/go-backend/pkg/helpers/grpc.go:37.16,47.12 5 0
github.com/ShatteredRealms/go-backend/pkg/helpers/grpc.go:47.12,50.3 2 0
github.com/ShatteredRealms/go-backend/pkg/helpers/grpc.go:52.2,52.15 1 0
github.com/ShatteredRealms/go-backend/pkg/helpers/logging.go:10.20,24.2 4 0
github.com/ShatteredRealms/go-backend/pkg/helpers/srv.go:32.52,38.25 1 0
github.com/ShatteredRealms/go-backend/pkg/helpers/srv.go:38.25,41.3 2 0
github.com/ShatteredRealms/go-backend/pkg/helpers/srv.go:43.54,49.10 1 1
github.com/ShatteredRealms/go-backend/pkg/helpers/srv.go:49.10,52.3 2 1
github.com/ShatteredRealms/go-backend/pkg/helpers/srv.go:55.39,61.2 1 0
github.com/ShatteredRealms/go-backend/pkg/helpers/srv.go:63.67,65.2 1 0
github.com/ShatteredRealms/go-backend/pkg/helpers/srv.go:67.61,78.2 1 0
github.com/ShatteredRealms/go-backend/pkg/helpers/srv.go:80.56,81.16 1 2
github.com/ShatteredRealms/go-backend/pkg/helpers/srv.go:81.16,83.3 1 0
github.com/ShatteredRealms/go-backend/pkg/helpers/srv.go:85.2,86.15 2 2
github.com/ShatteredRealms/go-backend/pkg/helpers/srv.go:86.15,88.3 1 1
github.com/ShatteredRealms/go-backend/pkg/helpers/srv.go:90.2,90.50 1 1
github.com/ShatteredRealms/go-backend/pkg/helpers/srv.go:90.50,92.3 1 0
github.com/ShatteredRealms/go-backend/pkg/helpers/srv.go:94.2,94.44 1 1
github.com/ShatteredRealms/go-backend/pkg/helpers/srv.go:97.67,98.16 1 1
github.com/ShatteredRealms/go-backend/pkg/helpers/srv.go:98.16,100.3 1 0
github.com/ShatteredRealms/go-backend/pkg/helpers/srv.go:102.2,103.16 2 1
github.com/ShatteredRealms/go-backend/pkg/helpers/srv.go:103.16,105.3 1 0
github.com/ShatteredRealms/go-backend/pkg/helpers/srv.go:107.2,108.16 2 1
github.com/ShatteredRealms/go-backend/pkg/helpers/srv.go:108.16,111.3 2 1
github.com/ShatteredRealms/go-backend/pkg/helpers/srv.go:113.2,114.20 2 0
github.com/ShatteredRealms/go-backend/pkg/helpers/srv.go:117.121,118.16 1 0
github.com/ShatteredRealms/go-backend/pkg/helpers/srv.go:118.16,120.3 1 0
github.com/ShatteredRealms/go-backend/pkg/helpers/srv.go:122.2,122.19 1 0
github.com/ShatteredRealms/go-backend/pkg/helpers/srv.go:122.19,124.3 1 0
github.com/ShatteredRealms/go-backend/pkg/helpers/srv.go:126.2,127.16 2 0
github.com/ShatteredRealms/go-backend/pkg/helpers/srv.go:127.16,129.3 1 0
github.com/ShatteredRealms/go-backend/pkg/helpers/srv.go:131.2,139.16 3 0
github.com/ShatteredRealms/go-backend/pkg/helpers/srv.go:139.16,142.3 2 0
github.com/ShatteredRealms/go-backend/pkg/helpers/srv.go:144.2,144.18 1 0
github.com/ShatteredRealms/go-backend/pkg/helpers/srv.go:144.18,146.3 1 0
github.com/ShatteredRealms/go-backend/pkg/helpers/srv.go:148.2,148.28 1 0
github.com/ShatteredRealms/go-backend/pkg/helpers/uuid.go:9.59,11.39 2 0
github.com/ShatteredRealms/go-backend/pkg/helpers/uuid.go:11.39,13.17 2 0
github.com/ShatteredRealms/go-backend/pkg/helpers/uuid.go:13.17,15.4 1 0
github.com/ShatteredRealms/go-backend/pkg/helpers/uuid.go:16.3,16.17 1 0
github.com/ShatteredRealms/go-backend/pkg/helpers/uuid.go:19.2,19.17 1 0
github.com/ShatteredRealms/go-backend/pkg/helpers/auth.go:14.79,16.2 1 0
github.com/ShatteredRealms/go-backend/pkg/helpers/auth.go:18.85,26.2 2 0
github.com/ShatteredRealms/go-backend/pkg/helpers/auth.go:28.59,33.2 1 0
github.com/ShatteredRealms/go-backend/pkg/helpers/character.go:16.17,17.19 1 0
github.com/ShatteredRealms/go-backend/pkg/helpers/character.go:17.19,19.3 1 0
github.com/ShatteredRealms/go-backend/pkg/helpers/character.go:21.2,22.33 2 0
github.com/ShatteredRealms/go-backend/pkg/helpers/character.go:23.32,25.17 2 0
github.com/ShatteredRealms/go-backend/pkg/helpers/character.go:25.17,27.4 1 0
github.com/ShatteredRealms/go-backend/pkg/helpers/character.go:28.3,28.42 1 0
github.com/ShatteredRealms/go-backend/pkg/helpers/character.go:30.30,31.33 1 0
github.com/ShatteredRealms/go-backend/pkg/helpers/character.go:33.10,35.35 2 0
github.com/ShatteredRealms/go-backend/pkg/helpers/character.go:38.2,38.31 1 0
github.com/ShatteredRealms/go-backend/pkg/helpers/character.go:45.19,46.19 1 0
github.com/ShatteredRealms/go-backend/pkg/helpers/character.go:46.19,48.3 1 0
github.com/ShatteredRealms/go-backend/pkg/helpers/character.go:50.2,51.33 2 0
github.com/ShatteredRealms/go-backend/pkg/helpers/character.go:52.32,53.31 1 0
github.com/ShatteredRealms/go-backend/pkg/helpers/character.go:55.30,57.17 2 0
github.com/ShatteredRealms/go-backend/pkg/helpers/character.go:57.17,59.4 1 0
github.com/ShatteredRealms/go-backend/pkg/helpers/character.go:60.3,60.40 1 0
github.com/ShatteredRealms/go-backend/pkg/helpers/character.go:62.10,64.36 2 0
github.com/ShatteredRealms/go-backend/pkg/helpers/character.go:67.2,67.33 1 0
github.com/ShatteredRealms/go-backend/pkg/helpers/config.go:9.40,13.55 3 0
github.com/ShatteredRealms/go-backend/pkg/helpers/config.go:13.55,15.3 1 0
github.com/ShatteredRealms/go-backend/pkg/helpers/config.go:17.2,17.38 1 0
github.com/ShatteredRealms/go-backend/pkg/helpers/config.go:17.38,19.3 1 0
github.com/ShatteredRealms/go-backend/pkg/helpers/config.go:22.52,23.34 1 0
github.com/ShatteredRealms/go-backend/pkg/helpers/config.go:23.34,26.3 2 0
github.com/ShatteredRealms/go-backend/pkg/helpers/config.go:28.2,28.38 1 0
github.com/ShatteredRealms/go-backend/pkg/helpers/config.go:28.38,30.3 1 0
github.com/ShatteredRealms/go-backend/pkg/helpers/conversions.go:3.48,5.28 2 0
github.com/ShatteredRealms/go-backend/pkg/helpers/conversions.go:5.28,7.3 1 0
github.com/ShatteredRealms/go-backend/pkg/helpers/conversions.go:9.2,9.13 1 0
github.com/ShatteredRealms/go-backend/pkg/helpers/errors.go:8.63,9.16 1 0
github.com/ShatteredRealms/go-backend/pkg/helpers/errors.go:9.16,11.3 1 0
github.com/ShatteredRealms/go-backend/pkg/helpers/grpc.go:13.87,14.86 1 0
github.com/ShatteredRealms/go-backend/pkg/helpers/grpc.go:14.86,16.94 1 0
github.com/ShatteredRealms/go-backend/pkg/helpers/grpc.go:16.94,18.4 1 0
github.com/ShatteredRealms/go-backend/pkg/helpers/grpc.go:18.9,23.29 4 0
github.com/ShatteredRealms/go-backend/pkg/helpers/grpc.go:23.29,25.5 1 0
github.com/ShatteredRealms/go-backend/pkg/helpers/grpc.go:27.4,27.32 1 0
github.com/ShatteredRealms/go-backend/pkg/helpers/grpc.go:37.16,47.12 5 0
github.com/ShatteredRealms/go-backend/pkg/helpers/grpc.go:47.12,50.3 2 0
github.com/ShatteredRealms/go-backend/pkg/helpers/grpc.go:52.2,52.15 1 0
github.com/ShatteredRealms/go-backend/pkg/helpers/logging.go:10.20,24.2 4 0
github.com/ShatteredRealms/go-backend/pkg/helpers/srv.go:32.52,38.25 1 0
github.com/ShatteredRealms/go-backend/pkg/helpers/srv.go:38.25,41.3 2 0
github.com/ShatteredRealms/go-backend/pkg/helpers/srv.go:43.54,49.10 1 0
github.com/ShatteredRealms/go-backend/pkg/helpers/srv.go:49.10,52.3 2 0
github.com/ShatteredRealms/go-backend/pkg/helpers/srv.go:55.39,61.2 1 0
github.com/ShatteredRealms/go-backend/pkg/helpers/srv.go:63.67,65.2 1 0
github.com/ShatteredRealms/go-backend/pkg/helpers/srv.go:67.61,78.2 1 0
github.com/ShatteredRealms/go-backend/pkg/helpers/srv.go:80.56,81.16 1 1
github.com/ShatteredRealms/go-backend/pkg/helpers/srv.go:81.16,83.3 1 0
github.com/ShatteredRealms/go-backend/pkg/helpers/srv.go:85.2,86.15 2 1
github.com/ShatteredRealms/go-backend/pkg/helpers/srv.go:86.15,88.3 1 0
github.com/ShatteredRealms/go-backend/pkg/helpers/srv.go:90.2,90.50 1 1
github.com/ShatteredRealms/go-backend/pkg/helpers/srv.go:90.50,92.3 1 0
github.com/ShatteredRealms/go-backend/pkg/helpers/srv.go:94.2,94.44 1 1
github.com/ShatteredRealms/go-backend/pkg/helpers/srv.go:97.67,98.16 1 1
github.com/ShatteredRealms/go-backend/pkg/helpers/srv.go:98.16,100.3 1 0
github.com/ShatteredRealms/go-backend/pkg/helpers/srv.go:102.2,103.16 2 1
github.com/ShatteredRealms/go-backend/pkg/helpers/srv.go:103.16,105.3 1 0
github.com/ShatteredRealms/go-backend/pkg/helpers/srv.go:107.2,108.16 2 1
github.com/ShatteredRealms/go-backend/pkg/helpers/srv.go:108.16,111.3 2 0
github.com/ShatteredRealms/go-backend/pkg/helpers/srv.go:113.2,114.20 2 1
github.com/ShatteredRealms/go-backend/pkg/helpers/srv.go:117.121,118.16 1 0
github.com/ShatteredRealms/go-backend/pkg/helpers/srv.go:118.16,120.3 1 0
github.com/ShatteredRealms/go-backend/pkg/helpers/srv.go:122.2,122.19 1 0
github.com/ShatteredRealms/go-backend/pkg/helpers/srv.go:122.19,124.3 1 0
github.com/ShatteredRealms/go-backend/pkg/helpers/srv.go:126.2,127.16 2 0
github.com/ShatteredRealms/go-backend/pkg/helpers/srv.go:127.16,129.3 1 0
github.com/ShatteredRealms/go-backend/pkg/helpers/srv.go:131.2,139.16 3 0
github.com/ShatteredRealms/go-backend/pkg/helpers/srv.go:139.16,142.3 2 0
github.com/ShatteredRealms/go-backend/pkg/helpers/srv.go:144.2,144.18 1 0
github.com/ShatteredRealms/go-backend/pkg/helpers/srv.go:144.18,146.3 1 0
github.com/ShatteredRealms/go-backend/pkg/helpers/srv.go:148.2,148.28 1 0
github.com/ShatteredRealms/go-backend/pkg/helpers/uuid.go:9.59,11.39 2 0
github.com/ShatteredRealms/go-backend/pkg/helpers/uuid.go:11.39,13.17 2 0
github.com/ShatteredRealms/go-backend/pkg/helpers/uuid.go:13.17,15.4 1 0
github.com/ShatteredRealms/go-backend/pkg/helpers/uuid.go:16.3,16.17 1 0
github.com/ShatteredRealms/go-backend/pkg/helpers/uuid.go:19.2,19.17 1 0
